2023-08-30 06:37:46.798 [Debug] Loaded new formula from BaseExp * Power(Gain, Level).

--------------------------------------------------------------------------------
2023-08-30 06:37:46.809 [Debug] Loaded new formula from BaseExp * Power(Gain, Level).

--------------------------------------------------------------------------------
2023-08-30 06:37:50.965 [Warn] Directory was specified as a plugin directory but does not exist: 'resources\plugins'

--------------------------------------------------------------------------------
2023-08-30 06:37:50.966 [Info] Discovered 0 plugins:


--------------------------------------------------------------------------------
Listening on 0.0.0.0:5400.

--------------------------------------------------------------------------------
This server is accessible from the outside world, properly configured clients can connect.

--------------------------------------------------------------------------------
2023-08-30 06:37:52.324 [Debug] hail Time=19593874 Offset=63828954666183 Real=63828974260058

--------------------------------------------------------------------------------
2023-08-30 06:37:52.324 [Debug] local Time=1430 Offset=63828974270886 Real=63828974272317

--------------------------------------------------------------------------------
2023-08-30 06:37:52.324 [Debug] real delta=12259

--------------------------------------------------------------------------------
2023-08-30 06:37:52.324 [Debug] NCPing=-1000

--------------------------------------------------------------------------------
2023-08-30 06:37:52.360 [Info] Connection approved [0ec2f9e8-5b9a-458d-8055-ce333a4bb25c].

--------------------------------------------------------------------------------
2023-08-30 06:37:52.363 [Debug] Connection established to remote [0ec2f9e8-5b9a-458d-8055-ce333a4bb25c/127.0.0.1:51374].

--------------------------------------------------------------------------------
2023-08-30 06:37:52.363 [Info] Connected [0ec2f9e8-5b9a-458d-8055-ce333a4bb25c].

--------------------------------------------------------------------------------
2023-08-30 06:37:56.828 [Debug] hail Time=182 Offset=63828974276289 Real=63828974276472

--------------------------------------------------------------------------------
2023-08-30 06:37:56.828 [Debug] local Time=5929 Offset=63828974270886 Real=63828974276816

--------------------------------------------------------------------------------
2023-08-30 06:37:56.828 [Debug] real delta=344

--------------------------------------------------------------------------------
2023-08-30 06:37:56.828 [Debug] NCPing=-1000

--------------------------------------------------------------------------------
2023-08-30 06:37:56.829 [Info] Connection approved [672bcc47-c4df-4a91-b1ce-f9736b4ec9d0].

--------------------------------------------------------------------------------
2023-08-30 06:37:56.834 [Debug] Connection established to remote [672bcc47-c4df-4a91-b1ce-f9736b4ec9d0/127.0.0.1:60539].

--------------------------------------------------------------------------------
2023-08-30 06:37:56.834 [Info] Connected [672bcc47-c4df-4a91-b1ce-f9736b4ec9d0].

--------------------------------------------------------------------------------
2023-08-30 06:37:58.031 [Debug] hail Time=0 Offset=63828974277628 Real=63828974277628

--------------------------------------------------------------------------------
2023-08-30 06:37:58.031 [Debug] local Time=7132 Offset=63828974270886 Real=63828974278019

--------------------------------------------------------------------------------
2023-08-30 06:37:58.031 [Debug] real delta=390

--------------------------------------------------------------------------------
2023-08-30 06:37:58.031 [Debug] NCPing=-1000

--------------------------------------------------------------------------------
2023-08-30 06:37:58.032 [Info] Connection approved [25e6c8c4-0e2f-43a4-b715-d6a5ebbeeb08].

--------------------------------------------------------------------------------
2023-08-30 06:37:58.038 [Debug] Connection established to remote [25e6c8c4-0e2f-43a4-b715-d6a5ebbeeb08/127.0.0.1:60541].

--------------------------------------------------------------------------------
2023-08-30 06:37:58.038 [Info] Connected [25e6c8c4-0e2f-43a4-b715-d6a5ebbeeb08].

--------------------------------------------------------------------------------
2023-08-30 06:38:04.290 [Debug] Creating new instance with ID 00000000-0000-0000-0000-000000000000 for map Salida Sur de la granjisha

--------------------------------------------------------------------------------
2023-08-30 06:38:04.299 [Debug] Creating new instance with ID 00000000-0000-0000-0000-000000000000 for map Rio

--------------------------------------------------------------------------------
2023-08-30 06:38:04.299 [Debug] Creating new instance with ID 00000000-0000-0000-0000-000000000000 for map Entrada al puente

--------------------------------------------------------------------------------
2023-08-30 06:38:04.305 [Debug] Creating new instance with ID 00000000-0000-0000-0000-000000000000 for map granjisha

--------------------------------------------------------------------------------
2023-08-30 06:38:04.305 [Debug] Creating new instance with ID 00000000-0000-0000-0000-000000000000 for map New Map

--------------------------------------------------------------------------------
