2023-08-30 01:11:02.023 [Debug] Loaded new formula from BaseExp * Power(Gain, Level).

--------------------------------------------------------------------------------
2023-08-30 01:11:02.060 [Debug] Loaded new formula from BaseExp * Power(Gain, Level).

--------------------------------------------------------------------------------
2023-08-30 01:11:06.274 [Warn] Directory was specified as a plugin directory but does not exist: 'resources\plugins'

--------------------------------------------------------------------------------
2023-08-30 01:11:06.274 [Info] Discovered 0 plugins:


--------------------------------------------------------------------------------
Listening on 0.0.0.0:5400.

--------------------------------------------------------------------------------
This server is accessible from the outside world, properly configured clients can connect.

--------------------------------------------------------------------------------
2023-08-30 01:11:53.777 [Debug] hail Time=0 Offset=63828954713134 Real=63828954713135

--------------------------------------------------------------------------------
2023-08-30 01:11:53.777 [Debug] local Time=47602 Offset=63828954666167 Real=63828954713770

--------------------------------------------------------------------------------
2023-08-30 01:11:53.777 [Debug] real delta=635

--------------------------------------------------------------------------------
2023-08-30 01:11:53.777 [Debug] NCPing=-1000

--------------------------------------------------------------------------------
2023-08-30 01:11:53.815 [Info] Connection approved [85eae1f4-7fc8-4a30-9f0d-a8b1a1fbc7da].

--------------------------------------------------------------------------------
2023-08-30 01:11:53.821 [Debug] Connection established to remote [85eae1f4-7fc8-4a30-9f0d-a8b1a1fbc7da/127.0.0.1:62835].

--------------------------------------------------------------------------------
2023-08-30 01:11:53.822 [Info] Connected [85eae1f4-7fc8-4a30-9f0d-a8b1a1fbc7da].

--------------------------------------------------------------------------------
2023-08-30 01:11:58.025 [Debug] StatusChanged: [NetIncomingMessage #0 10 bytes] [Disconnected]

--------------------------------------------------------------------------------
2023-08-30 01:11:58.025 [Debug] Connection terminated to remote [85eae1f4-7fc8-4a30-9f0d-a8b1a1fbc7da/127.0.0.1:62835].

--------------------------------------------------------------------------------
2023-08-30 01:11:58.025 [Info] Disconnected [85eae1f4-7fc8-4a30-9f0d-a8b1a1fbc7da].

--------------------------------------------------------------------------------
2023-08-30 01:11:58.026 [Debug] Client disconnected ([menu])

--------------------------------------------------------------------------------
2023-08-30 01:13:23.483 [Debug] hail Time=0 Offset=63828954803095 Real=63828954803095

--------------------------------------------------------------------------------
2023-08-30 01:13:23.483 [Debug] local Time=137305 Offset=63828954666167 Real=63828954803473

--------------------------------------------------------------------------------
2023-08-30 01:13:23.483 [Debug] real delta=377

--------------------------------------------------------------------------------
2023-08-30 01:13:23.483 [Debug] NCPing=-1000

--------------------------------------------------------------------------------
2023-08-30 01:13:23.483 [Info] Connection approved [ab92ffe6-e8f5-4b0b-a266-08c65a13649b].

--------------------------------------------------------------------------------
2023-08-30 01:13:23.488 [Debug] Connection established to remote [ab92ffe6-e8f5-4b0b-a266-08c65a13649b/127.0.0.1:62072].

--------------------------------------------------------------------------------
2023-08-30 01:13:23.488 [Info] Connected [ab92ffe6-e8f5-4b0b-a266-08c65a13649b].

--------------------------------------------------------------------------------
2023-08-30 01:14:27.259 [Debug] hail Time=206 Offset=63828954866579 Real=63828954866786

--------------------------------------------------------------------------------
2023-08-30 01:14:27.259 [Debug] local Time=201086 Offset=63828954666167 Real=63828954867254

--------------------------------------------------------------------------------
2023-08-30 01:14:27.259 [Debug] real delta=467

--------------------------------------------------------------------------------
2023-08-30 01:14:27.259 [Debug] NCPing=-1000

--------------------------------------------------------------------------------
2023-08-30 01:14:27.259 [Info] Connection approved [78ca4ba1-f07f-49e0-b9c2-f9ff12bf6596].

--------------------------------------------------------------------------------
2023-08-30 01:14:27.266 [Debug] Connection established to remote [78ca4ba1-f07f-49e0-b9c2-f9ff12bf6596/127.0.0.1:55783].

--------------------------------------------------------------------------------
2023-08-30 01:14:27.266 [Info] Connected [78ca4ba1-f07f-49e0-b9c2-f9ff12bf6596].

--------------------------------------------------------------------------------
2023-08-30 01:14:32.301 [Debug] StatusChanged: [NetIncomingMessage #0 10 bytes] [Disconnected]

--------------------------------------------------------------------------------
2023-08-30 01:14:32.301 [Debug] Connection terminated to remote [ab92ffe6-e8f5-4b0b-a266-08c65a13649b/127.0.0.1:62072].

--------------------------------------------------------------------------------
2023-08-30 01:14:32.301 [Info] Disconnected [ab92ffe6-e8f5-4b0b-a266-08c65a13649b].

--------------------------------------------------------------------------------
2023-08-30 01:14:32.301 [Debug] Client disconnected (admin->[editor])

--------------------------------------------------------------------------------
2023-08-30 01:14:36.035 [Debug] Creating new instance with ID 00000000-0000-0000-0000-000000000000 for map granjisha

--------------------------------------------------------------------------------
2023-08-30 01:14:36.043 [Debug] Creating new instance with ID 00000000-0000-0000-0000-000000000000 for map Norte del sector madera

--------------------------------------------------------------------------------
2023-08-30 01:14:36.043 [Debug] Creating new instance with ID 00000000-0000-0000-0000-000000000000 for map Rio

--------------------------------------------------------------------------------
2023-08-30 01:14:36.043 [Debug] Creating new instance with ID 00000000-0000-0000-0000-000000000000 for map Entrada al puente

--------------------------------------------------------------------------------
2023-08-30 01:14:36.043 [Debug] Creating new instance with ID 00000000-0000-0000-0000-000000000000 for map Salida Sur de la granjisha

--------------------------------------------------------------------------------
2023-08-30 01:14:36.043 [Debug] Creating new instance with ID 00000000-0000-0000-0000-000000000000 for map New Map

--------------------------------------------------------------------------------
2023-08-30 01:15:15.786 [Debug] Creating new instance with ID 00000000-0000-0000-0000-000000000000 for map Sur al hongueo

--------------------------------------------------------------------------------
2023-08-30 01:17:50.880 [Debug] hail Time=0 Offset=63828955070498 Real=63828955070499

--------------------------------------------------------------------------------
2023-08-30 01:17:50.880 [Debug] local Time=404712 Offset=63828954666167 Real=63828955070880

--------------------------------------------------------------------------------
2023-08-30 01:17:50.880 [Debug] real delta=380

--------------------------------------------------------------------------------
2023-08-30 01:17:50.880 [Debug] NCPing=-1000

--------------------------------------------------------------------------------
2023-08-30 01:17:50.880 [Info] Connection approved [d29df530-4ed2-42d7-b968-9f3b453942c9].

--------------------------------------------------------------------------------
2023-08-30 01:17:50.885 [Debug] Connection established to remote [d29df530-4ed2-42d7-b968-9f3b453942c9/127.0.0.1:63069].

--------------------------------------------------------------------------------
2023-08-30 01:17:50.886 [Info] Connected [d29df530-4ed2-42d7-b968-9f3b453942c9].

--------------------------------------------------------------------------------
2023-08-30 01:34:47.917 [Debug] StatusChanged: [NetIncomingMessage #0 10 bytes] [Disconnected]

--------------------------------------------------------------------------------
2023-08-30 01:34:47.917 [Debug] Connection terminated to remote [d29df530-4ed2-42d7-b968-9f3b453942c9/127.0.0.1:63069].

--------------------------------------------------------------------------------
2023-08-30 01:34:47.917 [Info] Disconnected [d29df530-4ed2-42d7-b968-9f3b453942c9].

--------------------------------------------------------------------------------
2023-08-30 01:34:47.917 [Debug] Client disconnected (admin->[editor])

--------------------------------------------------------------------------------
2023-08-30 01:35:12.523 [Debug] hail Time=0 Offset=63828956112136 Real=63828956112136

--------------------------------------------------------------------------------
2023-08-30 01:35:12.523 [Debug] local Time=1446352 Offset=63828954666167 Real=63828956112519

--------------------------------------------------------------------------------
2023-08-30 01:35:12.523 [Debug] real delta=383

--------------------------------------------------------------------------------
2023-08-30 01:35:12.523 [Debug] NCPing=-1000

--------------------------------------------------------------------------------
2023-08-30 01:35:12.523 [Info] Connection approved [79cf780b-e2a8-4b4d-a2a4-e0a571c2544f].

--------------------------------------------------------------------------------
2023-08-30 01:35:12.528 [Debug] Connection established to remote [79cf780b-e2a8-4b4d-a2a4-e0a571c2544f/127.0.0.1:50699].

--------------------------------------------------------------------------------
2023-08-30 01:35:12.528 [Info] Connected [79cf780b-e2a8-4b4d-a2a4-e0a571c2544f].

--------------------------------------------------------------------------------
2023-08-30 01:54:10.397 [Debug] StatusChanged: [NetIncomingMessage #0 10 bytes] [Disconnected]

--------------------------------------------------------------------------------
2023-08-30 01:54:10.397 [Debug] Connection terminated to remote [79cf780b-e2a8-4b4d-a2a4-e0a571c2544f/127.0.0.1:50699].

--------------------------------------------------------------------------------
2023-08-30 01:54:10.397 [Info] Disconnected [79cf780b-e2a8-4b4d-a2a4-e0a571c2544f].

--------------------------------------------------------------------------------
2023-08-30 01:54:10.397 [Debug] Client disconnected (admin->[editor])

--------------------------------------------------------------------------------
2023-08-30 01:54:17.257 [Debug] hail Time=0 Offset=63828957256855 Real=63828957256855

--------------------------------------------------------------------------------
2023-08-30 01:54:17.257 [Debug] local Time=2591086 Offset=63828954666167 Real=63828957257254

--------------------------------------------------------------------------------
2023-08-30 01:54:17.257 [Debug] real delta=398

--------------------------------------------------------------------------------
2023-08-30 01:54:17.257 [Debug] NCPing=-1000

--------------------------------------------------------------------------------
2023-08-30 01:54:17.258 [Info] Connection approved [2b5089e7-dbdd-41b0-92c2-065b5fc09ed5].

--------------------------------------------------------------------------------
2023-08-30 01:54:17.262 [Debug] Connection established to remote [2b5089e7-dbdd-41b0-92c2-065b5fc09ed5/127.0.0.1:52325].

--------------------------------------------------------------------------------
2023-08-30 01:54:17.262 [Info] Connected [2b5089e7-dbdd-41b0-92c2-065b5fc09ed5].

--------------------------------------------------------------------------------
2023-08-30 01:55:22.553 [Debug] hail Time=0 Offset=63828957322160 Real=63828957322160

--------------------------------------------------------------------------------
2023-08-30 01:55:22.553 [Debug] local Time=2656383 Offset=63828954666167 Real=63828957322551

--------------------------------------------------------------------------------
2023-08-30 01:55:22.553 [Debug] real delta=390

--------------------------------------------------------------------------------
2023-08-30 01:55:22.553 [Debug] NCPing=-1000

--------------------------------------------------------------------------------
2023-08-30 01:55:22.554 [Info] Connection approved [ac82b92a-c7e9-46ce-8a02-166918f1bdd8].

--------------------------------------------------------------------------------
2023-08-30 01:55:22.560 [Debug] Connection established to remote [ac82b92a-c7e9-46ce-8a02-166918f1bdd8/127.0.0.1:58777].

--------------------------------------------------------------------------------
2023-08-30 01:55:22.560 [Info] Connected [ac82b92a-c7e9-46ce-8a02-166918f1bdd8].

--------------------------------------------------------------------------------
2023-08-30 01:55:23.099 [Debug] StatusChanged: [NetIncomingMessage #1 10 bytes] [Disconnecting]

--------------------------------------------------------------------------------
2023-08-30 01:55:23.100 [Debug] StatusChanged: [NetIncomingMessage #0 10 bytes] [Disconnected]

--------------------------------------------------------------------------------
2023-08-30 01:55:23.100 [Debug] Connection terminated to remote [2b5089e7-dbdd-41b0-92c2-065b5fc09ed5/127.0.0.1:52325].

--------------------------------------------------------------------------------
2023-08-30 01:55:23.100 [Info] Disconnected [2b5089e7-dbdd-41b0-92c2-065b5fc09ed5].

--------------------------------------------------------------------------------
2023-08-30 01:58:24.916 [Debug] StatusChanged: [NetIncomingMessage #0 10 bytes] [Disconnected]

--------------------------------------------------------------------------------
2023-08-30 01:58:24.916 [Debug] Connection terminated to remote [ac82b92a-c7e9-46ce-8a02-166918f1bdd8/127.0.0.1:58777].

--------------------------------------------------------------------------------
2023-08-30 01:58:24.916 [Info] Disconnected [ac82b92a-c7e9-46ce-8a02-166918f1bdd8].

--------------------------------------------------------------------------------
2023-08-30 01:58:24.916 [Debug] Client disconnected (admin->[editor])

--------------------------------------------------------------------------------
2023-08-30 01:58:36.143 [Debug] hail Time=0 Offset=63828957515758 Real=63828957515759

--------------------------------------------------------------------------------
2023-08-30 01:58:36.144 [Debug] local Time=2849961 Offset=63828954666167 Real=63828957516129

--------------------------------------------------------------------------------
2023-08-30 01:58:36.144 [Debug] real delta=370

--------------------------------------------------------------------------------
2023-08-30 01:58:36.144 [Debug] NCPing=-1000

--------------------------------------------------------------------------------
2023-08-30 01:58:36.144 [Info] Connection approved [7606d0fe-c00a-49bc-9c7f-a1c8c8d63f3d].

--------------------------------------------------------------------------------
2023-08-30 01:58:36.150 [Debug] Connection established to remote [7606d0fe-c00a-49bc-9c7f-a1c8c8d63f3d/127.0.0.1:59485].

--------------------------------------------------------------------------------
2023-08-30 01:58:36.150 [Info] Connected [7606d0fe-c00a-49bc-9c7f-a1c8c8d63f3d].

--------------------------------------------------------------------------------
2023-08-30 05:23:05.762 [Debug] StatusChanged: [NetIncomingMessage #446 10 bytes] [Disconnected]

--------------------------------------------------------------------------------
2023-08-30 05:23:05.762 [Debug] Connection terminated to remote [7606d0fe-c00a-49bc-9c7f-a1c8c8d63f3d/127.0.0.1:59485].

--------------------------------------------------------------------------------
2023-08-30 05:23:05.762 [Info] Disconnected [7606d0fe-c00a-49bc-9c7f-a1c8c8d63f3d].

--------------------------------------------------------------------------------
2023-08-30 05:23:05.762 [Debug] Client disconnected (admin->[editor])

--------------------------------------------------------------------------------
2023-08-30 05:23:54.423 [Debug] hail Time=0 Offset=63828969834004 Real=63828969834005

--------------------------------------------------------------------------------
2023-08-30 05:23:54.423 [Debug] local Time=15168242 Offset=63828954666167 Real=63828969834410

--------------------------------------------------------------------------------
2023-08-30 05:23:54.423 [Debug] real delta=404

--------------------------------------------------------------------------------
2023-08-30 05:23:54.423 [Debug] NCPing=-1000

--------------------------------------------------------------------------------
2023-08-30 05:23:54.423 [Info] Connection approved [b8123d05-29cd-43ea-bea0-ba47037de20a].

--------------------------------------------------------------------------------
2023-08-30 05:23:54.429 [Debug] Connection established to remote [b8123d05-29cd-43ea-bea0-ba47037de20a/127.0.0.1:60470].

--------------------------------------------------------------------------------
2023-08-30 05:23:54.429 [Info] Connected [b8123d05-29cd-43ea-bea0-ba47037de20a].

--------------------------------------------------------------------------------
2023-08-30 05:25:48.114 [Debug] StatusChanged: [NetIncomingMessage #0 10 bytes] [Disconnected]

--------------------------------------------------------------------------------
2023-08-30 05:25:48.114 [Debug] Connection terminated to remote [b8123d05-29cd-43ea-bea0-ba47037de20a/127.0.0.1:60470].

--------------------------------------------------------------------------------
2023-08-30 05:25:48.114 [Info] Disconnected [b8123d05-29cd-43ea-bea0-ba47037de20a].

--------------------------------------------------------------------------------
2023-08-30 05:25:48.114 [Debug] Client disconnected (admin->[editor])

--------------------------------------------------------------------------------
2023-08-30 05:25:51.864 [Debug] hail Time=0 Offset=63828969951471 Real=63828969951471

--------------------------------------------------------------------------------
2023-08-30 05:25:51.864 [Debug] local Time=15285696 Offset=63828954666167 Real=63828969951864

--------------------------------------------------------------------------------
2023-08-30 05:25:51.864 [Debug] real delta=392

--------------------------------------------------------------------------------
2023-08-30 05:25:51.864 [Debug] NCPing=-1000

--------------------------------------------------------------------------------
2023-08-30 05:25:51.864 [Info] Connection approved [307ced60-01be-4e03-b82c-77e770a59a98].

--------------------------------------------------------------------------------
2023-08-30 05:25:51.870 [Debug] Connection established to remote [307ced60-01be-4e03-b82c-77e770a59a98/127.0.0.1:55759].

--------------------------------------------------------------------------------
2023-08-30 05:25:51.870 [Info] Connected [307ced60-01be-4e03-b82c-77e770a59a98].

--------------------------------------------------------------------------------
2023-08-30 05:39:49.561 [Debug] StatusChanged: [NetIncomingMessage #0 10 bytes] [Disconnected]

--------------------------------------------------------------------------------
2023-08-30 05:39:49.561 [Debug] Connection terminated to remote [307ced60-01be-4e03-b82c-77e770a59a98/127.0.0.1:55759].

--------------------------------------------------------------------------------
2023-08-30 05:39:49.561 [Info] Disconnected [307ced60-01be-4e03-b82c-77e770a59a98].

--------------------------------------------------------------------------------
2023-08-30 05:39:49.561 [Debug] Client disconnected (admin->[editor])

--------------------------------------------------------------------------------
2023-08-30 05:39:54.669 [Debug] hail Time=0 Offset=63828970794273 Real=63828970794273

--------------------------------------------------------------------------------
2023-08-30 05:39:54.669 [Debug] local Time=16128492 Offset=63828954666167 Real=63828970794660

--------------------------------------------------------------------------------
2023-08-30 05:39:54.669 [Debug] real delta=387

--------------------------------------------------------------------------------
2023-08-30 05:39:54.669 [Debug] NCPing=-1000

--------------------------------------------------------------------------------
2023-08-30 05:39:54.669 [Info] Connection approved [38cc263b-5324-4dc8-9338-ac0f95a07c28].

--------------------------------------------------------------------------------
2023-08-30 05:39:54.675 [Debug] Connection established to remote [38cc263b-5324-4dc8-9338-ac0f95a07c28/127.0.0.1:62834].

--------------------------------------------------------------------------------
2023-08-30 05:39:54.675 [Info] Connected [38cc263b-5324-4dc8-9338-ac0f95a07c28].

--------------------------------------------------------------------------------
2023-08-30 05:40:57.513 [Debug] StatusChanged: [NetIncomingMessage #0 10 bytes] [Disconnected]

--------------------------------------------------------------------------------
2023-08-30 05:40:57.513 [Debug] Connection terminated to remote [38cc263b-5324-4dc8-9338-ac0f95a07c28/127.0.0.1:62834].

--------------------------------------------------------------------------------
2023-08-30 05:40:57.513 [Info] Disconnected [38cc263b-5324-4dc8-9338-ac0f95a07c28].

--------------------------------------------------------------------------------
2023-08-30 05:40:57.513 [Debug] Client disconnected (admin->[editor])

--------------------------------------------------------------------------------
2023-08-30 05:41:26.376 [Debug] hail Time=0 Offset=63828970885983 Real=63828970885983

--------------------------------------------------------------------------------
2023-08-30 05:41:26.376 [Debug] local Time=16220196 Offset=63828954666167 Real=63828970886364

--------------------------------------------------------------------------------
2023-08-30 05:41:26.376 [Debug] real delta=380

--------------------------------------------------------------------------------
2023-08-30 05:41:26.376 [Debug] NCPing=-1000

--------------------------------------------------------------------------------
2023-08-30 05:41:26.376 [Info] Connection approved [2e4fa9fd-e566-4570-bf52-f74b9e21f479].

--------------------------------------------------------------------------------
2023-08-30 05:41:26.382 [Debug] Connection established to remote [2e4fa9fd-e566-4570-bf52-f74b9e21f479/127.0.0.1:55484].

--------------------------------------------------------------------------------
2023-08-30 05:41:26.382 [Info] Connected [2e4fa9fd-e566-4570-bf52-f74b9e21f479].

--------------------------------------------------------------------------------
2023-08-30 05:49:14.899 [Debug] StatusChanged: [NetIncomingMessage #722 14 bytes] [Disconnected]

--------------------------------------------------------------------------------
2023-08-30 05:49:14.900 [Debug] Connection terminated to remote [78ca4ba1-f07f-49e0-b9c2-f9ff12bf6596/127.0.0.1:55783].

--------------------------------------------------------------------------------
2023-08-30 05:49:14.900 [Info] Disconnected [78ca4ba1-f07f-49e0-b9c2-f9ff12bf6596].

--------------------------------------------------------------------------------
2023-08-30 05:49:14.900 [Debug] Client disconnected (admin->admin)

--------------------------------------------------------------------------------
2023-08-30 05:49:17.341 [Debug] StatusChanged: [NetIncomingMessage #724 10 bytes] [Disconnected]

--------------------------------------------------------------------------------
2023-08-30 05:49:17.341 [Debug] Connection terminated to remote [2e4fa9fd-e566-4570-bf52-f74b9e21f479/127.0.0.1:55484].

--------------------------------------------------------------------------------
2023-08-30 05:49:17.341 [Info] Disconnected [2e4fa9fd-e566-4570-bf52-f74b9e21f479].

--------------------------------------------------------------------------------
2023-08-30 05:49:17.341 [Debug] Client disconnected (admin->[editor])

--------------------------------------------------------------------------------
2023-08-30 05:49:20.995 [Debug] hail Time=0 Offset=63828971360606 Real=63828971360606

--------------------------------------------------------------------------------
2023-08-30 05:49:20.995 [Debug] local Time=16694822 Offset=63828954666167 Real=63828971360989

--------------------------------------------------------------------------------
2023-08-30 05:49:20.995 [Debug] real delta=382

--------------------------------------------------------------------------------
2023-08-30 05:49:20.995 [Debug] NCPing=-1000

--------------------------------------------------------------------------------
2023-08-30 05:49:20.995 [Info] Connection approved [04ccc05b-16c2-43ff-9b7a-bc37c49b6f05].

--------------------------------------------------------------------------------
2023-08-30 05:49:21.001 [Debug] Connection established to remote [04ccc05b-16c2-43ff-9b7a-bc37c49b6f05/127.0.0.1:55181].

--------------------------------------------------------------------------------
2023-08-30 05:49:21.001 [Info] Connected [04ccc05b-16c2-43ff-9b7a-bc37c49b6f05].

--------------------------------------------------------------------------------
2023-08-30 05:49:52.839 [Debug] StatusChanged: [NetIncomingMessage #0 10 bytes] [Disconnected]

--------------------------------------------------------------------------------
2023-08-30 05:49:52.839 [Debug] Connection terminated to remote [04ccc05b-16c2-43ff-9b7a-bc37c49b6f05/127.0.0.1:55181].

--------------------------------------------------------------------------------
2023-08-30 05:49:52.839 [Info] Disconnected [04ccc05b-16c2-43ff-9b7a-bc37c49b6f05].

--------------------------------------------------------------------------------
2023-08-30 05:49:52.839 [Debug] Client disconnected (admin->[editor])

--------------------------------------------------------------------------------
2023-08-30 05:50:11.017 [Debug] hail Time=0 Offset=63828971410627 Real=63828971410627

--------------------------------------------------------------------------------
2023-08-30 05:50:11.017 [Debug] local Time=16744836 Offset=63828954666167 Real=63828971411004

--------------------------------------------------------------------------------
2023-08-30 05:50:11.017 [Debug] real delta=377

--------------------------------------------------------------------------------
2023-08-30 05:50:11.017 [Debug] NCPing=-1000

--------------------------------------------------------------------------------
2023-08-30 05:50:11.017 [Info] Connection approved [3b4f1432-672e-48e0-b5a1-8726f7674c79].

--------------------------------------------------------------------------------
2023-08-30 05:50:11.022 [Debug] Connection established to remote [3b4f1432-672e-48e0-b5a1-8726f7674c79/127.0.0.1:59095].

--------------------------------------------------------------------------------
2023-08-30 05:50:11.022 [Info] Connected [3b4f1432-672e-48e0-b5a1-8726f7674c79].

--------------------------------------------------------------------------------
2023-08-30 05:50:53.002 [Debug] StatusChanged: [NetIncomingMessage #0 10 bytes] [Disconnected]

--------------------------------------------------------------------------------
2023-08-30 05:50:53.002 [Debug] Connection terminated to remote [3b4f1432-672e-48e0-b5a1-8726f7674c79/127.0.0.1:59095].

--------------------------------------------------------------------------------
2023-08-30 05:50:53.002 [Info] Disconnected [3b4f1432-672e-48e0-b5a1-8726f7674c79].

--------------------------------------------------------------------------------
2023-08-30 05:50:53.002 [Debug] Client disconnected (admin->[editor])

--------------------------------------------------------------------------------
2023-08-30 05:51:01.284 [Debug] hail Time=0 Offset=63828971460893 Real=63828971460894

--------------------------------------------------------------------------------
2023-08-30 05:51:01.284 [Debug] local Time=16795102 Offset=63828954666167 Real=63828971461270

--------------------------------------------------------------------------------
2023-08-30 05:51:01.284 [Debug] real delta=376

--------------------------------------------------------------------------------
2023-08-30 05:51:01.284 [Debug] NCPing=-1000

--------------------------------------------------------------------------------
2023-08-30 05:51:01.284 [Info] Connection approved [db32f2dc-fbeb-4686-bf8f-bc191b9bcaae].

--------------------------------------------------------------------------------
2023-08-30 05:51:01.289 [Debug] Connection established to remote [db32f2dc-fbeb-4686-bf8f-bc191b9bcaae/127.0.0.1:53212].

--------------------------------------------------------------------------------
2023-08-30 05:51:01.289 [Info] Connected [db32f2dc-fbeb-4686-bf8f-bc191b9bcaae].

--------------------------------------------------------------------------------
2023-08-30 05:51:27.959 [Debug] hail Time=253 Offset=63828971487254 Real=63828971487508

--------------------------------------------------------------------------------
2023-08-30 05:51:27.959 [Debug] local Time=16821790 Offset=63828954666167 Real=63828971487958

--------------------------------------------------------------------------------
2023-08-30 05:51:27.959 [Debug] real delta=450

--------------------------------------------------------------------------------
2023-08-30 05:51:27.959 [Debug] NCPing=-1000

--------------------------------------------------------------------------------
2023-08-30 05:51:27.959 [Info] Connection approved [10e04e53-18e2-45aa-970b-08fb13df1cce].

--------------------------------------------------------------------------------
2023-08-30 05:51:27.965 [Debug] Connection established to remote [10e04e53-18e2-45aa-970b-08fb13df1cce/127.0.0.1:53506].

--------------------------------------------------------------------------------
2023-08-30 05:51:27.965 [Info] Connected [10e04e53-18e2-45aa-970b-08fb13df1cce].

--------------------------------------------------------------------------------
