2023-08-27 23:57:57.148 [Debug] Loaded new formula from BaseExp * Power(Gain, Level).

--------------------------------------------------------------------------------
2023-08-27 23:57:57.159 [Debug] Loaded new formula from BaseExp * Power(Gain, Level).

--------------------------------------------------------------------------------
2023-08-27 23:58:00.990 [Warn] Directory was specified as a plugin directory but does not exist: 'resources\plugins'

--------------------------------------------------------------------------------
2023-08-27 23:58:00.990 [Info] Discovered 0 plugins:


--------------------------------------------------------------------------------
Listening on 0.0.0.0:5400.

--------------------------------------------------------------------------------
This server reporting an invalid player count and may not be accessible, please see the Port Forwarding documentation for more information: https://docs.freemmorpgmaker.com/en-US/deploy/forwarding/

--------------------------------------------------------------------------------
Port 5400 is not open, trying UPnP...

--------------------------------------------------------------------------------
UPnP Service Initialization Failed. You might not have a router, or UPnP on your router might be disabled.
NatDeviceNotFoundException: Se produjo una excepción de tipo 'Open.Nat.NatDeviceNotFoundException'.
    Stack:    en Open.Nat.NatDiscoverer.<DiscoverDeviceAsync>d__5.MoveNext()
--- Fin del seguimiento de la pila de la ubicación anterior donde se produjo la excepción ---
   en System.Runtime.ExceptionServices.ExceptionDispatchInfo.Throw()
   en System.Runtime.CompilerServices.TaskAwaiter.HandleNonSuccessAndDebuggerNotification(Task task)
   en System.Runtime.CompilerServices.TaskAwaiter`1.GetResult()
   en Intersect.Server.Networking.Helpers.UpnP.<ConnectNatDevice>d__4.MoveNext()


--------------------------------------------------------------------------------
UPnP failed, please verify the server status manually using a client.

--------------------------------------------------------------------------------
2023-08-28 00:00:44.838 [Debug] hail Time=173 Offset=63828777644129 Real=63828777644302

--------------------------------------------------------------------------------
2023-08-28 00:00:44.838 [Debug] local Time=163905 Offset=63828777480929 Real=63828777644835

--------------------------------------------------------------------------------
2023-08-28 00:00:44.838 [Debug] real delta=533

--------------------------------------------------------------------------------
2023-08-28 00:00:44.838 [Debug] NCPing=-1000

--------------------------------------------------------------------------------
2023-08-28 00:00:44.874 [Info] Connection approved [86aa1571-ecdb-4a1d-9617-de17928571d1].

--------------------------------------------------------------------------------
2023-08-28 00:00:44.890 [Debug] Connection established to remote [86aa1571-ecdb-4a1d-9617-de17928571d1/127.0.0.1:55109].

--------------------------------------------------------------------------------
2023-08-28 00:00:44.890 [Info] Connected [86aa1571-ecdb-4a1d-9617-de17928571d1].

--------------------------------------------------------------------------------
2023-08-28 00:00:50.908 [Debug] Creating new instance with ID 00000000-0000-0000-0000-000000000000 for map granjisha

--------------------------------------------------------------------------------
2023-08-28 00:00:50.916 [Debug] Creating new instance with ID 00000000-0000-0000-0000-000000000000 for map New Map

--------------------------------------------------------------------------------
2023-08-28 00:02:33.803 [Debug] hail Time=0 Offset=63828777753414 Real=63828777753414

--------------------------------------------------------------------------------
2023-08-28 00:02:33.803 [Debug] local Time=272867 Offset=63828777480929 Real=63828777753797

--------------------------------------------------------------------------------
2023-08-28 00:02:33.803 [Debug] real delta=382

--------------------------------------------------------------------------------
2023-08-28 00:02:33.803 [Debug] NCPing=-1000

--------------------------------------------------------------------------------
2023-08-28 00:02:33.803 [Info] Connection approved [f8dc1b16-fb34-40c7-b275-c089ecd8fd8e].

--------------------------------------------------------------------------------
2023-08-28 00:02:33.817 [Debug] Connection established to remote [f8dc1b16-fb34-40c7-b275-c089ecd8fd8e/127.0.0.1:61995].

--------------------------------------------------------------------------------
2023-08-28 00:02:33.817 [Info] Connected [f8dc1b16-fb34-40c7-b275-c089ecd8fd8e].

--------------------------------------------------------------------------------
2023-08-28 00:19:38.299 [Debug] Creating new instance with ID 00000000-0000-0000-0000-000000000000 for map New Map

--------------------------------------------------------------------------------
2023-08-28 00:20:18.604 [Debug] Creating new instance with ID 00000000-0000-0000-0000-000000000000 for map New Map

--------------------------------------------------------------------------------
2023-08-28 00:35:22.637 [Debug] Creating new instance with ID 00000000-0000-0000-0000-000000000000 for map New Map

--------------------------------------------------------------------------------
2023-08-28 00:35:32.130 [Debug] Creating new instance with ID 00000000-0000-0000-0000-000000000000 for map New Map

--------------------------------------------------------------------------------
2023-08-28 00:35:38.673 [Debug] Creating new instance with ID 00000000-0000-0000-0000-000000000000 for map New Map

--------------------------------------------------------------------------------
2023-08-28 00:35:50.044 [Debug] Creating new instance with ID 00000000-0000-0000-0000-000000000000 for map New Map

--------------------------------------------------------------------------------
2023-08-28 00:35:56.186 [Debug] Creating new instance with ID 00000000-0000-0000-0000-000000000000 for map New Map

--------------------------------------------------------------------------------
2023-08-28 00:38:58.156 [Debug] StatusChanged: [NetIncomingMessage #0 10 bytes] [Disconnected]

--------------------------------------------------------------------------------
2023-08-28 00:38:58.156 [Debug] Connection terminated to remote [f8dc1b16-fb34-40c7-b275-c089ecd8fd8e/127.0.0.1:61995].

--------------------------------------------------------------------------------
2023-08-28 00:38:58.156 [Info] Disconnected [f8dc1b16-fb34-40c7-b275-c089ecd8fd8e].

--------------------------------------------------------------------------------
2023-08-28 00:38:58.157 [Debug] Client disconnected (Grainne->[editor])

--------------------------------------------------------------------------------
2023-08-28 00:39:13.314 [Debug] StatusChanged: [NetIncomingMessage #0 14 bytes] [Disconnected]

--------------------------------------------------------------------------------
2023-08-28 00:39:13.314 [Debug] Connection terminated to remote [86aa1571-ecdb-4a1d-9617-de17928571d1/127.0.0.1:55109].

--------------------------------------------------------------------------------
2023-08-28 00:39:13.314 [Info] Disconnected [86aa1571-ecdb-4a1d-9617-de17928571d1].

--------------------------------------------------------------------------------
2023-08-28 00:39:13.314 [Debug] Client disconnected (Grainne->daun)

--------------------------------------------------------------------------------
2023-08-28 00:39:15.741 [Info] Acquiring context lock... (0ms)

--------------------------------------------------------------------------------
2023-08-28 00:39:15.741 [Info] Acquired. (0ms)

--------------------------------------------------------------------------------
2023-08-28 00:39:15.742 [Info] Beginning context dispose. (0ms)

--------------------------------------------------------------------------------
2023-08-28 00:39:15.742 [Info] Disposing network... (0ms)

--------------------------------------------------------------------------------
2023-08-28 00:39:15.743 [Info] Saving updated server variable values

--------------------------------------------------------------------------------
2023-08-28 00:39:15.743 [Info] Saving online users/players... (1ms)

--------------------------------------------------------------------------------
2023-08-28 00:39:15.744 [Info] Saving loaded guilds....

--------------------------------------------------------------------------------
2023-08-28 00:39:15.744 [Info] Online users/players saved. (1ms)

--------------------------------------------------------------------------------
2023-08-28 00:39:15.744 [Info] Shutting down the API... (1ms)

--------------------------------------------------------------------------------
2023-08-28 00:39:15.744 [Info] Shutting down the console thread... (1ms)

--------------------------------------------------------------------------------
2023-08-28 00:39:16.748 [Info] Base dispose. (1005ms)

--------------------------------------------------------------------------------
2023-08-28 00:39:16.748 [Info] Finished disposing server context. (1005ms)

--------------------------------------------------------------------------------
