2023-08-30 06:38:33.079 [Debug] Loaded new formula from BaseExp * Power(Gain, Level).

--------------------------------------------------------------------------------
2023-08-30 06:38:33.085 [Debug] Loaded new formula from BaseExp * Power(Gain, Level).

--------------------------------------------------------------------------------
2023-08-30 06:38:36.730 [Warn] Directory was specified as a plugin directory but does not exist: 'resources\plugins'

--------------------------------------------------------------------------------
2023-08-30 06:38:36.730 [Info] Discovered 0 plugins:


--------------------------------------------------------------------------------
Listening on 0.0.0.0:5400.

--------------------------------------------------------------------------------
This server is accessible from the outside world, properly configured clients can connect.

--------------------------------------------------------------------------------
2023-08-30 06:38:37.772 [Debug] hail Time=0 Offset=63828974317155 Real=63828974317155

--------------------------------------------------------------------------------
2023-08-30 06:38:37.772 [Debug] local Time=1106 Offset=63828974316663 Real=63828974317770

--------------------------------------------------------------------------------
2023-08-30 06:38:37.772 [Debug] real delta=614

--------------------------------------------------------------------------------
2023-08-30 06:38:37.772 [Debug] NCPing=-1000

--------------------------------------------------------------------------------
2023-08-30 06:38:37.809 [Info] Connection approved [7820a6ba-65f9-4c8e-9af8-46f824d2e80c].

--------------------------------------------------------------------------------
2023-08-30 06:38:37.816 [Debug] Connection established to remote [7820a6ba-65f9-4c8e-9af8-46f824d2e80c/127.0.0.1:52714].

--------------------------------------------------------------------------------
2023-08-30 06:38:37.816 [Info] Connected [7820a6ba-65f9-4c8e-9af8-46f824d2e80c].

--------------------------------------------------------------------------------
2023-08-30 06:40:10.893 [Debug] hail Time=247 Offset=63828974410317 Real=63828974410565

--------------------------------------------------------------------------------
2023-08-30 06:40:10.893 [Debug] local Time=94216 Offset=63828974316663 Real=63828974410880

--------------------------------------------------------------------------------
2023-08-30 06:40:10.893 [Debug] real delta=315

--------------------------------------------------------------------------------
2023-08-30 06:40:10.893 [Debug] NCPing=-1000

--------------------------------------------------------------------------------
2023-08-30 06:40:10.893 [Info] Connection approved [36e58d0d-f9d5-4b76-b8bd-0a2630cd8111].

--------------------------------------------------------------------------------
2023-08-30 06:40:10.898 [Debug] Connection established to remote [36e58d0d-f9d5-4b76-b8bd-0a2630cd8111/127.0.0.1:61387].

--------------------------------------------------------------------------------
2023-08-30 06:40:10.898 [Info] Connected [36e58d0d-f9d5-4b76-b8bd-0a2630cd8111].

--------------------------------------------------------------------------------
2023-08-30 06:40:14.630 [Debug] Creating new instance with ID 00000000-0000-0000-0000-000000000000 for map Salida Sur de la granjisha

--------------------------------------------------------------------------------
2023-08-30 06:40:14.638 [Debug] Creating new instance with ID 00000000-0000-0000-0000-000000000000 for map Rio

--------------------------------------------------------------------------------
2023-08-30 06:40:14.638 [Debug] Creating new instance with ID 00000000-0000-0000-0000-000000000000 for map Entrada al puente

--------------------------------------------------------------------------------
2023-08-30 06:40:14.638 [Debug] Creating new instance with ID 00000000-0000-0000-0000-000000000000 for map granjisha

--------------------------------------------------------------------------------
2023-08-30 06:40:14.639 [Debug] Creating new instance with ID 00000000-0000-0000-0000-000000000000 for map New Map

--------------------------------------------------------------------------------
2023-08-30 06:40:26.740 [Debug] Creating new instance with ID 00000000-0000-0000-0000-000000000000 for map Sur al hongueo

--------------------------------------------------------------------------------
2023-08-30 06:40:26.741 [Debug] Creating new instance with ID 00000000-0000-0000-0000-000000000000 for map Norte del sector madera

--------------------------------------------------------------------------------
