2023-08-29 08:51:26.517 [Debug] Loaded new formula from BaseExp * Power(Gain, Level).

--------------------------------------------------------------------------------
2023-08-29 08:51:26.555 [Debug] Loaded new formula from BaseExp * Power(Gain, Level).

--------------------------------------------------------------------------------
2023-08-29 08:51:30.620 [Warn] Directory was specified as a plugin directory but does not exist: 'resources\plugins'

--------------------------------------------------------------------------------
2023-08-29 08:51:30.620 [Info] Discovered 0 plugins:


--------------------------------------------------------------------------------
Listening on 0.0.0.0:5400.

--------------------------------------------------------------------------------
This server is accessible from the outside world, properly configured clients can connect.

--------------------------------------------------------------------------------
2023-08-29 08:51:47.883 [Debug] hail Time=0 Offset=63828895907315 Real=63828895907316

--------------------------------------------------------------------------------
2023-08-29 08:51:47.883 [Debug] local Time=17330 Offset=63828895890546 Real=63828895907877

--------------------------------------------------------------------------------
2023-08-29 08:51:47.883 [Debug] real delta=561

--------------------------------------------------------------------------------
2023-08-29 08:51:47.883 [Debug] NCPing=-1000

--------------------------------------------------------------------------------
2023-08-29 08:51:47.918 [Info] Connection approved [d10635cc-ff87-4512-9485-2c2bb4a61d6d].

--------------------------------------------------------------------------------
2023-08-29 08:51:47.924 [Debug] Connection established to remote [d10635cc-ff87-4512-9485-2c2bb4a61d6d/127.0.0.1:58487].

--------------------------------------------------------------------------------
2023-08-29 08:51:47.925 [Info] Connected [d10635cc-ff87-4512-9485-2c2bb4a61d6d].

--------------------------------------------------------------------------------
2023-08-29 08:53:04.105 [Debug] hail Time=200 Offset=63828895983532 Real=63828895983733

--------------------------------------------------------------------------------
2023-08-29 08:53:04.105 [Debug] local Time=93549 Offset=63828895890546 Real=63828895984096

--------------------------------------------------------------------------------
2023-08-29 08:53:04.105 [Debug] real delta=362

--------------------------------------------------------------------------------
2023-08-29 08:53:04.105 [Debug] NCPing=-1000

--------------------------------------------------------------------------------
2023-08-29 08:53:04.105 [Info] Connection approved [c02f5c65-4c52-4615-8ff9-b715ffefc546].

--------------------------------------------------------------------------------
2023-08-29 08:53:04.112 [Debug] Connection established to remote [c02f5c65-4c52-4615-8ff9-b715ffefc546/127.0.0.1:60074].

--------------------------------------------------------------------------------
2023-08-29 08:53:04.112 [Info] Connected [c02f5c65-4c52-4615-8ff9-b715ffefc546].

--------------------------------------------------------------------------------
2023-08-29 08:53:09.541 [Debug] Creating new instance with ID 00000000-0000-0000-0000-000000000000 for map granjisha

--------------------------------------------------------------------------------
2023-08-29 08:53:09.551 [Debug] Creating new instance with ID 00000000-0000-0000-0000-000000000000 for map Norte del sector madera

--------------------------------------------------------------------------------
2023-08-29 08:53:09.551 [Debug] Creating new instance with ID 00000000-0000-0000-0000-000000000000 for map Rio

--------------------------------------------------------------------------------
2023-08-29 08:53:09.551 [Debug] Creating new instance with ID 00000000-0000-0000-0000-000000000000 for map Entrada al puente

--------------------------------------------------------------------------------
2023-08-29 08:53:09.551 [Debug] Creating new instance with ID 00000000-0000-0000-0000-000000000000 for map Salida Sur de la granjisha

--------------------------------------------------------------------------------
2023-08-29 08:53:09.551 [Debug] Creating new instance with ID 00000000-0000-0000-0000-000000000000 for map New Map

--------------------------------------------------------------------------------
2023-08-29 08:53:28.486 [Debug] Creating new instance with ID 00000000-0000-0000-0000-000000000000 for map Sur al hongueo

--------------------------------------------------------------------------------
2023-08-29 10:00:27.803 [Debug] hail Time=0 Offset=63828900027415 Real=63828900027415

--------------------------------------------------------------------------------
2023-08-29 10:00:27.803 [Debug] local Time=4137253 Offset=63828895890546 Real=63828900027800

--------------------------------------------------------------------------------
2023-08-29 10:00:27.803 [Debug] real delta=384

--------------------------------------------------------------------------------
2023-08-29 10:00:27.803 [Debug] NCPing=-1000

--------------------------------------------------------------------------------
2023-08-29 10:00:27.803 [Info] Connection approved [c0f7ca92-75b3-46e4-ac9c-92d88329f83d].

--------------------------------------------------------------------------------
2023-08-29 10:00:27.808 [Debug] Connection established to remote [c0f7ca92-75b3-46e4-ac9c-92d88329f83d/127.0.0.1:56862].

--------------------------------------------------------------------------------
2023-08-29 10:00:27.808 [Info] Connected [c0f7ca92-75b3-46e4-ac9c-92d88329f83d].

--------------------------------------------------------------------------------
2023-08-29 10:00:28.256 [Debug] StatusChanged: [NetIncomingMessage #1 10 bytes] [Disconnecting]

--------------------------------------------------------------------------------
2023-08-29 10:00:28.261 [Debug] StatusChanged: [NetIncomingMessage #0 10 bytes] [Disconnected]

--------------------------------------------------------------------------------
2023-08-29 10:00:28.262 [Debug] Connection terminated to remote [d10635cc-ff87-4512-9485-2c2bb4a61d6d/127.0.0.1:58487].

--------------------------------------------------------------------------------
2023-08-29 10:00:28.262 [Info] Disconnected [d10635cc-ff87-4512-9485-2c2bb4a61d6d].

--------------------------------------------------------------------------------
2023-08-29 10:04:02.684 [Debug] StatusChanged: [NetIncomingMessage #0 10 bytes] [Disconnected]

--------------------------------------------------------------------------------
2023-08-29 10:04:02.684 [Debug] Connection terminated to remote [c0f7ca92-75b3-46e4-ac9c-92d88329f83d/127.0.0.1:56862].

--------------------------------------------------------------------------------
2023-08-29 10:04:02.684 [Info] Disconnected [c0f7ca92-75b3-46e4-ac9c-92d88329f83d].

--------------------------------------------------------------------------------
2023-08-29 10:04:02.684 [Debug] Client disconnected (admin->[editor])

--------------------------------------------------------------------------------
2023-08-29 10:04:06.669 [Debug] StatusChanged: [NetIncomingMessage #0 14 bytes] [Disconnected]

--------------------------------------------------------------------------------
2023-08-29 10:04:06.670 [Debug] Connection terminated to remote [c02f5c65-4c52-4615-8ff9-b715ffefc546/127.0.0.1:60074].

--------------------------------------------------------------------------------
2023-08-29 10:04:06.670 [Info] Disconnected [c02f5c65-4c52-4615-8ff9-b715ffefc546].

--------------------------------------------------------------------------------
2023-08-29 10:04:06.670 [Debug] Client disconnected (admin->admin)

--------------------------------------------------------------------------------
2023-08-29 10:04:09.196 [Info] Acquiring context lock... (0ms)

--------------------------------------------------------------------------------
2023-08-29 10:04:09.196 [Info] Acquired. (0ms)

--------------------------------------------------------------------------------
2023-08-29 10:04:09.198 [Info] Beginning context dispose. (0ms)

--------------------------------------------------------------------------------
2023-08-29 10:04:09.200 [Info] Disposing network... (0ms)

--------------------------------------------------------------------------------
2023-08-29 10:04:09.201 [Info] Saving updated server variable values

--------------------------------------------------------------------------------
2023-08-29 10:04:09.201 [Info] Saving online users/players... (1ms)

--------------------------------------------------------------------------------
2023-08-29 10:04:09.201 [Info] Saving loaded guilds....

--------------------------------------------------------------------------------
2023-08-29 10:04:09.201 [Info] Online users/players saved. (1ms)

--------------------------------------------------------------------------------
2023-08-29 10:04:09.201 [Info] Shutting down the API... (1ms)

--------------------------------------------------------------------------------
2023-08-29 10:04:09.202 [Info] Shutting down the logic thread... (2ms)

--------------------------------------------------------------------------------
2023-08-29 10:04:09.210 [Info] Base dispose. (11ms)

--------------------------------------------------------------------------------
2023-08-29 10:04:09.210 [Info] Finished disposing server context. (11ms)

--------------------------------------------------------------------------------
