2023-08-27 22:18:43.676 [Debug] Loaded new formula from BaseExp * Power(Gain, Level).

--------------------------------------------------------------------------------
2023-08-27 22:18:43.713 [Debug] Loaded new formula from BaseExp * Power(Gain, Level).

--------------------------------------------------------------------------------
2023-08-27 22:18:47.804 [Warn] Directory was specified as a plugin directory but does not exist: 'resources\plugins'

--------------------------------------------------------------------------------
2023-08-27 22:18:47.804 [Info] Discovered 0 plugins:


--------------------------------------------------------------------------------
Listening on 0.0.0.0:5400.

--------------------------------------------------------------------------------
This server is accessible from the outside world, properly configured clients can connect.

--------------------------------------------------------------------------------
2023-08-27 22:29:00.309 [Debug] hail Time=190 Offset=63828772139525 Real=63828772139715

--------------------------------------------------------------------------------
2023-08-27 22:29:00.309 [Debug] local Time=612556 Offset=63828771527744 Real=63828772140300

--------------------------------------------------------------------------------
2023-08-27 22:29:00.309 [Debug] real delta=585

--------------------------------------------------------------------------------
2023-08-27 22:29:00.309 [Debug] NCPing=-1000

--------------------------------------------------------------------------------
2023-08-27 22:29:00.347 [Info] Connection approved [54a9b47c-e31c-4286-b995-3e68d01d0154].

--------------------------------------------------------------------------------
2023-08-27 22:29:00.355 [Debug] Connection established to remote [54a9b47c-e31c-4286-b995-3e68d01d0154/127.0.0.1:65251].

--------------------------------------------------------------------------------
2023-08-27 22:29:00.356 [Info] Connected [54a9b47c-e31c-4286-b995-3e68d01d0154].

--------------------------------------------------------------------------------
2023-08-27 22:32:17.242 [Debug] Creating new instance with ID 00000000-0000-0000-0000-000000000000 for map granjisha

--------------------------------------------------------------------------------
2023-08-27 22:32:17.249 [Debug] Creating new instance with ID 00000000-0000-0000-0000-000000000000 for map New Map

--------------------------------------------------------------------------------
2023-08-27 22:32:27.188 [Debug] StatusChanged: [NetIncomingMessage #21 14 bytes] [Disconnected]

--------------------------------------------------------------------------------
2023-08-27 22:32:27.189 [Debug] Connection terminated to remote [54a9b47c-e31c-4286-b995-3e68d01d0154/127.0.0.1:65251].

--------------------------------------------------------------------------------
2023-08-27 22:32:27.189 [Info] Disconnected [54a9b47c-e31c-4286-b995-3e68d01d0154].

--------------------------------------------------------------------------------
2023-08-27 22:32:27.189 [Debug] Client disconnected (test->test)

--------------------------------------------------------------------------------
2023-08-27 22:35:54.114 [Debug] hail Time=0 Offset=63828772553695 Real=63828772553695

--------------------------------------------------------------------------------
2023-08-27 22:35:54.114 [Debug] local Time=1026369 Offset=63828771527744 Real=63828772554113

--------------------------------------------------------------------------------
2023-08-27 22:35:54.114 [Debug] real delta=418

--------------------------------------------------------------------------------
2023-08-27 22:35:54.114 [Debug] NCPing=-1000

--------------------------------------------------------------------------------
2023-08-27 22:35:54.115 [Info] Connection approved [80f2fe5c-292d-4bb2-b9fe-bb1aece5f48d].

--------------------------------------------------------------------------------
2023-08-27 22:35:54.119 [Debug] Connection established to remote [80f2fe5c-292d-4bb2-b9fe-bb1aece5f48d/127.0.0.1:57162].

--------------------------------------------------------------------------------
2023-08-27 22:35:54.119 [Info] Connected [80f2fe5c-292d-4bb2-b9fe-bb1aece5f48d].

--------------------------------------------------------------------------------
2023-08-27 22:40:33.912 [Debug] hail Time=179 Offset=63828772833426 Real=63828772833606

--------------------------------------------------------------------------------
2023-08-27 22:40:33.912 [Debug] local Time=1306166 Offset=63828771527744 Real=63828772833910

--------------------------------------------------------------------------------
2023-08-27 22:40:33.912 [Debug] real delta=304

--------------------------------------------------------------------------------
2023-08-27 22:40:33.912 [Debug] NCPing=-1000

--------------------------------------------------------------------------------
2023-08-27 22:40:33.912 [Info] Connection approved [106a2626-9f8e-43d7-a042-ade06bfd8679].

--------------------------------------------------------------------------------
2023-08-27 22:40:33.917 [Debug] Connection established to remote [106a2626-9f8e-43d7-a042-ade06bfd8679/127.0.0.1:51772].

--------------------------------------------------------------------------------
2023-08-27 22:40:33.917 [Info] Connected [106a2626-9f8e-43d7-a042-ade06bfd8679].

--------------------------------------------------------------------------------
2023-08-27 23:09:18.305 [Debug] StatusChanged: [NetIncomingMessage #571 10 bytes] [Disconnected]

--------------------------------------------------------------------------------
2023-08-27 23:09:18.305 [Debug] Connection terminated to remote [106a2626-9f8e-43d7-a042-ade06bfd8679/127.0.0.1:51772].

--------------------------------------------------------------------------------
2023-08-27 23:09:18.305 [Info] Disconnected [106a2626-9f8e-43d7-a042-ade06bfd8679].

--------------------------------------------------------------------------------
2023-08-27 23:09:18.305 [Debug] Client disconnected (admin->admin)

--------------------------------------------------------------------------------
2023-08-27 23:22:03.313 [Debug] hail Time=203 Offset=63828775322762 Real=63828775322965

--------------------------------------------------------------------------------
2023-08-27 23:22:03.313 [Debug] local Time=3795556 Offset=63828771527744 Real=63828775323301

--------------------------------------------------------------------------------
2023-08-27 23:22:03.313 [Debug] real delta=335

--------------------------------------------------------------------------------
2023-08-27 23:22:03.313 [Debug] NCPing=-1000

--------------------------------------------------------------------------------
2023-08-27 23:22:03.314 [Info] Connection approved [70dc3fa9-6e8b-4aa6-a71f-2b7060a72e52].

--------------------------------------------------------------------------------
2023-08-27 23:22:03.318 [Debug] Connection established to remote [70dc3fa9-6e8b-4aa6-a71f-2b7060a72e52/127.0.0.1:52972].

--------------------------------------------------------------------------------
2023-08-27 23:22:03.318 [Info] Connected [70dc3fa9-6e8b-4aa6-a71f-2b7060a72e52].

--------------------------------------------------------------------------------
