2023-08-27 06:01:50.916 [Debug] Loaded new formula from BaseExp * Power(Gain, Level).

--------------------------------------------------------------------------------
2023-08-27 06:01:50.955 [Debug] Loaded new formula from BaseExp * Power(Gain, Level).

--------------------------------------------------------------------------------
2023-08-27 06:01:55.082 [Warn] Directory was specified as a plugin directory but does not exist: 'resources\plugins'

--------------------------------------------------------------------------------
2023-08-27 06:01:55.082 [Info] Discovered 0 plugins:


--------------------------------------------------------------------------------
Listening on 0.0.0.0:5400.

--------------------------------------------------------------------------------
This server reporting an invalid player count and may not be accessible, please see the Port Forwarding documentation for more information: https://docs.freemmorpgmaker.com/en-US/deploy/forwarding/

--------------------------------------------------------------------------------
Port 5400 is not open, trying UPnP...

--------------------------------------------------------------------------------
UPnP Service Initialization Succeeded

--------------------------------------------------------------------------------
Successfully auto port forwarded udp port 5400 using UPnP.

--------------------------------------------------------------------------------
This server is accessible from the outside world, properly configured clients can connect.

--------------------------------------------------------------------------------
2023-08-27 06:02:03.047 [Debug] hail Time=209 Offset=63828712922184 Real=63828712922393

--------------------------------------------------------------------------------
2023-08-27 06:02:03.047 [Debug] local Time=8026 Offset=63828712915021 Real=63828712923047

--------------------------------------------------------------------------------
2023-08-27 06:02:03.047 [Debug] real delta=653

--------------------------------------------------------------------------------
2023-08-27 06:02:03.047 [Debug] NCPing=-1000

--------------------------------------------------------------------------------
2023-08-27 06:02:03.083 [Info] Connection approved [6ad5bd54-04da-49a4-a0e2-74ae215b75b0].

--------------------------------------------------------------------------------
2023-08-27 06:02:03.090 [Debug] Connection established to remote [6ad5bd54-04da-49a4-a0e2-74ae215b75b0/127.0.0.1:61738].

--------------------------------------------------------------------------------
2023-08-27 06:02:03.090 [Info] Connected [6ad5bd54-04da-49a4-a0e2-74ae215b75b0].

--------------------------------------------------------------------------------
2023-08-27 06:02:37.063 [Debug] Creating new instance with ID 00000000-0000-0000-0000-000000000000 for map granjisha

--------------------------------------------------------------------------------
2023-08-27 06:02:37.069 [Debug] Creating new instance with ID 00000000-0000-0000-0000-000000000000 for map New Map

--------------------------------------------------------------------------------
2023-08-27 06:04:53.674 [Debug] StatusChanged: [NetIncomingMessage #250 14 bytes] [Disconnected]

--------------------------------------------------------------------------------
2023-08-27 06:04:53.674 [Debug] Connection terminated to remote [6ad5bd54-04da-49a4-a0e2-74ae215b75b0/127.0.0.1:61738].

--------------------------------------------------------------------------------
2023-08-27 06:04:53.675 [Info] Disconnected [6ad5bd54-04da-49a4-a0e2-74ae215b75b0].

--------------------------------------------------------------------------------
2023-08-27 06:04:53.675 [Debug] Client disconnected (admin->admin)

--------------------------------------------------------------------------------
2023-08-27 06:05:21.023 [Debug] hail Time=0 Offset=63828713120621 Real=63828713120622

--------------------------------------------------------------------------------
2023-08-27 06:05:21.023 [Debug] local Time=205995 Offset=63828712915021 Real=63828713121016

--------------------------------------------------------------------------------
2023-08-27 06:05:21.023 [Debug] real delta=394

--------------------------------------------------------------------------------
2023-08-27 06:05:21.023 [Debug] NCPing=-1000

--------------------------------------------------------------------------------
2023-08-27 06:05:21.024 [Info] Connection approved [d0e81706-434b-4158-a58b-feb99f693703].

--------------------------------------------------------------------------------
2023-08-27 06:05:21.029 [Debug] Connection established to remote [d0e81706-434b-4158-a58b-feb99f693703/127.0.0.1:58686].

--------------------------------------------------------------------------------
2023-08-27 06:05:21.029 [Info] Connected [d0e81706-434b-4158-a58b-feb99f693703].

--------------------------------------------------------------------------------
2023-08-27 06:05:33.947 [Debug] StatusChanged: [NetIncomingMessage #0 10 bytes] [Disconnected]

--------------------------------------------------------------------------------
2023-08-27 06:05:33.947 [Debug] Connection terminated to remote [d0e81706-434b-4158-a58b-feb99f693703/127.0.0.1:58686].

--------------------------------------------------------------------------------
2023-08-27 06:05:33.947 [Info] Disconnected [d0e81706-434b-4158-a58b-feb99f693703].

--------------------------------------------------------------------------------
2023-08-27 06:05:33.947 [Debug] Client disconnected ([menu])

--------------------------------------------------------------------------------
2023-08-27 06:05:36.936 [Debug] hail Time=174 Offset=63828713136453 Real=63828713136628

--------------------------------------------------------------------------------
2023-08-27 06:05:36.936 [Debug] local Time=221901 Offset=63828712915021 Real=63828713136922

--------------------------------------------------------------------------------
2023-08-27 06:05:36.936 [Debug] real delta=294

--------------------------------------------------------------------------------
2023-08-27 06:05:36.936 [Debug] NCPing=-1000

--------------------------------------------------------------------------------
2023-08-27 06:05:36.936 [Info] Connection approved [ccf9d638-9c9c-4ca5-b1f2-8e51a7ab0224].

--------------------------------------------------------------------------------
2023-08-27 06:05:36.941 [Debug] Connection established to remote [ccf9d638-9c9c-4ca5-b1f2-8e51a7ab0224/127.0.0.1:58688].

--------------------------------------------------------------------------------
2023-08-27 06:05:36.941 [Info] Connected [ccf9d638-9c9c-4ca5-b1f2-8e51a7ab0224].

--------------------------------------------------------------------------------
2023-08-27 06:05:56.883 [Debug] StatusChanged: [NetIncomingMessage #0 10 bytes] [Disconnected]

--------------------------------------------------------------------------------
2023-08-27 06:05:56.883 [Debug] Connection terminated to remote [ccf9d638-9c9c-4ca5-b1f2-8e51a7ab0224/127.0.0.1:58688].

--------------------------------------------------------------------------------
2023-08-27 06:05:56.883 [Info] Disconnected [ccf9d638-9c9c-4ca5-b1f2-8e51a7ab0224].

--------------------------------------------------------------------------------
2023-08-27 06:05:56.883 [Debug] Client disconnected (admin->[editor])

--------------------------------------------------------------------------------
2023-08-27 06:06:00.355 [Debug] hail Time=0 Offset=63828713159969 Real=63828713159969

--------------------------------------------------------------------------------
2023-08-27 06:06:00.355 [Debug] local Time=245323 Offset=63828712915021 Real=63828713160344

--------------------------------------------------------------------------------
2023-08-27 06:06:00.355 [Debug] real delta=375

--------------------------------------------------------------------------------
2023-08-27 06:06:00.355 [Debug] NCPing=-1000

--------------------------------------------------------------------------------
2023-08-27 06:06:00.356 [Info] Connection approved [79187086-f571-4e90-800e-873a5761b63c].

--------------------------------------------------------------------------------
2023-08-27 06:06:00.361 [Debug] Connection established to remote [79187086-f571-4e90-800e-873a5761b63c/127.0.0.1:64576].

--------------------------------------------------------------------------------
2023-08-27 06:06:00.361 [Info] Connected [79187086-f571-4e90-800e-873a5761b63c].

--------------------------------------------------------------------------------
2023-08-27 06:06:11.650 [Debug] StatusChanged: [NetIncomingMessage #0 10 bytes] [Disconnected]

--------------------------------------------------------------------------------
2023-08-27 06:06:11.650 [Debug] Connection terminated to remote [79187086-f571-4e90-800e-873a5761b63c/127.0.0.1:64576].

--------------------------------------------------------------------------------
2023-08-27 06:06:11.650 [Info] Disconnected [79187086-f571-4e90-800e-873a5761b63c].

--------------------------------------------------------------------------------
2023-08-27 06:06:11.650 [Debug] Client disconnected ([menu])

--------------------------------------------------------------------------------
2023-08-27 06:06:19.203 [Info] Acquiring context lock... (0ms)

--------------------------------------------------------------------------------
2023-08-27 06:06:19.203 [Info] Acquired. (0ms)

--------------------------------------------------------------------------------
2023-08-27 06:06:19.204 [Info] Beginning context dispose. (0ms)

--------------------------------------------------------------------------------
2023-08-27 06:06:19.205 [Info] Disposing network... (0ms)

--------------------------------------------------------------------------------
2023-08-27 06:06:19.206 [Info] Saving updated server variable values

--------------------------------------------------------------------------------
2023-08-27 06:06:19.206 [Info] Saving online users/players... (1ms)

--------------------------------------------------------------------------------
2023-08-27 06:06:19.206 [Info] Saving loaded guilds....

--------------------------------------------------------------------------------
2023-08-27 06:06:19.206 [Info] Online users/players saved. (1ms)

--------------------------------------------------------------------------------
2023-08-27 06:06:19.206 [Info] Shutting down the API... (1ms)

--------------------------------------------------------------------------------
2023-08-27 06:06:19.207 [Info] Shutting down the logic thread... (2ms)

--------------------------------------------------------------------------------
2023-08-27 06:06:19.243 [Info] Base dispose. (37ms)

--------------------------------------------------------------------------------
2023-08-27 06:06:19.243 [Info] Finished disposing server context. (37ms)

--------------------------------------------------------------------------------
