2023-08-30 01:35:32.189 [Error] IOException: The process cannot access the file 'D:\Repo\Personal\juegos\MMO Release\Cliente y Editor\sqlite3.dll' because it is being used by another process.
    Stack:    at System.IO.__Error.WinIOError(Int32 errorCode, String maybeFullPath)
   at System.IO.FileStream.Init(String path, FileMode mode, FileAccess access, Int32 rights, Boolean useRights, FileShare share, Int32 bufferSize, FileOptions options, SECURITY_ATTRIBUTES secAttrs, String msgPath, Boolean bFromProxy, Boolean useLongPath, Boolean checkHost)
   at System.IO.FileStream..ctor(String path, FileMode mode, FileAccess access)
   at Intersect.Editor.Program.Main()


--------------------------------------------------------------------------------
2023-08-30 01:35:41.626 [Error] IOException: The process cannot access the file 'D:\Repo\Personal\juegos\MMO Release\Cliente y Editor\sqlite3.dll' because it is being used by another process.
    Stack:    at System.IO.__Error.WinIOError(Int32 errorCode, String maybeFullPath)
   at System.IO.FileStream.Init(String path, FileMode mode, FileAccess access, Int32 rights, Boolean useRights, FileShare share, Int32 bufferSize, FileOptions options, SECURITY_ATTRIBUTES secAttrs, String msgPath, Boolean bFromProxy, Boolean useLongPath, Boolean checkHost)
   at System.IO.FileStream..ctor(String path, FileMode mode, FileAccess access)
   at Intersect.Editor.Program.Main()


--------------------------------------------------------------------------------
2023-08-30 01:54:50.430 [Error] IOException: The process cannot access the file 'D:\Repo\Personal\juegos\MMO Release\Cliente y Editor\sqlite3.dll' because it is being used by another process.
    Stack:    at System.IO.__Error.WinIOError(Int32 errorCode, String maybeFullPath)
   at System.IO.FileStream.Init(String path, FileMode mode, FileAccess access, Int32 rights, Boolean useRights, FileShare share, Int32 bufferSize, FileOptions options, SECURITY_ATTRIBUTES secAttrs, String msgPath, Boolean bFromProxy, Boolean useLongPath, Boolean checkHost)
   at System.IO.FileStream..ctor(String path, FileMode mode, FileAccess access)
   at Intersect.Editor.Program.Main()


--------------------------------------------------------------------------------
2023-08-30 01:54:57.593 [Error] IOException: The process cannot access the file 'D:\Repo\Personal\juegos\MMO Release\Cliente y Editor\sqlite3.dll' because it is being used by another process.
    Stack:    at System.IO.__Error.WinIOError(Int32 errorCode, String maybeFullPath)
   at System.IO.FileStream.Init(String path, FileMode mode, FileAccess access, Int32 rights, Boolean useRights, FileShare share, Int32 bufferSize, FileOptions options, SECURITY_ATTRIBUTES secAttrs, String msgPath, Boolean bFromProxy, Boolean useLongPath, Boolean checkHost)
   at System.IO.FileStream..ctor(String path, FileMode mode, FileAccess access)
   at Intersect.Editor.Program.Main()


--------------------------------------------------------------------------------
