2023-08-29 01:59:22.142 [Warn] Directory was specified as a plugin directory but does not exist: 'resources\plugins'

--------------------------------------------------------------------------------
2023-08-29 01:59:22.148 [Info] Discovered 0 plugins:


--------------------------------------------------------------------------------
2023-08-29 01:59:23.119 [Info] Connecting to 127.0.0.1:5400...

--------------------------------------------------------------------------------
2023-08-29 01:59:23.933 [Info] Connection approved [00000000-0000-0000-0000-000000000000].

--------------------------------------------------------------------------------
2023-08-29 01:59:24.004 [Debug] approval Time=11192 Offset=63828871152695 Real=63828871163887

--------------------------------------------------------------------------------
2023-08-29 01:59:24.004 [Debug] local Time=11192 Offset=63828871152812 Real=63828871164004

--------------------------------------------------------------------------------
2023-08-29 01:59:24.004 [Debug] real delta=117

--------------------------------------------------------------------------------
2023-08-29 01:59:24.004 [Debug] this.Statistics.Ping=0 NCPing=2

--------------------------------------------------------------------------------
2023-08-29 01:59:24.006 [Debug] Connection established to remote [00000000-0000-0000-0000-000000000000/127.0.0.1:5400].

--------------------------------------------------------------------------------
2023-08-29 01:59:24.006 [Info] Connected [00000000-0000-0000-0000-000000000000].

--------------------------------------------------------------------------------
2023-08-29 01:59:27.915 [Warn] 'Me' is null.

--------------------------------------------------------------------------------
2023-08-29 01:59:28.250 [Debug] received epp: 15243

--------------------------------------------------------------------------------
2023-08-29 01:59:59.408 [Debug] received epp: 46677

--------------------------------------------------------------------------------
2023-08-29 02:01:34.484 [Debug] received epp: 141776

--------------------------------------------------------------------------------
2023-08-29 02:03:04.144 [Debug] received epp: 231431

--------------------------------------------------------------------------------
2023-08-29 02:03:17.281 [Debug] received epp: 244568

--------------------------------------------------------------------------------
2023-08-29 02:05:25.868 [Debug] received epp: 373163

--------------------------------------------------------------------------------
2023-08-29 02:06:13.856 [Debug] received epp: 421134

--------------------------------------------------------------------------------
2023-08-29 02:07:19.829 [Debug] received epp: 487104

--------------------------------------------------------------------------------
2023-08-29 02:12:42.791 [Debug] received epp: 810057

--------------------------------------------------------------------------------
2023-08-29 02:12:53.097 [Debug] received epp: 820383

--------------------------------------------------------------------------------
2023-08-29 02:13:36.888 [Debug] received epp: 864184

--------------------------------------------------------------------------------
2023-08-29 02:13:54.036 [Debug] received epp: 881324

--------------------------------------------------------------------------------
2023-08-29 02:14:16.297 [Debug] received epp: 903588

--------------------------------------------------------------------------------
2023-08-29 02:19:00.629 [Info] System window closing (due to user interaction most likely).

--------------------------------------------------------------------------------
2023-08-29 02:19:00.630 [Debug] StatusChanged: [NetIncomingMessage #0 10 bytes] [Disconnecting]

--------------------------------------------------------------------------------
2023-08-29 02:19:00.634 [Debug] StatusChanged: [NetIncomingMessage #0 14 bytes] [Disconnected]

--------------------------------------------------------------------------------
2023-08-29 02:19:00.666 [Info] Acquiring context lock... (0ms)

--------------------------------------------------------------------------------
2023-08-29 02:19:00.666 [Info] Acquired. (0ms)

--------------------------------------------------------------------------------
2023-08-29 02:19:00.666 [Info] Beginning context dispose. (0ms)

--------------------------------------------------------------------------------
2023-08-29 02:19:00.667 [Info] GC.SuppressFinalize (0ms)

--------------------------------------------------------------------------------
2023-08-29 02:19:00.667 [Info] InternalDispose() completed. (0ms)

--------------------------------------------------------------------------------
2023-08-29 02:19:00.667 [Info] Clearing instance... (1ms)

--------------------------------------------------------------------------------
2023-08-29 02:19:00.667 [Info] Releasing context lock... (1ms)

--------------------------------------------------------------------------------
2023-08-29 02:19:00.667 [Info] Released. (1ms)

--------------------------------------------------------------------------------
