2023-08-28 00:02:33.328 [Info] Connecting to 127.0.0.1:5400...

--------------------------------------------------------------------------------
2023-08-28 00:02:33.818 [Info] Connection approved [00000000-0000-0000-0000-000000000000].

--------------------------------------------------------------------------------
2023-08-28 00:02:33.859 [Debug] approval Time=272867 Offset=63828777480929 Real=63828777753797

--------------------------------------------------------------------------------
2023-08-28 00:02:33.859 [Debug] local Time=272867 Offset=63828777480991 Real=63828777753859

--------------------------------------------------------------------------------
2023-08-28 00:02:33.859 [Debug] real delta=62

--------------------------------------------------------------------------------
2023-08-28 00:02:33.859 [Debug] this.Statistics.Ping=0 NCPing=2

--------------------------------------------------------------------------------
2023-08-28 00:02:33.861 [Debug] Connection established to remote [00000000-0000-0000-0000-000000000000/127.0.0.1:5400].

--------------------------------------------------------------------------------
2023-08-28 00:02:33.861 [Info] Connected [00000000-0000-0000-0000-000000000000].

--------------------------------------------------------------------------------
2023-08-28 00:38:58.118 [Debug] StatusChanged: [NetIncomingMessage #0 10 bytes] [Disconnecting]

--------------------------------------------------------------------------------
2023-08-28 00:38:58.142 [Debug] StatusChanged: [NetIncomingMessage #0 10 bytes] [Disconnected]

--------------------------------------------------------------------------------
2023-08-28 00:38:58.142 [Debug] Connection terminated to remote [00000000-0000-0000-0000-000000000000/127.0.0.1:5400].

--------------------------------------------------------------------------------
2023-08-28 00:38:58.142 [Info] Disconnected [00000000-0000-0000-0000-000000000000].

--------------------------------------------------------------------------------
