2023-08-27 22:40:32.667 [Warn] Directory was specified as a plugin directory but does not exist: 'resources\plugins'

--------------------------------------------------------------------------------
2023-08-27 22:40:32.672 [Info] Discovered 0 plugins:


--------------------------------------------------------------------------------
2023-08-27 22:40:33.562 [Info] Connecting to 127.0.0.1:5400...

--------------------------------------------------------------------------------
2023-08-27 22:40:33.919 [Info] Connection approved [00000000-0000-0000-0000-000000000000].

--------------------------------------------------------------------------------
2023-08-27 22:40:33.984 [Debug] approval Time=1306166 Offset=63828771527744 Real=63828772833910

--------------------------------------------------------------------------------
2023-08-27 22:40:33.984 [Debug] local Time=1306166 Offset=63828771527817 Real=63828772833984

--------------------------------------------------------------------------------
2023-08-27 22:40:33.984 [Debug] real delta=73

--------------------------------------------------------------------------------
2023-08-27 22:40:33.984 [Debug] this.Statistics.Ping=0 NCPing=1

--------------------------------------------------------------------------------
2023-08-27 22:40:33.986 [Debug] Connection established to remote [00000000-0000-0000-0000-000000000000/127.0.0.1:5400].

--------------------------------------------------------------------------------
2023-08-27 22:40:33.986 [Info] Connected [00000000-0000-0000-0000-000000000000].

--------------------------------------------------------------------------------
2023-08-27 22:40:41.018 [Warn] 'Me' is null.

--------------------------------------------------------------------------------
2023-08-27 22:40:41.341 [Debug] received epp: 1313212

--------------------------------------------------------------------------------
2023-08-27 22:40:56.399 [Warn] 'Me' is null.

--------------------------------------------------------------------------------
2023-08-27 22:40:56.400 [Debug] received epp: 1328635

--------------------------------------------------------------------------------
2023-08-27 22:40:56.412 [Warn] 'GameUi' is null.

--------------------------------------------------------------------------------
2023-08-27 22:40:56.412 [Warn] 'GameUi' is null.

--------------------------------------------------------------------------------
2023-08-27 22:41:40.737 [Warn] 'Me' is null.

--------------------------------------------------------------------------------
2023-08-27 22:41:40.737 [Debug] received epp: 1372978

--------------------------------------------------------------------------------
2023-08-27 22:41:40.752 [Warn] 'GameUi' is null.

--------------------------------------------------------------------------------
2023-08-27 22:41:40.753 [Warn] 'GameUi' is null.

--------------------------------------------------------------------------------
2023-08-27 22:47:40.699 [Debug] received epp: 1732931

--------------------------------------------------------------------------------
2023-08-27 22:48:45.207 [Debug] received epp: 1797447

--------------------------------------------------------------------------------
2023-08-27 22:49:13.865 [Debug] received epp: 1826103

--------------------------------------------------------------------------------
2023-08-27 22:49:33.641 [Debug] received epp: 1845869

--------------------------------------------------------------------------------
2023-08-27 22:49:50.736 [Debug] received epp: 1862963

--------------------------------------------------------------------------------
2023-08-27 22:50:14.366 [Debug] received epp: 1886603

--------------------------------------------------------------------------------
2023-08-27 22:50:43.927 [Debug] received epp: 1916166

--------------------------------------------------------------------------------
2023-08-27 22:50:55.362 [Debug] received epp: 1927588

--------------------------------------------------------------------------------
2023-08-27 22:50:57.572 [Debug] received epp: 1929806

--------------------------------------------------------------------------------
2023-08-27 22:50:57.573 [Debug] received epp: 1929806

--------------------------------------------------------------------------------
2023-08-27 22:51:22.701 [Debug] received epp: 1954931

--------------------------------------------------------------------------------
2023-08-27 22:51:22.701 [Debug] received epp: 1954931

--------------------------------------------------------------------------------
2023-08-27 22:51:34.833 [Debug] received epp: 1967072

--------------------------------------------------------------------------------
2023-08-27 22:52:14.060 [Debug] received epp: 2006291

--------------------------------------------------------------------------------
2023-08-27 22:54:20.778 [Debug] received epp: 2133025

--------------------------------------------------------------------------------
2023-08-27 22:54:35.079 [Debug] received epp: 2147321

--------------------------------------------------------------------------------
2023-08-27 22:55:08.845 [Debug] received epp: 2181073

--------------------------------------------------------------------------------
2023-08-27 22:55:58.144 [Debug] received epp: 2230385

--------------------------------------------------------------------------------
2023-08-27 22:56:35.032 [Debug] received epp: 2267275

--------------------------------------------------------------------------------
2023-08-27 22:56:47.808 [Debug] received epp: 2280041

--------------------------------------------------------------------------------
2023-08-27 22:56:55.611 [Debug] received epp: 2287837

--------------------------------------------------------------------------------
2023-08-27 22:57:23.567 [Debug] received epp: 2315807

--------------------------------------------------------------------------------
2023-08-27 22:57:34.348 [Debug] received epp: 2326573

--------------------------------------------------------------------------------
2023-08-27 22:57:47.153 [Debug] received epp: 2339401

--------------------------------------------------------------------------------
2023-08-27 23:09:18.295 [Info] System window closing (due to user interaction most likely).

--------------------------------------------------------------------------------
2023-08-27 23:09:18.300 [Debug] StatusChanged: [NetIncomingMessage #0 10 bytes] [Disconnecting]

--------------------------------------------------------------------------------
2023-08-27 23:09:18.301 [Debug] StatusChanged: [NetIncomingMessage #0 10 bytes] [Disconnected]

--------------------------------------------------------------------------------
2023-08-27 23:09:18.390 [Info] Acquiring context lock... (0ms)

--------------------------------------------------------------------------------
2023-08-27 23:09:18.390 [Info] Acquired. (0ms)

--------------------------------------------------------------------------------
2023-08-27 23:09:18.391 [Info] Beginning context dispose. (0ms)

--------------------------------------------------------------------------------
2023-08-27 23:09:18.391 [Info] GC.SuppressFinalize (0ms)

--------------------------------------------------------------------------------
2023-08-27 23:09:18.391 [Info] InternalDispose() completed. (0ms)

--------------------------------------------------------------------------------
2023-08-27 23:09:18.391 [Info] Clearing instance... (1ms)

--------------------------------------------------------------------------------
2023-08-27 23:09:18.392 [Info] Releasing context lock... (1ms)

--------------------------------------------------------------------------------
2023-08-27 23:09:18.392 [Info] Released. (1ms)

--------------------------------------------------------------------------------
