2023-08-27 03:20:57.488 [Warn] Directory was specified as a plugin directory but does not exist: 'resources\plugins'

--------------------------------------------------------------------------------
2023-08-27 03:20:57.494 [Info] Discovered 0 plugins:


--------------------------------------------------------------------------------
2023-08-27 03:20:57.727 [Warn] Missing strings, overwriting strings file:
	Chatbox.ChatTabButtons (string dictionary)

--------------------------------------------------------------------------------
2023-08-27 03:20:58.374 [Info] Connecting to 127.0.0.1:5400...

--------------------------------------------------------------------------------
2023-08-27 03:20:59.100 [Info] Connection approved [00000000-0000-0000-0000-000000000000].

--------------------------------------------------------------------------------
2023-08-27 03:20:59.174 [Debug] approval Time=14754 Offset=63828703244285 Real=63828703259039

--------------------------------------------------------------------------------
2023-08-27 03:20:59.174 [Debug] local Time=14754 Offset=63828703244420 Real=63828703259174

--------------------------------------------------------------------------------
2023-08-27 03:20:59.174 [Debug] real delta=134

--------------------------------------------------------------------------------
2023-08-27 03:20:59.174 [Debug] this.Statistics.Ping=0 NCPing=3

--------------------------------------------------------------------------------
2023-08-27 03:20:59.176 [Debug] Connection established to remote [00000000-0000-0000-0000-000000000000/127.0.0.1:5400].

--------------------------------------------------------------------------------
2023-08-27 03:20:59.177 [Info] Connected [00000000-0000-0000-0000-000000000000].

--------------------------------------------------------------------------------
2023-08-27 03:20:59.240 [Warn] Missing strings, overwriting strings file:
	Chatbox.ChatTabButtons[All],
	Chatbox.ChatTabButtons[Local],
	Chatbox.ChatTabButtons[Party],
	Chatbox.ChatTabButtons[Global],
	Chatbox.ChatTabButtons[Guild],
	Chatbox.ChatTabButtons[System]

--------------------------------------------------------------------------------
2023-08-27 03:22:44.036 [Warn] 'Me' is null.

--------------------------------------------------------------------------------
2023-08-27 03:22:44.381 [Debug] received epp: 119788

--------------------------------------------------------------------------------
2023-08-27 03:22:57.278 [Info] System window closing (due to user interaction most likely).

--------------------------------------------------------------------------------
2023-08-27 03:22:57.279 [Debug] StatusChanged: [NetIncomingMessage #7 10 bytes] [Disconnecting]

--------------------------------------------------------------------------------
2023-08-27 03:22:57.283 [Debug] StatusChanged: [NetIncomingMessage #8 14 bytes] [Disconnected]

--------------------------------------------------------------------------------
2023-08-27 03:22:57.317 [Info] Acquiring context lock... (0ms)

--------------------------------------------------------------------------------
2023-08-27 03:22:57.317 [Info] Acquired. (0ms)

--------------------------------------------------------------------------------
2023-08-27 03:22:57.318 [Info] Beginning context dispose. (0ms)

--------------------------------------------------------------------------------
2023-08-27 03:22:57.318 [Info] GC.SuppressFinalize (0ms)

--------------------------------------------------------------------------------
2023-08-27 03:22:57.318 [Info] InternalDispose() completed. (0ms)

--------------------------------------------------------------------------------
2023-08-27 03:22:57.318 [Info] Clearing instance... (1ms)

--------------------------------------------------------------------------------
2023-08-27 03:22:57.318 [Info] Releasing context lock... (1ms)

--------------------------------------------------------------------------------
2023-08-27 03:22:57.318 [Info] Released. (1ms)

--------------------------------------------------------------------------------
