2023-08-30 01:58:35.702 [Info] Connecting to 127.0.0.1:5400...

--------------------------------------------------------------------------------
2023-08-30 01:58:36.151 [Info] Connection approved [00000000-0000-0000-0000-000000000000].

--------------------------------------------------------------------------------
2023-08-30 01:58:36.221 [Debug] approval Time=2849961 Offset=63828954666167 Real=63828957516129

--------------------------------------------------------------------------------
2023-08-30 01:58:36.221 [Debug] local Time=2849961 Offset=63828954666259 Real=63828957516221

--------------------------------------------------------------------------------
2023-08-30 01:58:36.221 [Debug] real delta=91

--------------------------------------------------------------------------------
2023-08-30 01:58:36.221 [Debug] this.Statistics.Ping=0 NCPing=2

--------------------------------------------------------------------------------
2023-08-30 01:58:36.223 [Debug] Connection established to remote [00000000-0000-0000-0000-000000000000/127.0.0.1:5400].

--------------------------------------------------------------------------------
2023-08-30 01:58:36.223 [Info] Connected [00000000-0000-0000-0000-000000000000].

--------------------------------------------------------------------------------
2023-08-30 05:23:05.758 [Debug] StatusChanged: [NetIncomingMessage #498 10 bytes] [Disconnecting]

--------------------------------------------------------------------------------
2023-08-30 05:23:05.761 [Debug] StatusChanged: [NetIncomingMessage #499 10 bytes] [Disconnected]

--------------------------------------------------------------------------------
2023-08-30 05:23:05.761 [Debug] Connection terminated to remote [00000000-0000-0000-0000-000000000000/127.0.0.1:5400].

--------------------------------------------------------------------------------
2023-08-30 05:23:05.761 [Info] Disconnected [00000000-0000-0000-0000-000000000000].

--------------------------------------------------------------------------------
