2023-08-29 10:00:27.375 [Info] Connecting to 127.0.0.1:5400...

--------------------------------------------------------------------------------
2023-08-29 10:00:27.809 [Info] Connection approved [00000000-0000-0000-0000-000000000000].

--------------------------------------------------------------------------------
2023-08-29 10:00:27.878 [Debug] approval Time=4137253 Offset=63828895890546 Real=63828900027800

--------------------------------------------------------------------------------
2023-08-29 10:00:27.878 [Debug] local Time=4137253 Offset=63828895890624 Real=63828900027878

--------------------------------------------------------------------------------
2023-08-29 10:00:27.878 [Debug] real delta=78

--------------------------------------------------------------------------------
2023-08-29 10:00:27.878 [Debug] this.Statistics.Ping=0 NCPing=2

--------------------------------------------------------------------------------
2023-08-29 10:00:27.880 [Debug] Connection established to remote [00000000-0000-0000-0000-000000000000/127.0.0.1:5400].

--------------------------------------------------------------------------------
2023-08-29 10:00:27.880 [Info] Connected [00000000-0000-0000-0000-000000000000].

--------------------------------------------------------------------------------
2023-08-29 10:04:02.679 [Debug] StatusChanged: [NetIncomingMessage #0 10 bytes] [Disconnecting]

--------------------------------------------------------------------------------
2023-08-29 10:04:02.682 [Debug] StatusChanged: [NetIncomingMessage #0 10 bytes] [Disconnected]

--------------------------------------------------------------------------------
2023-08-29 10:04:02.682 [Debug] Connection terminated to remote [00000000-0000-0000-0000-000000000000/127.0.0.1:5400].

--------------------------------------------------------------------------------
2023-08-29 10:04:02.682 [Info] Disconnected [00000000-0000-0000-0000-000000000000].

--------------------------------------------------------------------------------
