2023-08-28 00:49:27.161 [Info] Connecting to 127.0.0.1:5400...

--------------------------------------------------------------------------------
2023-08-28 00:49:27.620 [Info] Connection approved [00000000-0000-0000-0000-000000000000].

--------------------------------------------------------------------------------
2023-08-28 00:49:27.662 [Debug] approval Time=34819 Offset=63828780532787 Real=63828780567606

--------------------------------------------------------------------------------
2023-08-28 00:49:27.662 [Debug] local Time=34819 Offset=63828780532843 Real=63828780567662

--------------------------------------------------------------------------------
2023-08-28 00:49:27.662 [Debug] real delta=55

--------------------------------------------------------------------------------
2023-08-28 00:49:27.662 [Debug] this.Statistics.Ping=0 NCPing=2

--------------------------------------------------------------------------------
2023-08-28 00:49:27.664 [Debug] Connection established to remote [00000000-0000-0000-0000-000000000000/127.0.0.1:5400].

--------------------------------------------------------------------------------
2023-08-28 00:49:27.664 [Info] Connected [00000000-0000-0000-0000-000000000000].

--------------------------------------------------------------------------------
2023-08-28 02:57:14.194 [Debug] StatusChanged: [NetIncomingMessage #0 14 bytes] [Disconnected]

--------------------------------------------------------------------------------
2023-08-28 02:57:14.194 [Debug] Connection terminated to remote [00000000-0000-0000-0000-000000000000/127.0.0.1:5400].

--------------------------------------------------------------------------------
2023-08-28 02:57:14.195 [Info] Disconnected [00000000-0000-0000-0000-000000000000].

--------------------------------------------------------------------------------
