2023-08-28 00:00:43.345 [Warn] Directory was specified as a plugin directory but does not exist: 'resources\plugins'

--------------------------------------------------------------------------------
2023-08-28 00:00:43.350 [Info] Discovered 0 plugins:


--------------------------------------------------------------------------------
2023-08-28 00:00:44.247 [Info] Connecting to 127.0.0.1:5400...

--------------------------------------------------------------------------------
2023-08-28 00:00:44.889 [Info] Connection approved [00000000-0000-0000-0000-000000000000].

--------------------------------------------------------------------------------
2023-08-28 00:00:44.958 [Debug] approval Time=163911 Offset=63828777480929 Real=63828777644841

--------------------------------------------------------------------------------
2023-08-28 00:00:44.958 [Debug] local Time=163911 Offset=63828777481046 Real=63828777644958

--------------------------------------------------------------------------------
2023-08-28 00:00:44.958 [Debug] real delta=117

--------------------------------------------------------------------------------
2023-08-28 00:00:44.958 [Debug] this.Statistics.Ping=0 NCPing=1

--------------------------------------------------------------------------------
2023-08-28 00:00:44.960 [Debug] Connection established to remote [00000000-0000-0000-0000-000000000000/127.0.0.1:5400].

--------------------------------------------------------------------------------
2023-08-28 00:00:44.960 [Info] Connected [00000000-0000-0000-0000-000000000000].

--------------------------------------------------------------------------------
2023-08-28 00:00:50.997 [Warn] 'Me' is null.

--------------------------------------------------------------------------------
2023-08-28 00:00:51.335 [Debug] received epp: 170106

--------------------------------------------------------------------------------
2023-08-28 00:05:58.515 [Debug] received epp: 477555

--------------------------------------------------------------------------------
2023-08-28 00:09:10.178 [Debug] received epp: 669238

--------------------------------------------------------------------------------
2023-08-28 00:13:00.111 [Debug] received epp: 899165

--------------------------------------------------------------------------------
2023-08-28 00:13:36.431 [Debug] received epp: 935491

--------------------------------------------------------------------------------
2023-08-28 00:15:19.971 [Debug] received epp: 1039024

--------------------------------------------------------------------------------
2023-08-28 00:17:35.440 [Debug] received epp: 1174489

--------------------------------------------------------------------------------
2023-08-28 00:17:48.480 [Debug] received epp: 1187522

--------------------------------------------------------------------------------
2023-08-28 00:19:07.112 [Debug] received epp: 1266164

--------------------------------------------------------------------------------
2023-08-28 00:39:13.302 [Info] System window closing (due to user interaction most likely).

--------------------------------------------------------------------------------
2023-08-28 00:39:13.303 [Debug] StatusChanged: [NetIncomingMessage #0 10 bytes] [Disconnecting]

--------------------------------------------------------------------------------
2023-08-28 00:39:13.307 [Debug] StatusChanged: [NetIncomingMessage #0 14 bytes] [Disconnected]

--------------------------------------------------------------------------------
2023-08-28 00:39:13.339 [Info] Acquiring context lock... (0ms)

--------------------------------------------------------------------------------
2023-08-28 00:39:13.339 [Info] Acquired. (0ms)

--------------------------------------------------------------------------------
2023-08-28 00:39:13.340 [Info] Beginning context dispose. (0ms)

--------------------------------------------------------------------------------
2023-08-28 00:39:13.340 [Info] GC.SuppressFinalize (0ms)

--------------------------------------------------------------------------------
2023-08-28 00:39:13.340 [Info] InternalDispose() completed. (0ms)

--------------------------------------------------------------------------------
2023-08-28 00:39:13.341 [Info] Clearing instance... (1ms)

--------------------------------------------------------------------------------
2023-08-28 00:39:13.341 [Info] Releasing context lock... (1ms)

--------------------------------------------------------------------------------
2023-08-28 00:39:13.341 [Info] Released. (1ms)

--------------------------------------------------------------------------------
