2023-08-27 06:05:20.516 [Info] Connecting to 127.0.0.1:5400...

--------------------------------------------------------------------------------
2023-08-27 06:05:21.030 [Info] Connection approved [00000000-0000-0000-0000-000000000000].

--------------------------------------------------------------------------------
2023-08-27 06:05:21.099 [Debug] approval Time=205995 Offset=63828712915021 Real=63828713121016

--------------------------------------------------------------------------------
2023-08-27 06:05:21.099 [Debug] local Time=205995 Offset=63828712915103 Real=63828713121098

--------------------------------------------------------------------------------
2023-08-27 06:05:21.099 [Debug] real delta=82

--------------------------------------------------------------------------------
2023-08-27 06:05:21.099 [Debug] this.Statistics.Ping=0 NCPing=2

--------------------------------------------------------------------------------
2023-08-27 06:05:21.101 [Debug] Connection established to remote [00000000-0000-0000-0000-000000000000/127.0.0.1:5400].

--------------------------------------------------------------------------------
2023-08-27 06:05:21.101 [Info] Connected [00000000-0000-0000-0000-000000000000].

--------------------------------------------------------------------------------
2023-08-27 06:05:33.941 [Debug] StatusChanged: [NetIncomingMessage #0 10 bytes] [Disconnecting]

--------------------------------------------------------------------------------
2023-08-27 06:05:33.942 [Debug] StatusChanged: [NetIncomingMessage #0 10 bytes] [Disconnected]

--------------------------------------------------------------------------------
2023-08-27 06:05:33.942 [Debug] Connection terminated to remote [00000000-0000-0000-0000-000000000000/127.0.0.1:5400].

--------------------------------------------------------------------------------
2023-08-27 06:05:33.943 [Info] Disconnected [00000000-0000-0000-0000-000000000000].

--------------------------------------------------------------------------------
2023-08-27 06:05:33.944 [Info] Connecting to 127.0.0.1:5400...

--------------------------------------------------------------------------------
