2023-08-30 06:37:55.474 [Warn] Directory was specified as a plugin directory but does not exist: 'resources\plugins'

--------------------------------------------------------------------------------
2023-08-30 06:37:55.512 [Info] Discovered 0 plugins:


--------------------------------------------------------------------------------
2023-08-30 06:37:56.432 [Info] Connecting to 127.0.0.1:5400...

--------------------------------------------------------------------------------
2023-08-30 06:37:56.835 [Info] Connection approved [00000000-0000-0000-0000-000000000000].

--------------------------------------------------------------------------------
2023-08-30 06:37:56.911 [Debug] approval Time=5929 Offset=63828974270886 Real=63828974276816

--------------------------------------------------------------------------------
2023-08-30 06:37:56.911 [Debug] local Time=5929 Offset=63828974270981 Real=63828974276911

--------------------------------------------------------------------------------
2023-08-30 06:37:56.911 [Debug] real delta=95

--------------------------------------------------------------------------------
2023-08-30 06:37:56.911 [Debug] this.Statistics.Ping=0 NCPing=2

--------------------------------------------------------------------------------
2023-08-30 06:37:56.913 [Debug] Connection established to remote [00000000-0000-0000-0000-000000000000/127.0.0.1:5400].

--------------------------------------------------------------------------------
2023-08-30 06:37:56.913 [Info] Connected [00000000-0000-0000-0000-000000000000].

--------------------------------------------------------------------------------
2023-08-30 06:38:04.369 [Warn] 'Me' is null.

--------------------------------------------------------------------------------
2023-08-30 06:38:19.349 [Debug] StatusChanged: [NetIncomingMessage #6 22 bytes] [Disconnected]

--------------------------------------------------------------------------------
2023-08-30 06:38:19.350 [Debug] Connection terminated to remote [00000000-0000-0000-0000-000000000000/127.0.0.1:5400].

--------------------------------------------------------------------------------
2023-08-30 06:38:19.350 [Info] Disconnected [00000000-0000-0000-0000-000000000000].

--------------------------------------------------------------------------------
2023-08-30 06:38:19.351 [Info] Connecting to 127.0.0.1:5400...

--------------------------------------------------------------------------------
2023-08-30 06:38:23.070 [Info] System window closing (due to user interaction most likely).

--------------------------------------------------------------------------------
2023-08-30 06:38:23.071 [Debug] StatusChanged: [NetIncomingMessage #0 10 bytes] [Disconnecting]

--------------------------------------------------------------------------------
2023-08-30 06:38:23.071 [Debug] StatusChanged: [NetIncomingMessage #0 10 bytes] [Disconnected]

--------------------------------------------------------------------------------
2023-08-30 06:38:23.071 [Debug] Unknown client disconnected (00-00-00-00-00-00-00-00).

--------------------------------------------------------------------------------
2023-08-30 06:38:23.071 [Info] Disconnected [00000000-0000-0000-0000-000000000000].

--------------------------------------------------------------------------------
2023-08-30 06:38:23.071 [Info] Connecting to 127.0.0.1:5400...

--------------------------------------------------------------------------------
2023-08-30 06:38:23.111 [Info] Acquiring context lock... (0ms)

--------------------------------------------------------------------------------
2023-08-30 06:38:23.111 [Info] Acquired. (0ms)

--------------------------------------------------------------------------------
2023-08-30 06:38:23.112 [Info] Beginning context dispose. (0ms)

--------------------------------------------------------------------------------
2023-08-30 06:38:23.112 [Info] GC.SuppressFinalize (0ms)

--------------------------------------------------------------------------------
2023-08-30 06:38:23.113 [Info] InternalDispose() completed. (0ms)

--------------------------------------------------------------------------------
2023-08-30 06:38:23.113 [Info] Clearing instance... (1ms)

--------------------------------------------------------------------------------
2023-08-30 06:38:23.113 [Info] Releasing context lock... (1ms)

--------------------------------------------------------------------------------
2023-08-30 06:38:23.113 [Info] Released. (1ms)

--------------------------------------------------------------------------------
