2023-08-27 06:02:01.247 [Warn] Directory was specified as a plugin directory but does not exist: 'resources\plugins'

--------------------------------------------------------------------------------
2023-08-27 06:02:01.253 [Info] Discovered 0 plugins:


--------------------------------------------------------------------------------
2023-08-27 06:02:02.341 [Info] Connecting to 127.0.0.1:5400...

--------------------------------------------------------------------------------
2023-08-27 06:02:03.089 [Info] Connection approved [00000000-0000-0000-0000-000000000000].

--------------------------------------------------------------------------------
2023-08-27 06:02:03.186 [Debug] approval Time=8026 Offset=63828712915021 Real=63828712923047

--------------------------------------------------------------------------------
2023-08-27 06:02:03.186 [Debug] local Time=8026 Offset=63828712915159 Real=63828712923186

--------------------------------------------------------------------------------
2023-08-27 06:02:03.186 [Debug] real delta=138

--------------------------------------------------------------------------------
2023-08-27 06:02:03.186 [Debug] this.Statistics.Ping=0 NCPing=2

--------------------------------------------------------------------------------
2023-08-27 06:02:03.188 [Debug] Connection established to remote [00000000-0000-0000-0000-000000000000/127.0.0.1:5400].

--------------------------------------------------------------------------------
2023-08-27 06:02:03.188 [Info] Connected [00000000-0000-0000-0000-000000000000].

--------------------------------------------------------------------------------
2023-08-27 06:02:37.311 [Warn] 'Me' is null.

--------------------------------------------------------------------------------
2023-08-27 06:02:37.341 [Debug] received epp: 42151

--------------------------------------------------------------------------------
2023-08-27 06:02:37.382 [Warn] 'GameUi' is null.

--------------------------------------------------------------------------------
2023-08-27 06:02:37.384 [Warn] 'GameUi' is null.

--------------------------------------------------------------------------------
2023-08-27 06:04:53.626 [Info] System window closing (due to user interaction most likely).

--------------------------------------------------------------------------------
2023-08-27 06:04:53.626 [Debug] StatusChanged: [NetIncomingMessage #0 10 bytes] [Disconnecting]

--------------------------------------------------------------------------------
2023-08-27 06:04:53.668 [Debug] StatusChanged: [NetIncomingMessage #0 14 bytes] [Disconnected]

--------------------------------------------------------------------------------
2023-08-27 06:04:53.706 [Info] Acquiring context lock... (0ms)

--------------------------------------------------------------------------------
2023-08-27 06:04:53.706 [Info] Acquired. (0ms)

--------------------------------------------------------------------------------
2023-08-27 06:04:53.707 [Info] Beginning context dispose. (0ms)

--------------------------------------------------------------------------------
2023-08-27 06:04:53.707 [Info] GC.SuppressFinalize (0ms)

--------------------------------------------------------------------------------
2023-08-27 06:04:53.707 [Info] InternalDispose() completed. (0ms)

--------------------------------------------------------------------------------
2023-08-27 06:04:53.707 [Info] Clearing instance... (1ms)

--------------------------------------------------------------------------------
2023-08-27 06:04:53.707 [Info] Releasing context lock... (1ms)

--------------------------------------------------------------------------------
2023-08-27 06:04:53.707 [Info] Released. (1ms)

--------------------------------------------------------------------------------
