2023-08-30 06:40:09.531 [Warn] Directory was specified as a plugin directory but does not exist: 'resources\plugins'

--------------------------------------------------------------------------------
2023-08-30 06:40:09.537 [Info] Discovered 0 plugins:


--------------------------------------------------------------------------------
2023-08-30 06:40:10.455 [Info] Connecting to 127.0.0.1:5400...

--------------------------------------------------------------------------------
2023-08-30 06:40:10.900 [Info] Connection approved [00000000-0000-0000-0000-000000000000].

--------------------------------------------------------------------------------
2023-08-30 06:40:10.974 [Debug] approval Time=94216 Offset=63828974316663 Real=63828974410880

--------------------------------------------------------------------------------
2023-08-30 06:40:10.974 [Debug] local Time=94216 Offset=63828974316756 Real=63828974410973

--------------------------------------------------------------------------------
2023-08-30 06:40:10.974 [Debug] real delta=93

--------------------------------------------------------------------------------
2023-08-30 06:40:10.974 [Debug] this.Statistics.Ping=0 NCPing=2

--------------------------------------------------------------------------------
2023-08-30 06:40:10.975 [Debug] Connection established to remote [00000000-0000-0000-0000-000000000000/127.0.0.1:5400].

--------------------------------------------------------------------------------
2023-08-30 06:40:10.975 [Info] Connected [00000000-0000-0000-0000-000000000000].

--------------------------------------------------------------------------------
2023-08-30 06:40:14.712 [Warn] 'Me' is null.

--------------------------------------------------------------------------------
2023-08-30 06:40:14.980 [Debug] received epp: 98090

--------------------------------------------------------------------------------
2023-08-30 06:40:48.449 [Debug] StatusChanged: [NetIncomingMessage #99 22 bytes] [Disconnected]

--------------------------------------------------------------------------------
2023-08-30 06:40:48.449 [Debug] Connection terminated to remote [00000000-0000-0000-0000-000000000000/127.0.0.1:5400].

--------------------------------------------------------------------------------
2023-08-30 06:40:48.450 [Info] Disconnected [00000000-0000-0000-0000-000000000000].

--------------------------------------------------------------------------------
2023-08-30 06:40:48.451 [Info] Connecting to 127.0.0.1:5400...

--------------------------------------------------------------------------------
2023-08-30 06:40:51.526 [Info] User clicked exit button.

--------------------------------------------------------------------------------
2023-08-30 06:40:51.540 [Info] System window closing (due to user interaction most likely).

--------------------------------------------------------------------------------
2023-08-30 06:40:51.541 [Debug] StatusChanged: [NetIncomingMessage #0 10 bytes] [Disconnecting]

--------------------------------------------------------------------------------
2023-08-30 06:40:51.543 [Debug] StatusChanged: [NetIncomingMessage #0 14 bytes] [Disconnected]

--------------------------------------------------------------------------------
2023-08-30 06:40:51.543 [Debug] Unknown client disconnected (00-00-00-00-00-00-00-00).

--------------------------------------------------------------------------------
2023-08-30 06:40:51.543 [Info] Disconnected [00000000-0000-0000-0000-000000000000].

--------------------------------------------------------------------------------
2023-08-30 06:40:51.580 [Info] Acquiring context lock... (0ms)

--------------------------------------------------------------------------------
2023-08-30 06:40:51.580 [Info] Acquired. (0ms)

--------------------------------------------------------------------------------
2023-08-30 06:40:51.580 [Info] Beginning context dispose. (0ms)

--------------------------------------------------------------------------------
2023-08-30 06:40:51.581 [Info] GC.SuppressFinalize (0ms)

--------------------------------------------------------------------------------
2023-08-30 06:40:51.581 [Info] InternalDispose() completed. (0ms)

--------------------------------------------------------------------------------
2023-08-30 06:40:51.581 [Info] Clearing instance... (1ms)

--------------------------------------------------------------------------------
2023-08-30 06:40:51.581 [Info] Releasing context lock... (1ms)

--------------------------------------------------------------------------------
2023-08-30 06:40:51.581 [Info] Released. (1ms)

--------------------------------------------------------------------------------
