2023-08-30 05:49:20.551 [Info] Connecting to 127.0.0.1:5400...

--------------------------------------------------------------------------------
2023-08-30 05:49:21.002 [Info] Connection approved [00000000-0000-0000-0000-000000000000].

--------------------------------------------------------------------------------
2023-08-30 05:49:21.072 [Debug] approval Time=16694822 Offset=63828954666167 Real=63828971360989

--------------------------------------------------------------------------------
2023-08-30 05:49:21.072 [Debug] local Time=16694822 Offset=63828954666250 Real=63828971361072

--------------------------------------------------------------------------------
2023-08-30 05:49:21.073 [Debug] real delta=82

--------------------------------------------------------------------------------
2023-08-30 05:49:21.073 [Debug] this.Statistics.Ping=0 NCPing=2

--------------------------------------------------------------------------------
2023-08-30 05:49:21.075 [Debug] Connection established to remote [00000000-0000-0000-0000-000000000000/127.0.0.1:5400].

--------------------------------------------------------------------------------
2023-08-30 05:49:21.075 [Info] Connected [00000000-0000-0000-0000-000000000000].

--------------------------------------------------------------------------------
2023-08-30 05:49:52.832 [Debug] StatusChanged: [NetIncomingMessage #17 10 bytes] [Disconnecting]

--------------------------------------------------------------------------------
2023-08-30 05:49:52.833 [Debug] StatusChanged: [NetIncomingMessage #0 10 bytes] [Disconnected]

--------------------------------------------------------------------------------
2023-08-30 05:49:52.833 [Debug] Connection terminated to remote [00000000-0000-0000-0000-000000000000/127.0.0.1:5400].

--------------------------------------------------------------------------------
2023-08-30 05:49:52.833 [Info] Disconnected [00000000-0000-0000-0000-000000000000].

--------------------------------------------------------------------------------
