2023-08-27 23:51:38.540 [Warn] Directory was specified as a plugin directory but does not exist: 'resources\plugins'

--------------------------------------------------------------------------------
2023-08-27 23:51:38.570 [Info] Discovered 0 plugins:


--------------------------------------------------------------------------------
2023-08-27 23:51:39.767 [Info] Connecting to 127.0.0.1:5400...

--------------------------------------------------------------------------------
2023-08-27 23:51:47.617 [Info] System window closing (due to user interaction most likely).

--------------------------------------------------------------------------------
2023-08-27 23:51:47.618 [Debug] StatusChanged: [NetIncomingMessage #0 10 bytes] [Disconnecting]

--------------------------------------------------------------------------------
2023-08-27 23:51:47.623 [Debug] StatusChanged: [NetIncomingMessage #0 14 bytes] [Disconnected]

--------------------------------------------------------------------------------
2023-08-27 23:51:47.628 [Debug] Unknown client disconnected (00-00-00-00-00-00-00-00).

--------------------------------------------------------------------------------
2023-08-27 23:51:47.628 [Info] Disconnected [00000000-0000-0000-0000-000000000000].

--------------------------------------------------------------------------------
2023-08-27 23:51:47.657 [Info] Acquiring context lock... (0ms)

--------------------------------------------------------------------------------
2023-08-27 23:51:47.657 [Info] Acquired. (0ms)

--------------------------------------------------------------------------------
2023-08-27 23:51:47.657 [Info] Beginning context dispose. (0ms)

--------------------------------------------------------------------------------
2023-08-27 23:51:47.658 [Info] GC.SuppressFinalize (0ms)

--------------------------------------------------------------------------------
2023-08-27 23:51:47.658 [Info] InternalDispose() completed. (0ms)

--------------------------------------------------------------------------------
2023-08-27 23:51:47.658 [Info] Clearing instance... (1ms)

--------------------------------------------------------------------------------
2023-08-27 23:51:47.658 [Info] Releasing context lock... (1ms)

--------------------------------------------------------------------------------
2023-08-27 23:51:47.658 [Info] Released. (1ms)

--------------------------------------------------------------------------------
