2023-08-30 05:23:53.955 [Info] Connecting to 127.0.0.1:5400...

--------------------------------------------------------------------------------
2023-08-30 05:23:54.430 [Info] Connection approved [00000000-0000-0000-0000-000000000000].

--------------------------------------------------------------------------------
2023-08-30 05:23:54.499 [Debug] approval Time=15168242 Offset=63828954666167 Real=63828969834410

--------------------------------------------------------------------------------
2023-08-30 05:23:54.499 [Debug] local Time=15168242 Offset=63828954666257 Real=63828969834499

--------------------------------------------------------------------------------
2023-08-30 05:23:54.500 [Debug] real delta=89

--------------------------------------------------------------------------------
2023-08-30 05:23:54.500 [Debug] this.Statistics.Ping=0 NCPing=2

--------------------------------------------------------------------------------
2023-08-30 05:23:54.502 [Debug] Connection established to remote [00000000-0000-0000-0000-000000000000/127.0.0.1:5400].

--------------------------------------------------------------------------------
2023-08-30 05:23:54.502 [Info] Connected [00000000-0000-0000-0000-000000000000].

--------------------------------------------------------------------------------
2023-08-30 05:25:48.107 [Debug] StatusChanged: [NetIncomingMessage #0 10 bytes] [Disconnecting]

--------------------------------------------------------------------------------
2023-08-30 05:25:48.113 [Debug] StatusChanged: [NetIncomingMessage #0 10 bytes] [Disconnected]

--------------------------------------------------------------------------------
2023-08-30 05:25:48.114 [Debug] Connection terminated to remote [00000000-0000-0000-0000-000000000000/127.0.0.1:5400].

--------------------------------------------------------------------------------
2023-08-30 05:25:48.114 [Info] Disconnected [00000000-0000-0000-0000-000000000000].

--------------------------------------------------------------------------------
