2023-08-29 08:53:02.553 [Warn] Directory was specified as a plugin directory but does not exist: 'resources\plugins'

--------------------------------------------------------------------------------
2023-08-29 08:53:02.559 [Info] Discovered 0 plugins:


--------------------------------------------------------------------------------
2023-08-29 08:53:03.674 [Info] Connecting to 127.0.0.1:5400...

--------------------------------------------------------------------------------
2023-08-29 08:53:04.113 [Info] Connection approved [00000000-0000-0000-0000-000000000000].

--------------------------------------------------------------------------------
2023-08-29 08:53:04.195 [Debug] approval Time=93549 Offset=63828895890546 Real=63828895984096

--------------------------------------------------------------------------------
2023-08-29 08:53:04.195 [Debug] local Time=93549 Offset=63828895890646 Real=63828895984195

--------------------------------------------------------------------------------
2023-08-29 08:53:04.195 [Debug] real delta=99

--------------------------------------------------------------------------------
2023-08-29 08:53:04.196 [Debug] this.Statistics.Ping=0 NCPing=2

--------------------------------------------------------------------------------
2023-08-29 08:53:04.198 [Debug] Connection established to remote [00000000-0000-0000-0000-000000000000/127.0.0.1:5400].

--------------------------------------------------------------------------------
2023-08-29 08:53:04.198 [Info] Connected [00000000-0000-0000-0000-000000000000].

--------------------------------------------------------------------------------
2023-08-29 08:53:09.667 [Warn] 'Me' is null.

--------------------------------------------------------------------------------
2023-08-29 08:53:09.738 [Debug] received epp: 99095

--------------------------------------------------------------------------------
2023-08-29 08:53:09.829 [Warn] 'GameUi' is null.

--------------------------------------------------------------------------------
2023-08-29 08:53:09.830 [Warn] 'GameUi' is null.

--------------------------------------------------------------------------------
2023-08-29 08:53:51.722 [Debug] received epp: 141158

--------------------------------------------------------------------------------
2023-08-29 08:54:11.367 [Debug] received epp: 160799

--------------------------------------------------------------------------------
2023-08-29 08:55:35.350 [Debug] received epp: 244783

--------------------------------------------------------------------------------
2023-08-29 08:59:16.813 [Debug] received epp: 466252

--------------------------------------------------------------------------------
2023-08-29 08:59:35.625 [Debug] received epp: 485049

--------------------------------------------------------------------------------
2023-08-29 09:00:15.657 [Debug] received epp: 525080

--------------------------------------------------------------------------------
2023-08-29 09:03:31.044 [Debug] received epp: 720487

--------------------------------------------------------------------------------
2023-08-29 09:04:30.560 [Debug] received epp: 780003

--------------------------------------------------------------------------------
2023-08-29 09:09:31.228 [Debug] received epp: 1080658

--------------------------------------------------------------------------------
2023-08-29 09:11:25.038 [Debug] received epp: 1194455

--------------------------------------------------------------------------------
2023-08-29 09:22:52.593 [Debug] received epp: 1882034

--------------------------------------------------------------------------------
2023-08-29 09:30:05.751 [Debug] received epp: 2315174

--------------------------------------------------------------------------------
2023-08-29 09:30:57.943 [Debug] received epp: 2367361

--------------------------------------------------------------------------------
2023-08-29 09:31:34.404 [Debug] received epp: 2403845

--------------------------------------------------------------------------------
2023-08-29 09:32:03.549 [Debug] received epp: 2432970

--------------------------------------------------------------------------------
2023-08-29 09:33:42.243 [Debug] received epp: 2531674

--------------------------------------------------------------------------------
2023-08-29 09:35:08.840 [Debug] received epp: 2618267

--------------------------------------------------------------------------------
2023-08-29 09:35:52.868 [Debug] received epp: 2662299

--------------------------------------------------------------------------------
2023-08-29 09:36:08.170 [Debug] received epp: 2677611

--------------------------------------------------------------------------------
2023-08-29 09:36:18.184 [Debug] received epp: 2687612

--------------------------------------------------------------------------------
2023-08-29 09:36:22.506 [Debug] received epp: 2691940

--------------------------------------------------------------------------------
2023-08-29 09:36:32.831 [Debug] received epp: 2702267

--------------------------------------------------------------------------------
2023-08-29 09:36:45.482 [Debug] received epp: 2714924

--------------------------------------------------------------------------------
2023-08-29 09:37:06.426 [Debug] received epp: 2735877

--------------------------------------------------------------------------------
2023-08-29 09:37:17.890 [Debug] received epp: 2747314

--------------------------------------------------------------------------------
2023-08-29 09:37:51.073 [Debug] received epp: 2780501

--------------------------------------------------------------------------------
2023-08-29 09:38:18.052 [Debug] received epp: 2807486

--------------------------------------------------------------------------------
2023-08-29 09:38:28.493 [Debug] received epp: 2817924

--------------------------------------------------------------------------------
2023-08-29 09:39:20.935 [Debug] received epp: 2870377

--------------------------------------------------------------------------------
2023-08-29 09:40:28.572 [Debug] received epp: 2938002

--------------------------------------------------------------------------------
2023-08-29 09:41:26.701 [Debug] received epp: 2996127

--------------------------------------------------------------------------------
2023-08-29 09:42:11.911 [Debug] received epp: 3041346

--------------------------------------------------------------------------------
2023-08-29 09:43:12.764 [Debug] received epp: 3102189

--------------------------------------------------------------------------------
2023-08-29 09:43:29.261 [Debug] received epp: 3118689

--------------------------------------------------------------------------------
2023-08-29 09:44:26.797 [Debug] received epp: 3176221

--------------------------------------------------------------------------------
2023-08-29 09:45:02.013 [Debug] received epp: 3211439

--------------------------------------------------------------------------------
2023-08-29 09:45:36.912 [Debug] received epp: 3246345

--------------------------------------------------------------------------------
2023-08-29 09:46:33.773 [Debug] received epp: 3303206

--------------------------------------------------------------------------------
2023-08-29 09:47:15.002 [Debug] received epp: 3344424

--------------------------------------------------------------------------------
2023-08-29 09:48:22.237 [Debug] received epp: 3411658

--------------------------------------------------------------------------------
2023-08-29 09:48:42.975 [Debug] received epp: 3432424

--------------------------------------------------------------------------------
2023-08-29 09:48:59.639 [Debug] received epp: 3449080

--------------------------------------------------------------------------------
2023-08-29 09:49:07.228 [Debug] received epp: 3456658

--------------------------------------------------------------------------------
2023-08-29 09:49:21.258 [Debug] received epp: 3470689

--------------------------------------------------------------------------------
2023-08-29 09:49:30.297 [Debug] received epp: 3479720

--------------------------------------------------------------------------------
2023-08-29 09:49:44.361 [Debug] received epp: 3493799

--------------------------------------------------------------------------------
2023-08-29 09:50:06.410 [Debug] received epp: 3515861

--------------------------------------------------------------------------------
2023-08-29 10:00:13.940 [Debug] received epp: 4123361

--------------------------------------------------------------------------------
2023-08-29 10:04:06.656 [Info] System window closing (due to user interaction most likely).

--------------------------------------------------------------------------------
2023-08-29 10:04:06.660 [Debug] StatusChanged: [NetIncomingMessage #0 10 bytes] [Disconnecting]

--------------------------------------------------------------------------------
2023-08-29 10:04:06.666 [Debug] StatusChanged: [NetIncomingMessage #0 14 bytes] [Disconnected]

--------------------------------------------------------------------------------
2023-08-29 10:04:06.924 [Info] Acquiring context lock... (0ms)

--------------------------------------------------------------------------------
2023-08-29 10:04:06.924 [Info] Acquired. (0ms)

--------------------------------------------------------------------------------
2023-08-29 10:04:06.926 [Info] Beginning context dispose. (0ms)

--------------------------------------------------------------------------------
2023-08-29 10:04:06.927 [Info] GC.SuppressFinalize (0ms)

--------------------------------------------------------------------------------
2023-08-29 10:04:06.927 [Info] InternalDispose() completed. (0ms)

--------------------------------------------------------------------------------
2023-08-29 10:04:06.927 [Info] Clearing instance... (2ms)

--------------------------------------------------------------------------------
2023-08-29 10:04:06.927 [Info] Releasing context lock... (2ms)

--------------------------------------------------------------------------------
2023-08-29 10:04:06.927 [Info] Released. (2ms)

--------------------------------------------------------------------------------
