2023-08-28 23:59:29.716 [Warn] Directory was specified as a plugin directory but does not exist: 'resources\plugins'

--------------------------------------------------------------------------------
2023-08-28 23:59:29.722 [Info] Discovered 0 plugins:


--------------------------------------------------------------------------------
2023-08-28 23:59:30.897 [Info] Connecting to 127.0.0.1:5400...

--------------------------------------------------------------------------------
2023-08-28 23:59:31.712 [Info] Connection approved [00000000-0000-0000-0000-000000000000].

--------------------------------------------------------------------------------
2023-08-28 23:59:31.783 [Debug] approval Time=11063 Offset=63828863960591 Real=63828863971654

--------------------------------------------------------------------------------
2023-08-28 23:59:31.783 [Debug] local Time=11063 Offset=63828863960720 Real=63828863971783

--------------------------------------------------------------------------------
2023-08-28 23:59:31.783 [Debug] real delta=129

--------------------------------------------------------------------------------
2023-08-28 23:59:31.783 [Debug] this.Statistics.Ping=0 NCPing=2

--------------------------------------------------------------------------------
2023-08-28 23:59:31.785 [Debug] Connection established to remote [00000000-0000-0000-0000-000000000000/127.0.0.1:5400].

--------------------------------------------------------------------------------
2023-08-28 23:59:31.785 [Info] Connected [00000000-0000-0000-0000-000000000000].

--------------------------------------------------------------------------------
2023-08-28 23:59:37.567 [Warn] 'Me' is null.

--------------------------------------------------------------------------------
2023-08-28 23:59:37.922 [Debug] received epp: 17020

--------------------------------------------------------------------------------
2023-08-29 00:02:13.626 [Debug] received epp: 173005

--------------------------------------------------------------------------------
2023-08-29 00:03:06.780 [Debug] received epp: 226156

--------------------------------------------------------------------------------
2023-08-29 00:03:43.332 [Debug] received epp: 262719

--------------------------------------------------------------------------------
2023-08-29 00:05:16.904 [Debug] received epp: 356285

--------------------------------------------------------------------------------
2023-08-29 00:05:55.430 [Debug] received epp: 394815

--------------------------------------------------------------------------------
2023-08-29 00:07:13.454 [Debug] received epp: 472846

--------------------------------------------------------------------------------
2023-08-29 00:08:46.214 [Debug] received epp: 565611

--------------------------------------------------------------------------------
2023-08-29 00:09:10.671 [Debug] received epp: 590067

--------------------------------------------------------------------------------
2023-08-29 00:22:51.889 [Debug] received epp: 1411282

--------------------------------------------------------------------------------
2023-08-29 00:25:27.305 [Debug] received epp: 1566677

--------------------------------------------------------------------------------
2023-08-29 00:26:20.580 [Debug] received epp: 1619958

--------------------------------------------------------------------------------
2023-08-29 00:26:42.433 [Debug] received epp: 1641814

--------------------------------------------------------------------------------
2023-08-29 00:28:51.137 [Debug] received epp: 1770520

--------------------------------------------------------------------------------
2023-08-29 00:29:19.977 [Debug] received epp: 1799360

--------------------------------------------------------------------------------
