2023-08-27 06:05:35.692 [Warn] Directory was specified as a plugin directory but does not exist: 'resources\plugins'

--------------------------------------------------------------------------------
2023-08-27 06:05:35.697 [Info] Discovered 0 plugins:


--------------------------------------------------------------------------------
2023-08-27 06:05:36.589 [Info] Connecting to 127.0.0.1:5400...

--------------------------------------------------------------------------------
2023-08-27 06:05:36.943 [Info] Connection approved [00000000-0000-0000-0000-000000000000].

--------------------------------------------------------------------------------
2023-08-27 06:05:37.007 [Debug] approval Time=221901 Offset=63828712915021 Real=63828713136922

--------------------------------------------------------------------------------
2023-08-27 06:05:37.007 [Debug] local Time=221901 Offset=63828712915106 Real=63828713137007

--------------------------------------------------------------------------------
2023-08-27 06:05:37.007 [Debug] real delta=84

--------------------------------------------------------------------------------
2023-08-27 06:05:37.007 [Debug] this.Statistics.Ping=0 NCPing=2

--------------------------------------------------------------------------------
2023-08-27 06:05:37.009 [Debug] Connection established to remote [00000000-0000-0000-0000-000000000000/127.0.0.1:5400].

--------------------------------------------------------------------------------
2023-08-27 06:05:37.009 [Info] Connected [00000000-0000-0000-0000-000000000000].

--------------------------------------------------------------------------------
2023-08-27 06:05:56.862 [Info] User clicked exit button.

--------------------------------------------------------------------------------
2023-08-27 06:05:56.880 [Info] System window closing (due to user interaction most likely).

--------------------------------------------------------------------------------
2023-08-27 06:05:56.880 [Debug] StatusChanged: [NetIncomingMessage #0 10 bytes] [Disconnecting]

--------------------------------------------------------------------------------
2023-08-27 06:05:56.882 [Debug] StatusChanged: [NetIncomingMessage #0 10 bytes] [Disconnected]

--------------------------------------------------------------------------------
2023-08-27 06:05:56.948 [Info] Acquiring context lock... (0ms)

--------------------------------------------------------------------------------
2023-08-27 06:05:56.948 [Info] Acquired. (0ms)

--------------------------------------------------------------------------------
2023-08-27 06:05:56.949 [Info] Beginning context dispose. (0ms)

--------------------------------------------------------------------------------
2023-08-27 06:05:56.949 [Info] GC.SuppressFinalize (0ms)

--------------------------------------------------------------------------------
2023-08-27 06:05:56.949 [Info] InternalDispose() completed. (0ms)

--------------------------------------------------------------------------------
2023-08-27 06:05:56.949 [Info] Clearing instance... (1ms)

--------------------------------------------------------------------------------
2023-08-27 06:05:56.949 [Info] Releasing context lock... (1ms)

--------------------------------------------------------------------------------
2023-08-27 06:05:56.949 [Info] Released. (1ms)

--------------------------------------------------------------------------------
