2023-08-27 22:28:58.308 [Warn] Directory was specified as a plugin directory but does not exist: 'resources\plugins'

--------------------------------------------------------------------------------
2023-08-27 22:28:58.325 [Info] Discovered 0 plugins:


--------------------------------------------------------------------------------
2023-08-27 22:28:59.660 [Info] Connecting to 127.0.0.1:5400...

--------------------------------------------------------------------------------
2023-08-27 22:29:00.355 [Info] Connection approved [00000000-0000-0000-0000-000000000000].

--------------------------------------------------------------------------------
2023-08-27 22:29:00.425 [Debug] approval Time=612556 Offset=63828771527744 Real=63828772140300

--------------------------------------------------------------------------------
2023-08-27 22:29:00.425 [Debug] local Time=612556 Offset=63828771527868 Real=63828772140424

--------------------------------------------------------------------------------
2023-08-27 22:29:00.425 [Debug] real delta=123

--------------------------------------------------------------------------------
2023-08-27 22:29:00.425 [Debug] this.Statistics.Ping=0 NCPing=2

--------------------------------------------------------------------------------
2023-08-27 22:29:00.426 [Debug] Connection established to remote [00000000-0000-0000-0000-000000000000/127.0.0.1:5400].

--------------------------------------------------------------------------------
2023-08-27 22:29:00.426 [Info] Connected [00000000-0000-0000-0000-000000000000].

--------------------------------------------------------------------------------
2023-08-27 22:32:17.408 [Warn] 'Me' is null.

--------------------------------------------------------------------------------
2023-08-27 22:32:17.499 [Debug] received epp: 809604

--------------------------------------------------------------------------------
2023-08-27 22:32:17.539 [Warn] 'GameUi' is null.

--------------------------------------------------------------------------------
2023-08-27 22:32:17.541 [Warn] 'GameUi' is null.

--------------------------------------------------------------------------------
2023-08-27 22:32:27.179 [Info] System window closing (due to user interaction most likely).

--------------------------------------------------------------------------------
2023-08-27 22:32:27.180 [Debug] StatusChanged: [NetIncomingMessage #34 10 bytes] [Disconnecting]

--------------------------------------------------------------------------------
2023-08-27 22:32:27.183 [Debug] StatusChanged: [NetIncomingMessage #35 14 bytes] [Disconnected]

--------------------------------------------------------------------------------
2023-08-27 22:32:27.244 [Info] Acquiring context lock... (0ms)

--------------------------------------------------------------------------------
2023-08-27 22:32:27.244 [Info] Acquired. (0ms)

--------------------------------------------------------------------------------
2023-08-27 22:32:27.245 [Info] Beginning context dispose. (0ms)

--------------------------------------------------------------------------------
2023-08-27 22:32:27.246 [Info] GC.SuppressFinalize (0ms)

--------------------------------------------------------------------------------
2023-08-27 22:32:27.246 [Info] InternalDispose() completed. (0ms)

--------------------------------------------------------------------------------
2023-08-27 22:32:27.246 [Info] Clearing instance... (1ms)

--------------------------------------------------------------------------------
2023-08-27 22:32:27.246 [Info] Releasing context lock... (1ms)

--------------------------------------------------------------------------------
2023-08-27 22:32:27.246 [Info] Released. (1ms)

--------------------------------------------------------------------------------
