2023-08-27 06:05:59.924 [Info] Connecting to 127.0.0.1:5400...

--------------------------------------------------------------------------------
2023-08-27 06:06:00.362 [Info] Connection approved [00000000-0000-0000-0000-000000000000].

--------------------------------------------------------------------------------
2023-08-27 06:06:00.403 [Debug] approval Time=245323 Offset=63828712915021 Real=63828713160344

--------------------------------------------------------------------------------
2023-08-27 06:06:00.403 [Debug] local Time=245323 Offset=63828712915080 Real=63828713160403

--------------------------------------------------------------------------------
2023-08-27 06:06:00.403 [Debug] real delta=58

--------------------------------------------------------------------------------
2023-08-27 06:06:00.403 [Debug] this.Statistics.Ping=0 NCPing=2

--------------------------------------------------------------------------------
2023-08-27 06:06:00.405 [Debug] Connection established to remote [00000000-0000-0000-0000-000000000000/127.0.0.1:5400].

--------------------------------------------------------------------------------
2023-08-27 06:06:00.405 [Info] Connected [00000000-0000-0000-0000-000000000000].

--------------------------------------------------------------------------------
2023-08-27 06:06:11.637 [Debug] StatusChanged: [NetIncomingMessage #4 10 bytes] [Disconnecting]

--------------------------------------------------------------------------------
2023-08-27 06:06:11.644 [Debug] StatusChanged: [NetIncomingMessage #0 10 bytes] [Disconnected]

--------------------------------------------------------------------------------
2023-08-27 06:06:11.645 [Debug] Connection terminated to remote [00000000-0000-0000-0000-000000000000/127.0.0.1:5400].

--------------------------------------------------------------------------------
2023-08-27 06:06:11.645 [Info] Disconnected [00000000-0000-0000-0000-000000000000].

--------------------------------------------------------------------------------
2023-08-27 06:06:11.647 [Info] Connecting to 127.0.0.1:5400...

--------------------------------------------------------------------------------
