2023-08-30 05:50:10.573 [Info] Connecting to 127.0.0.1:5400...

--------------------------------------------------------------------------------
2023-08-30 05:50:11.023 [Info] Connection approved [00000000-0000-0000-0000-000000000000].

--------------------------------------------------------------------------------
2023-08-30 05:50:11.090 [Debug] approval Time=16744836 Offset=63828954666167 Real=63828971411004

--------------------------------------------------------------------------------
2023-08-30 05:50:11.090 [Debug] local Time=16744836 Offset=63828954666253 Real=63828971411090

--------------------------------------------------------------------------------
2023-08-30 05:50:11.090 [Debug] real delta=86

--------------------------------------------------------------------------------
2023-08-30 05:50:11.090 [Debug] this.Statistics.Ping=0 NCPing=2

--------------------------------------------------------------------------------
2023-08-30 05:50:11.092 [Debug] Connection established to remote [00000000-0000-0000-0000-000000000000/127.0.0.1:5400].

--------------------------------------------------------------------------------
2023-08-30 05:50:11.093 [Info] Connected [00000000-0000-0000-0000-000000000000].

--------------------------------------------------------------------------------
2023-08-30 05:50:52.989 [Debug] StatusChanged: [NetIncomingMessage #0 10 bytes] [Disconnecting]

--------------------------------------------------------------------------------
2023-08-30 05:50:52.995 [Debug] StatusChanged: [NetIncomingMessage #0 10 bytes] [Disconnected]

--------------------------------------------------------------------------------
2023-08-30 05:50:52.995 [Debug] Connection terminated to remote [00000000-0000-0000-0000-000000000000/127.0.0.1:5400].

--------------------------------------------------------------------------------
2023-08-30 05:50:52.996 [Info] Disconnected [00000000-0000-0000-0000-000000000000].

--------------------------------------------------------------------------------
