2023-08-30 05:51:00.817 [Info] Connecting to 127.0.0.1:5400...

--------------------------------------------------------------------------------
2023-08-30 05:51:01.290 [Info] Connection approved [00000000-0000-0000-0000-000000000000].

--------------------------------------------------------------------------------
2023-08-30 05:51:01.359 [Debug] approval Time=16795102 Offset=63828954666167 Real=63828971461270

--------------------------------------------------------------------------------
2023-08-30 05:51:01.359 [Debug] local Time=16795102 Offset=63828954666256 Real=63828971461359

--------------------------------------------------------------------------------
2023-08-30 05:51:01.359 [Debug] real delta=88

--------------------------------------------------------------------------------
2023-08-30 05:51:01.359 [Debug] this.Statistics.Ping=0 NCPing=2

--------------------------------------------------------------------------------
2023-08-30 05:51:01.361 [Debug] Connection established to remote [00000000-0000-0000-0000-000000000000/127.0.0.1:5400].

--------------------------------------------------------------------------------
2023-08-30 05:51:01.361 [Info] Connected [00000000-0000-0000-0000-000000000000].

--------------------------------------------------------------------------------
2023-08-30 06:37:24.991 [Debug] StatusChanged: [NetIncomingMessage #262 22 bytes] [Disconnected]

--------------------------------------------------------------------------------
2023-08-30 06:37:24.991 [Debug] Connection terminated to remote [00000000-0000-0000-0000-000000000000/127.0.0.1:5400].

--------------------------------------------------------------------------------
2023-08-30 06:37:24.991 [Info] Disconnected [00000000-0000-0000-0000-000000000000].

--------------------------------------------------------------------------------
