2023-08-30 06:37:57.569 [Info] Connecting to 127.0.0.1:5400...

--------------------------------------------------------------------------------
2023-08-30 06:37:58.040 [Info] Connection approved [00000000-0000-0000-0000-000000000000].

--------------------------------------------------------------------------------
2023-08-30 06:37:58.112 [Debug] approval Time=7132 Offset=63828974270886 Real=63828974278019

--------------------------------------------------------------------------------
2023-08-30 06:37:58.112 [Debug] local Time=7132 Offset=63828974270979 Real=63828974278112

--------------------------------------------------------------------------------
2023-08-30 06:37:58.113 [Debug] real delta=92

--------------------------------------------------------------------------------
2023-08-30 06:37:58.113 [Debug] this.Statistics.Ping=0 NCPing=2

--------------------------------------------------------------------------------
2023-08-30 06:37:58.114 [Debug] Connection established to remote [00000000-0000-0000-0000-000000000000/127.0.0.1:5400].

--------------------------------------------------------------------------------
2023-08-30 06:37:58.115 [Info] Connected [00000000-0000-0000-0000-000000000000].

--------------------------------------------------------------------------------
2023-08-30 06:38:18.056 [Debug] StatusChanged: [NetIncomingMessage #14 22 bytes] [Disconnected]

--------------------------------------------------------------------------------
2023-08-30 06:38:18.057 [Debug] Connection terminated to remote [00000000-0000-0000-0000-000000000000/127.0.0.1:5400].

--------------------------------------------------------------------------------
2023-08-30 06:38:18.057 [Info] Disconnected [00000000-0000-0000-0000-000000000000].

--------------------------------------------------------------------------------
