2023-08-29 06:46:54.353 [Warn] Directory was specified as a plugin directory but does not exist: 'resources\plugins'

--------------------------------------------------------------------------------
2023-08-29 06:46:54.359 [Info] Discovered 0 plugins:


--------------------------------------------------------------------------------
2023-08-29 06:46:55.343 [Info] Connecting to 127.0.0.1:5400...

--------------------------------------------------------------------------------
2023-08-29 06:46:56.113 [Info] Connection approved [00000000-0000-0000-0000-000000000000].

--------------------------------------------------------------------------------
2023-08-29 06:46:56.181 [Debug] approval Time=20078 Offset=63828888395986 Real=63828888416065

--------------------------------------------------------------------------------
2023-08-29 06:46:56.181 [Debug] local Time=20078 Offset=63828888396102 Real=63828888416181

--------------------------------------------------------------------------------
2023-08-29 06:46:56.181 [Debug] real delta=115

--------------------------------------------------------------------------------
2023-08-29 06:46:56.181 [Debug] this.Statistics.Ping=0 NCPing=1

--------------------------------------------------------------------------------
2023-08-29 06:46:56.182 [Debug] Connection established to remote [00000000-0000-0000-0000-000000000000/127.0.0.1:5400].

--------------------------------------------------------------------------------
2023-08-29 06:46:56.182 [Info] Connected [00000000-0000-0000-0000-000000000000].

--------------------------------------------------------------------------------
2023-08-29 06:46:59.754 [Warn] 'Me' is null.

--------------------------------------------------------------------------------
2023-08-29 06:46:59.817 [Debug] received epp: 23795

--------------------------------------------------------------------------------
2023-08-29 06:47:53.834 [Debug] received epp: 77830

--------------------------------------------------------------------------------
2023-08-29 06:48:56.868 [Debug] received epp: 140858

--------------------------------------------------------------------------------
2023-08-29 06:49:19.431 [Debug] received epp: 163433

--------------------------------------------------------------------------------
2023-08-29 06:49:47.790 [Debug] received epp: 191794

--------------------------------------------------------------------------------
2023-08-29 06:51:09.464 [Debug] received epp: 273453

--------------------------------------------------------------------------------
2023-08-29 06:52:00.569 [Debug] received epp: 324560

--------------------------------------------------------------------------------
2023-08-29 06:52:32.855 [Debug] received epp: 356843

--------------------------------------------------------------------------------
2023-08-29 06:53:07.232 [Debug] received epp: 391235

--------------------------------------------------------------------------------
2023-08-29 06:55:21.737 [Debug] received epp: 525730

--------------------------------------------------------------------------------
2023-08-29 06:55:43.456 [Debug] received epp: 547450

--------------------------------------------------------------------------------
2023-08-29 06:56:53.599 [Debug] received epp: 617577

--------------------------------------------------------------------------------
2023-08-29 06:58:25.909 [Debug] received epp: 709902

--------------------------------------------------------------------------------
2023-08-29 06:58:45.281 [Debug] received epp: 729292

--------------------------------------------------------------------------------
2023-08-29 06:59:05.743 [Debug] received epp: 749733

--------------------------------------------------------------------------------
2023-08-29 06:59:28.221 [Debug] received epp: 772202

--------------------------------------------------------------------------------
2023-08-29 07:02:26.123 [Debug] received epp: 950110

--------------------------------------------------------------------------------
2023-08-29 07:03:11.461 [Debug] received epp: 995439

--------------------------------------------------------------------------------
2023-08-29 07:03:39.534 [Debug] received epp: 1023531

--------------------------------------------------------------------------------
2023-08-29 07:14:43.765 [Debug] received epp: 1687749

--------------------------------------------------------------------------------
2023-08-29 07:16:08.375 [Debug] received epp: 1772375

--------------------------------------------------------------------------------
2023-08-29 07:17:58.645 [Debug] received epp: 1882637

--------------------------------------------------------------------------------
2023-08-29 07:19:18.444 [Debug] received epp: 1962439

--------------------------------------------------------------------------------
2023-08-29 07:19:45.173 [Debug] received epp: 1989158

--------------------------------------------------------------------------------
2023-08-29 07:21:13.398 [Debug] received epp: 2077377

--------------------------------------------------------------------------------
2023-08-29 07:22:27.413 [Debug] received epp: 2151404

--------------------------------------------------------------------------------
2023-08-29 07:29:30.756 [Debug] received epp: 2574734

--------------------------------------------------------------------------------
2023-08-29 07:31:11.252 [Debug] received epp: 2675235

--------------------------------------------------------------------------------
2023-08-29 07:34:07.539 [Debug] received epp: 2851534

--------------------------------------------------------------------------------
2023-08-29 07:34:49.933 [Debug] received epp: 2893924

--------------------------------------------------------------------------------
2023-08-29 08:18:09.689 [Debug] received epp: 5493673

--------------------------------------------------------------------------------
2023-08-29 08:19:59.826 [Debug] received epp: 5603810

--------------------------------------------------------------------------------
2023-08-29 08:21:53.038 [Debug] received epp: 5717033

--------------------------------------------------------------------------------
2023-08-29 08:22:36.428 [Debug] received epp: 5760421

--------------------------------------------------------------------------------
2023-08-29 08:24:22.213 [Debug] received epp: 5866199

--------------------------------------------------------------------------------
2023-08-29 08:24:31.558 [Debug] received epp: 5875534

--------------------------------------------------------------------------------
2023-08-29 08:25:39.754 [Debug] received epp: 5943731

--------------------------------------------------------------------------------
2023-08-29 08:25:59.424 [Debug] received epp: 5963417

--------------------------------------------------------------------------------
2023-08-29 08:26:07.753 [Debug] received epp: 5971750

--------------------------------------------------------------------------------
2023-08-29 08:26:35.821 [Debug] received epp: 5999798

--------------------------------------------------------------------------------
