2023-08-29 00:00:44.539 [Info] Connecting to 127.0.0.1:5400...

--------------------------------------------------------------------------------
2023-08-29 00:00:44.990 [Info] Connection approved [00000000-0000-0000-0000-000000000000].

--------------------------------------------------------------------------------
2023-08-29 00:00:45.055 [Debug] approval Time=84378 Offset=63828863960591 Real=63828864044969

--------------------------------------------------------------------------------
2023-08-29 00:00:45.055 [Debug] local Time=84378 Offset=63828863960677 Real=63828864045055

--------------------------------------------------------------------------------
2023-08-29 00:00:45.056 [Debug] real delta=85

--------------------------------------------------------------------------------
2023-08-29 00:00:45.056 [Debug] this.Statistics.Ping=0 NCPing=1

--------------------------------------------------------------------------------
2023-08-29 00:00:45.057 [Debug] Connection established to remote [00000000-0000-0000-0000-000000000000/127.0.0.1:5400].

--------------------------------------------------------------------------------
2023-08-29 00:00:45.057 [Info] Connected [00000000-0000-0000-0000-000000000000].

--------------------------------------------------------------------------------
2023-08-29 01:24:40.832 [Debug] StatusChanged: [NetIncomingMessage #0 14 bytes] [Disconnected]

--------------------------------------------------------------------------------
2023-08-29 01:24:40.833 [Debug] Connection terminated to remote [00000000-0000-0000-0000-000000000000/127.0.0.1:5400].

--------------------------------------------------------------------------------
2023-08-29 01:24:40.833 [Info] Disconnected [00000000-0000-0000-0000-000000000000].

--------------------------------------------------------------------------------
