2023-08-30 01:14:25.470 [Warn] Directory was specified as a plugin directory but does not exist: 'resources\plugins'

--------------------------------------------------------------------------------
2023-08-30 01:14:25.475 [Info] Discovered 0 plugins:


--------------------------------------------------------------------------------
2023-08-30 01:14:26.721 [Info] Connecting to 127.0.0.1:5400...

--------------------------------------------------------------------------------
2023-08-30 01:14:27.267 [Info] Connection approved [00000000-0000-0000-0000-000000000000].

--------------------------------------------------------------------------------
2023-08-30 01:14:27.337 [Debug] approval Time=201086 Offset=63828954666167 Real=63828954867254

--------------------------------------------------------------------------------
2023-08-30 01:14:27.337 [Debug] local Time=201086 Offset=63828954666250 Real=63828954867337

--------------------------------------------------------------------------------
2023-08-30 01:14:27.337 [Debug] real delta=83

--------------------------------------------------------------------------------
2023-08-30 01:14:27.337 [Debug] this.Statistics.Ping=0 NCPing=2

--------------------------------------------------------------------------------
2023-08-30 01:14:27.340 [Debug] Connection established to remote [00000000-0000-0000-0000-000000000000/127.0.0.1:5400].

--------------------------------------------------------------------------------
2023-08-30 01:14:27.340 [Info] Connected [00000000-0000-0000-0000-000000000000].

--------------------------------------------------------------------------------
2023-08-30 01:14:36.104 [Warn] 'Me' is null.

--------------------------------------------------------------------------------
2023-08-30 01:14:36.436 [Debug] received epp: 209961

--------------------------------------------------------------------------------
2023-08-30 01:19:19.240 [Debug] received epp: 493055

--------------------------------------------------------------------------------
2023-08-30 01:19:25.416 [Debug] received epp: 499243

--------------------------------------------------------------------------------
2023-08-30 01:19:46.661 [Debug] received epp: 520461

--------------------------------------------------------------------------------
2023-08-30 01:19:49.460 [Debug] received epp: 523258

--------------------------------------------------------------------------------
2023-08-30 01:19:59.867 [Debug] received epp: 533681

--------------------------------------------------------------------------------
2023-08-30 01:24:44.959 [Debug] received epp: 818774

--------------------------------------------------------------------------------
2023-08-30 01:28:00.221 [Debug] received epp: 1014024

--------------------------------------------------------------------------------
2023-08-30 02:04:33.193 [Debug] received epp: 3207008

--------------------------------------------------------------------------------
2023-08-30 02:05:40.865 [Debug] received epp: 3274681

--------------------------------------------------------------------------------
2023-08-30 02:06:39.764 [Debug] received epp: 3333571

--------------------------------------------------------------------------------
2023-08-30 02:20:17.102 [Debug] received epp: 4150915

--------------------------------------------------------------------------------
2023-08-30 02:20:47.557 [Debug] received epp: 4181367

--------------------------------------------------------------------------------
2023-08-30 02:22:18.552 [Debug] received epp: 4272368

--------------------------------------------------------------------------------
2023-08-30 02:35:04.286 [Debug] received epp: 5038087

--------------------------------------------------------------------------------
2023-08-30 02:37:12.860 [Debug] received epp: 5166680

--------------------------------------------------------------------------------
2023-08-30 02:42:32.305 [Debug] received epp: 5486117

--------------------------------------------------------------------------------
2023-08-30 02:42:56.049 [Debug] received epp: 5509853

--------------------------------------------------------------------------------
2023-08-30 02:43:00.248 [Debug] received epp: 5514071

--------------------------------------------------------------------------------
2023-08-30 02:43:57.762 [Debug] received epp: 5571571

--------------------------------------------------------------------------------
2023-08-30 02:44:38.785 [Debug] received epp: 5612587

--------------------------------------------------------------------------------
2023-08-30 02:45:07.581 [Debug] received epp: 5641383

--------------------------------------------------------------------------------
2023-08-30 02:45:35.170 [Debug] received epp: 5668993

--------------------------------------------------------------------------------
2023-08-30 02:46:51.226 [Debug] received epp: 5745040

--------------------------------------------------------------------------------
2023-08-30 02:47:44.367 [Debug] received epp: 5798180

--------------------------------------------------------------------------------
2023-08-30 02:48:41.420 [Debug] received epp: 5855244

--------------------------------------------------------------------------------
2023-08-30 02:49:02.136 [Debug] received epp: 5875962

--------------------------------------------------------------------------------
2023-08-30 02:49:50.178 [Debug] received epp: 5923993

--------------------------------------------------------------------------------
2023-08-30 02:54:15.974 [Debug] received epp: 6189790

--------------------------------------------------------------------------------
2023-08-30 02:57:31.575 [Debug] received epp: 6385367

--------------------------------------------------------------------------------
2023-08-30 02:59:02.807 [Debug] received epp: 6476618

--------------------------------------------------------------------------------
2023-08-30 03:02:10.270 [Debug] received epp: 6664086

--------------------------------------------------------------------------------
2023-08-30 03:02:49.288 [Debug] received epp: 6703087

--------------------------------------------------------------------------------
2023-08-30 03:03:08.275 [Debug] received epp: 6722086

--------------------------------------------------------------------------------
2023-08-30 03:04:09.719 [Debug] received epp: 6783540

--------------------------------------------------------------------------------
2023-08-30 03:04:38.080 [Debug] received epp: 6811899

--------------------------------------------------------------------------------
2023-08-30 03:04:46.441 [Debug] received epp: 6820258

--------------------------------------------------------------------------------
2023-08-30 03:05:30.709 [Debug] received epp: 6864539

--------------------------------------------------------------------------------
2023-08-30 03:06:09.730 [Debug] received epp: 6903540

--------------------------------------------------------------------------------
2023-08-30 03:08:59.969 [Debug] received epp: 7073774

--------------------------------------------------------------------------------
2023-08-30 03:09:31.504 [Debug] received epp: 7105305

--------------------------------------------------------------------------------
2023-08-30 03:09:42.864 [Debug] received epp: 7116695

--------------------------------------------------------------------------------
2023-08-30 03:10:23.242 [Debug] received epp: 7157040

--------------------------------------------------------------------------------
2023-08-30 03:12:18.008 [Debug] received epp: 7271821

--------------------------------------------------------------------------------
2023-08-30 03:13:07.165 [Debug] received epp: 7320977

--------------------------------------------------------------------------------
2023-08-30 03:17:40.505 [Debug] received epp: 7594321

--------------------------------------------------------------------------------
2023-08-30 03:18:47.003 [Debug] received epp: 7660820

--------------------------------------------------------------------------------
2023-08-30 03:19:44.353 [Debug] received epp: 7718165

--------------------------------------------------------------------------------
2023-08-30 03:22:57.804 [Debug] received epp: 7911617

--------------------------------------------------------------------------------
2023-08-30 03:23:07.952 [Debug] received epp: 7921774

--------------------------------------------------------------------------------
2023-08-30 03:23:15.530 [Debug] received epp: 7929353

--------------------------------------------------------------------------------
2023-08-30 03:23:25.978 [Debug] received epp: 7939774

--------------------------------------------------------------------------------
2023-08-30 03:24:41.295 [Debug] received epp: 8015102

--------------------------------------------------------------------------------
2023-08-30 03:31:37.232 [Debug] received epp: 8431039

--------------------------------------------------------------------------------
2023-08-30 03:32:19.470 [Debug] received epp: 8473290

--------------------------------------------------------------------------------
2023-08-30 03:32:43.217 [Debug] received epp: 8497039

--------------------------------------------------------------------------------
2023-08-30 03:33:10.195 [Debug] received epp: 8524008

--------------------------------------------------------------------------------
2023-08-30 03:34:19.013 [Debug] received epp: 8592821

--------------------------------------------------------------------------------
2023-08-30 03:34:56.550 [Debug] received epp: 8630368

--------------------------------------------------------------------------------
2023-08-30 03:35:49.265 [Debug] received epp: 8683071

--------------------------------------------------------------------------------
2023-08-30 03:35:58.932 [Debug] received epp: 8692742

--------------------------------------------------------------------------------
2023-08-30 03:41:57.306 [Debug] received epp: 9051133

--------------------------------------------------------------------------------
2023-08-30 03:43:06.922 [Debug] received epp: 9120742

--------------------------------------------------------------------------------
2023-08-30 03:44:21.782 [Debug] received epp: 9195587

--------------------------------------------------------------------------------
2023-08-30 03:45:25.236 [Debug] received epp: 9259055

--------------------------------------------------------------------------------
2023-08-30 03:47:52.297 [Debug] received epp: 9406117

--------------------------------------------------------------------------------
2023-08-30 03:49:36.505 [Debug] received epp: 9510305

--------------------------------------------------------------------------------
2023-08-30 03:49:53.012 [Debug] received epp: 9526820

--------------------------------------------------------------------------------
2023-08-30 03:50:06.355 [Debug] received epp: 9540165

--------------------------------------------------------------------------------
2023-08-30 03:50:31.741 [Debug] received epp: 9565556

--------------------------------------------------------------------------------
2023-08-30 03:52:27.888 [Debug] received epp: 9681711

--------------------------------------------------------------------------------
2023-08-30 03:53:30.310 [Debug] received epp: 9744134

--------------------------------------------------------------------------------
2023-08-30 03:53:50.271 [Debug] received epp: 9764086

--------------------------------------------------------------------------------
2023-08-30 03:55:54.437 [Debug] received epp: 9888258

--------------------------------------------------------------------------------
2023-08-30 04:06:03.443 [Debug] received epp: 10497242

--------------------------------------------------------------------------------
2023-08-30 04:07:39.131 [Debug] received epp: 10592945

--------------------------------------------------------------------------------
2023-08-30 04:13:50.848 [Debug] received epp: 10964664

--------------------------------------------------------------------------------
2023-08-30 05:22:28.449 [Debug] received epp: 15082258

--------------------------------------------------------------------------------
2023-08-30 05:23:02.366 [Debug] received epp: 15116180

--------------------------------------------------------------------------------
2023-08-30 05:26:34.397 [Debug] received epp: 15328227

--------------------------------------------------------------------------------
2023-08-30 05:26:45.453 [Debug] received epp: 15339274

--------------------------------------------------------------------------------
2023-08-30 05:39:48.119 [Debug] received epp: 16121946

--------------------------------------------------------------------------------
2023-08-30 05:45:56.974 [Debug] received epp: 16490774

--------------------------------------------------------------------------------
2023-08-30 05:46:34.526 [Debug] received epp: 16528337

--------------------------------------------------------------------------------
2023-08-30 05:47:10.827 [Debug] received epp: 16564648

--------------------------------------------------------------------------------
2023-08-30 05:48:07.886 [Debug] received epp: 16621696

--------------------------------------------------------------------------------
2023-08-30 05:48:46.979 [Debug] received epp: 16660789

--------------------------------------------------------------------------------
2023-08-30 05:49:00.186 [Debug] received epp: 16674008

--------------------------------------------------------------------------------
2023-08-30 05:49:14.882 [Info] System window closing (due to user interaction most likely).

--------------------------------------------------------------------------------
2023-08-30 05:49:14.883 [Debug] StatusChanged: [NetIncomingMessage #0 10 bytes] [Disconnecting]

--------------------------------------------------------------------------------
2023-08-30 05:49:14.886 [Debug] StatusChanged: [NetIncomingMessage #0 14 bytes] [Disconnected]

--------------------------------------------------------------------------------
2023-08-30 05:49:14.946 [Info] Acquiring context lock... (0ms)

--------------------------------------------------------------------------------
2023-08-30 05:49:14.946 [Info] Acquired. (0ms)

--------------------------------------------------------------------------------
2023-08-30 05:49:14.946 [Info] Beginning context dispose. (0ms)

--------------------------------------------------------------------------------
2023-08-30 05:49:14.947 [Info] GC.SuppressFinalize (0ms)

--------------------------------------------------------------------------------
2023-08-30 05:49:14.947 [Info] InternalDispose() completed. (0ms)

--------------------------------------------------------------------------------
2023-08-30 05:49:14.947 [Info] Clearing instance... (1ms)

--------------------------------------------------------------------------------
2023-08-30 05:49:14.947 [Info] Releasing context lock... (1ms)

--------------------------------------------------------------------------------
2023-08-30 05:49:14.947 [Info] Released. (1ms)

--------------------------------------------------------------------------------
