2023-08-27 03:20:23.657 [Warn] Directory was specified as a plugin directory but does not exist: 'resources\plugins'

--------------------------------------------------------------------------------
2023-08-27 03:20:23.665 [Info] Discovered 0 plugins:


--------------------------------------------------------------------------------
2023-08-27 03:20:23.763 [Warn] FileNotFoundException: No se pudo encontrar el archivo 'C:\Users\Javier\Desktop\cosas de ciberdaun\MMO-Release\Cliente y Editor\resources\client_strings.json'.
    Stack:    en System.IO.__Error.WinIOError(Int32 errorCode, String maybeFullPath)
   en System.IO.FileStream.Init(String path, FileMode mode, FileAccess access, Int32 rights, Boolean useRights, FileShare share, Int32 bufferSize, FileOptions options, SECURITY_ATTRIBUTES secAttrs, String msgPath, Boolean bFromProxy, Boolean useLongPath, Boolean checkHost)
   en System.IO.FileStream..ctor(String path, FileMode mode, FileAccess access, FileShare share, Int32 bufferSize, FileOptions options, String msgPath, Boolean bFromProxy, Boolean useLongPath, Boolean checkHost)
   en System.IO.StreamReader..ctor(String path, Encoding encoding, Boolean detectEncodingFromByteOrderMarks, Int32 bufferSize, Boolean checkHost)
   en System.IO.File.InternalReadAllText(String path, Encoding encoding, Boolean checkHost)
   en Intersect.Client.Localization.Strings.Load()


--------------------------------------------------------------------------------
2023-08-27 03:20:23.876 [Warn] FileNotFoundException: Missing configuration file.
    Stack:    en Intersect.Configuration.ConfigurationHelper.Load[T](T configuration, String filePath, Boolean failQuietly)
   en Intersect.Configuration.ClientConfiguration.Load(String filePath, Boolean failQuietly)
   en Intersect.Configuration.ConfigurationHelper.LoadSafely[T](T configuration, String filePath)


--------------------------------------------------------------------------------
2023-08-27 03:20:24.687 [Info] Connecting to 127.0.0.1:5400...

--------------------------------------------------------------------------------
2023-08-27 03:20:34.230 [Info] System window closing (due to user interaction most likely).

--------------------------------------------------------------------------------
2023-08-27 03:20:34.231 [Debug] StatusChanged: [NetIncomingMessage #0 10 bytes] [Disconnecting]

--------------------------------------------------------------------------------
2023-08-27 03:20:34.235 [Debug] StatusChanged: [NetIncomingMessage #0 14 bytes] [Disconnected]

--------------------------------------------------------------------------------
2023-08-27 03:20:34.236 [Debug] Unknown client disconnected (00-00-00-00-00-00-00-00).

--------------------------------------------------------------------------------
2023-08-27 03:20:34.236 [Info] Disconnected [00000000-0000-0000-0000-000000000000].

--------------------------------------------------------------------------------
2023-08-27 03:20:34.268 [Info] Acquiring context lock... (0ms)

--------------------------------------------------------------------------------
2023-08-27 03:20:34.268 [Info] Acquired. (0ms)

--------------------------------------------------------------------------------
2023-08-27 03:20:34.269 [Info] Beginning context dispose. (0ms)

--------------------------------------------------------------------------------
2023-08-27 03:20:34.269 [Info] GC.SuppressFinalize (0ms)

--------------------------------------------------------------------------------
2023-08-27 03:20:34.269 [Info] InternalDispose() completed. (0ms)

--------------------------------------------------------------------------------
2023-08-27 03:20:34.269 [Info] Clearing instance... (1ms)

--------------------------------------------------------------------------------
2023-08-27 03:20:34.269 [Info] Releasing context lock... (1ms)

--------------------------------------------------------------------------------
2023-08-27 03:20:34.269 [Info] Released. (1ms)

--------------------------------------------------------------------------------
