2023-08-27 03:28:11.820 [Warn] Directory was specified as a plugin directory but does not exist: 'resources\plugins'

--------------------------------------------------------------------------------
2023-08-27 03:28:11.826 [Info] Discovered 0 plugins:


--------------------------------------------------------------------------------
2023-08-27 03:28:12.804 [Info] Connecting to 127.0.0.1:5400...

--------------------------------------------------------------------------------
2023-08-27 03:28:13.267 [Info] Connection approved [00000000-0000-0000-0000-000000000000].

--------------------------------------------------------------------------------
2023-08-27 03:28:13.341 [Debug] approval Time=448966 Offset=63828703244285 Real=63828703693252

--------------------------------------------------------------------------------
2023-08-27 03:28:13.341 [Debug] local Time=448966 Offset=63828703244374 Real=63828703693341

--------------------------------------------------------------------------------
2023-08-27 03:28:13.341 [Debug] real delta=89

--------------------------------------------------------------------------------
2023-08-27 03:28:13.341 [Debug] this.Statistics.Ping=0 NCPing=2

--------------------------------------------------------------------------------
2023-08-27 03:28:13.343 [Debug] Connection established to remote [00000000-0000-0000-0000-000000000000/127.0.0.1:5400].

--------------------------------------------------------------------------------
2023-08-27 03:28:13.343 [Info] Connected [00000000-0000-0000-0000-000000000000].

--------------------------------------------------------------------------------
2023-08-27 03:28:31.078 [Warn] 'Me' is null.

--------------------------------------------------------------------------------
2023-08-27 03:28:31.337 [Debug] received epp: 466743

--------------------------------------------------------------------------------
