2023-08-27 03:23:02.642 [Warn] FileNotFoundException: No se pudo encontrar el archivo 'C:\Users\Javier\Desktop\cosas de ciberdaun\MMO-Release\Cliente y Editor\resources\editor_strings.json'.
    Stack:    en System.IO.__Error.WinIOError(Int32 errorCode, String maybeFullPath)
   en System.IO.FileStream.Init(String path, FileMode mode, FileAccess access, Int32 rights, Boolean useRights, FileShare share, Int32 bufferSize, FileOptions options, SECURITY_ATTRIBUTES secAttrs, String msgPath, Boolean bFromProxy, Boolean useLongPath, Boolean checkHost)
   en System.IO.FileStream..ctor(String path, FileMode mode, FileAccess access, FileShare share, Int32 bufferSize, FileOptions options, String msgPath, Boolean bFromProxy, Boolean useLongPath, Boolean checkHost)
   en System.IO.StreamReader..ctor(String path, Encoding encoding, Boolean detectEncodingFromByteOrderMarks, Int32 bufferSize, Boolean checkHost)
   en System.IO.File.InternalReadAllText(String path, Encoding encoding, Boolean checkHost)
   en Intersect.Editor.Localization.Strings.Load()


--------------------------------------------------------------------------------
2023-08-27 03:23:02.955 [Warn] Missing strings, overwriting strings file:
	Direction.dir (string dictionary),
	NpcEditor.Immunities (string dictionary),
	ProjectileEditor.GrappleOpts (string dictionary)

--------------------------------------------------------------------------------
2023-08-27 03:23:03.251 [Info] Connecting to 127.0.0.1:5400...

--------------------------------------------------------------------------------
2023-08-27 03:23:03.700 [Info] Connection approved [00000000-0000-0000-0000-000000000000].

--------------------------------------------------------------------------------
2023-08-27 03:23:03.742 [Debug] approval Time=139400 Offset=63828703244285 Real=63828703383685

--------------------------------------------------------------------------------
2023-08-27 03:23:03.742 [Debug] local Time=139400 Offset=63828703244342 Real=63828703383742

--------------------------------------------------------------------------------
2023-08-27 03:23:03.742 [Debug] real delta=57

--------------------------------------------------------------------------------
2023-08-27 03:23:03.742 [Debug] this.Statistics.Ping=0 NCPing=2

--------------------------------------------------------------------------------
2023-08-27 03:23:03.743 [Debug] Connection established to remote [00000000-0000-0000-0000-000000000000/127.0.0.1:5400].

--------------------------------------------------------------------------------
2023-08-27 03:23:03.744 [Info] Connected [00000000-0000-0000-0000-000000000000].

--------------------------------------------------------------------------------
2023-08-27 03:23:03.803 [Warn] Missing strings, overwriting strings file:
	Direction.dir[None],
	Direction.dir[Up],
	Direction.dir[Down],
	Direction.dir[Left],
	Direction.dir[Right],
	NpcEditor.Immunities[Knockback],
	NpcEditor.Immunities[Silence],
	NpcEditor.Immunities[Stun],
	NpcEditor.Immunities[Snare],
	NpcEditor.Immunities[Blind],
	NpcEditor.Immunities[Transform],
	NpcEditor.Immunities[Sleep],
	NpcEditor.Immunities[Taunt],
	ProjectileEditor.GrappleOpts[MapAttribute],
	ProjectileEditor.GrappleOpts[Player],
	ProjectileEditor.GrappleOpts[NPC],
	ProjectileEditor.GrappleOpts[Resource]

--------------------------------------------------------------------------------
