2023-08-30 05:41:25.917 [Info] Connecting to 127.0.0.1:5400...

--------------------------------------------------------------------------------
2023-08-30 05:41:26.383 [Info] Connection approved [00000000-0000-0000-0000-000000000000].

--------------------------------------------------------------------------------
2023-08-30 05:41:26.454 [Debug] approval Time=16220196 Offset=63828954666167 Real=63828970886364

--------------------------------------------------------------------------------
2023-08-30 05:41:26.454 [Debug] local Time=16220196 Offset=63828954666258 Real=63828970886454

--------------------------------------------------------------------------------
2023-08-30 05:41:26.455 [Debug] real delta=90

--------------------------------------------------------------------------------
2023-08-30 05:41:26.455 [Debug] this.Statistics.Ping=0 NCPing=2

--------------------------------------------------------------------------------
2023-08-30 05:41:26.456 [Debug] Connection established to remote [00000000-0000-0000-0000-000000000000/127.0.0.1:5400].

--------------------------------------------------------------------------------
2023-08-30 05:41:26.457 [Info] Connected [00000000-0000-0000-0000-000000000000].

--------------------------------------------------------------------------------
2023-08-30 05:49:17.332 [Debug] StatusChanged: [NetIncomingMessage #0 10 bytes] [Disconnecting]

--------------------------------------------------------------------------------
2023-08-30 05:49:17.333 [Debug] StatusChanged: [NetIncomingMessage #0 10 bytes] [Disconnected]

--------------------------------------------------------------------------------
2023-08-30 05:49:17.333 [Debug] Connection terminated to remote [00000000-0000-0000-0000-000000000000/127.0.0.1:5400].

--------------------------------------------------------------------------------
2023-08-30 05:49:17.334 [Info] Disconnected [00000000-0000-0000-0000-000000000000].

--------------------------------------------------------------------------------
