2023-08-30 01:35:12.077 [Info] Connecting to 127.0.0.1:5400...

--------------------------------------------------------------------------------
2023-08-30 01:35:12.529 [Info] Connection approved [00000000-0000-0000-0000-000000000000].

--------------------------------------------------------------------------------
2023-08-30 01:35:12.598 [Debug] approval Time=1446352 Offset=63828954666167 Real=63828956112519

--------------------------------------------------------------------------------
2023-08-30 01:35:12.598 [Debug] local Time=1446352 Offset=63828954666245 Real=63828956112598

--------------------------------------------------------------------------------
2023-08-30 01:35:12.599 [Debug] real delta=78

--------------------------------------------------------------------------------
2023-08-30 01:35:12.599 [Debug] this.Statistics.Ping=0 NCPing=2

--------------------------------------------------------------------------------
2023-08-30 01:35:12.600 [Debug] Connection established to remote [00000000-0000-0000-0000-000000000000/127.0.0.1:5400].

--------------------------------------------------------------------------------
2023-08-30 01:35:12.600 [Info] Connected [00000000-0000-0000-0000-000000000000].

--------------------------------------------------------------------------------
2023-08-30 01:54:10.388 [Debug] StatusChanged: [NetIncomingMessage #0 10 bytes] [Disconnecting]

--------------------------------------------------------------------------------
2023-08-30 01:54:10.394 [Debug] StatusChanged: [NetIncomingMessage #0 10 bytes] [Disconnected]

--------------------------------------------------------------------------------
2023-08-30 01:54:10.394 [Debug] Connection terminated to remote [00000000-0000-0000-0000-000000000000/127.0.0.1:5400].

--------------------------------------------------------------------------------
2023-08-30 01:54:10.394 [Info] Disconnected [00000000-0000-0000-0000-000000000000].

--------------------------------------------------------------------------------
