2023-08-30 01:13:23.027 [Info] Connecting to 127.0.0.1:5400...

--------------------------------------------------------------------------------
2023-08-30 01:13:23.490 [Info] Connection approved [00000000-0000-0000-0000-000000000000].

--------------------------------------------------------------------------------
2023-08-30 01:13:23.558 [Debug] approval Time=137305 Offset=63828954666167 Real=63828954803473

--------------------------------------------------------------------------------
2023-08-30 01:13:23.558 [Debug] local Time=137305 Offset=63828954666252 Real=63828954803558

--------------------------------------------------------------------------------
2023-08-30 01:13:23.558 [Debug] real delta=84

--------------------------------------------------------------------------------
2023-08-30 01:13:23.558 [Debug] this.Statistics.Ping=0 NCPing=2

--------------------------------------------------------------------------------
2023-08-30 01:13:23.560 [Debug] Connection established to remote [00000000-0000-0000-0000-000000000000/127.0.0.1:5400].

--------------------------------------------------------------------------------
2023-08-30 01:13:23.560 [Info] Connected [00000000-0000-0000-0000-000000000000].

--------------------------------------------------------------------------------
2023-08-30 01:14:32.296 [Debug] StatusChanged: [NetIncomingMessage #0 10 bytes] [Disconnecting]

--------------------------------------------------------------------------------
2023-08-30 01:14:32.300 [Debug] StatusChanged: [NetIncomingMessage #0 10 bytes] [Disconnected]

--------------------------------------------------------------------------------
2023-08-30 01:14:32.300 [Debug] Connection terminated to remote [00000000-0000-0000-0000-000000000000/127.0.0.1:5400].

--------------------------------------------------------------------------------
2023-08-30 01:14:32.300 [Info] Disconnected [00000000-0000-0000-0000-000000000000].

--------------------------------------------------------------------------------
