2023-08-30 01:11:53.087 [Info] Connecting to 127.0.0.1:5400...

--------------------------------------------------------------------------------
2023-08-30 01:11:53.821 [Info] Connection approved [00000000-0000-0000-0000-000000000000].

--------------------------------------------------------------------------------
2023-08-30 01:11:53.886 [Debug] approval Time=47602 Offset=63828954666167 Real=63828954713770

--------------------------------------------------------------------------------
2023-08-30 01:11:53.886 [Debug] local Time=47602 Offset=63828954666283 Real=63828954713885

--------------------------------------------------------------------------------
2023-08-30 01:11:53.886 [Debug] real delta=115

--------------------------------------------------------------------------------
2023-08-30 01:11:53.886 [Debug] this.Statistics.Ping=0 NCPing=3

--------------------------------------------------------------------------------
2023-08-30 01:11:53.888 [Debug] Connection established to remote [00000000-0000-0000-0000-000000000000/127.0.0.1:5400].

--------------------------------------------------------------------------------
2023-08-30 01:11:53.888 [Info] Connected [00000000-0000-0000-0000-000000000000].

--------------------------------------------------------------------------------
2023-08-30 01:11:58.023 [Debug] StatusChanged: [NetIncomingMessage #0 10 bytes] [Disconnecting]

--------------------------------------------------------------------------------
2023-08-30 01:11:58.024 [Debug] StatusChanged: [NetIncomingMessage #0 10 bytes] [Disconnected]

--------------------------------------------------------------------------------
2023-08-30 01:11:58.024 [Debug] Connection terminated to remote [00000000-0000-0000-0000-000000000000/127.0.0.1:5400].

--------------------------------------------------------------------------------
2023-08-30 01:11:58.024 [Info] Disconnected [00000000-0000-0000-0000-000000000000].

--------------------------------------------------------------------------------
2023-08-30 01:11:58.026 [Info] Connecting to 127.0.0.1:5400...

--------------------------------------------------------------------------------
