2023-08-30 05:25:51.356 [Info] Connecting to 127.0.0.1:5400...

--------------------------------------------------------------------------------
2023-08-30 05:25:51.871 [Info] Connection approved [00000000-0000-0000-0000-000000000000].

--------------------------------------------------------------------------------
2023-08-30 05:25:51.940 [Debug] approval Time=15285696 Offset=63828954666167 Real=63828969951864

--------------------------------------------------------------------------------
2023-08-30 05:25:51.940 [Debug] local Time=15285696 Offset=63828954666244 Real=63828969951940

--------------------------------------------------------------------------------
2023-08-30 05:25:51.941 [Debug] real delta=76

--------------------------------------------------------------------------------
2023-08-30 05:25:51.941 [Debug] this.Statistics.Ping=0 NCPing=2

--------------------------------------------------------------------------------
2023-08-30 05:25:51.942 [Debug] Connection established to remote [00000000-0000-0000-0000-000000000000/127.0.0.1:5400].

--------------------------------------------------------------------------------
2023-08-30 05:25:51.942 [Info] Connected [00000000-0000-0000-0000-000000000000].

--------------------------------------------------------------------------------
2023-08-30 05:39:49.551 [Debug] StatusChanged: [NetIncomingMessage #33 10 bytes] [Disconnecting]

--------------------------------------------------------------------------------
2023-08-30 05:39:49.557 [Debug] StatusChanged: [NetIncomingMessage #34 10 bytes] [Disconnected]

--------------------------------------------------------------------------------
2023-08-30 05:39:49.558 [Debug] Connection terminated to remote [00000000-0000-0000-0000-000000000000/127.0.0.1:5400].

--------------------------------------------------------------------------------
2023-08-30 05:39:49.558 [Info] Disconnected [00000000-0000-0000-0000-000000000000].

--------------------------------------------------------------------------------
