2023-08-28 00:49:10.654 [Warn] Directory was specified as a plugin directory but does not exist: 'resources\plugins'

--------------------------------------------------------------------------------
2023-08-28 00:49:10.659 [Info] Discovered 0 plugins:


--------------------------------------------------------------------------------
2023-08-28 00:49:11.556 [Info] Connecting to 127.0.0.1:5400...

--------------------------------------------------------------------------------
2023-08-28 00:49:12.195 [Info] Connection approved [00000000-0000-0000-0000-000000000000].

--------------------------------------------------------------------------------
2023-08-28 00:49:12.239 [Debug] approval Time=19352 Offset=63828780532787 Real=63828780552139

--------------------------------------------------------------------------------
2023-08-28 00:49:12.239 [Debug] local Time=19352 Offset=63828780532887 Real=63828780552239

--------------------------------------------------------------------------------
2023-08-28 00:49:12.239 [Debug] real delta=100

--------------------------------------------------------------------------------
2023-08-28 00:49:12.239 [Debug] this.Statistics.Ping=0 NCPing=2

--------------------------------------------------------------------------------
2023-08-28 00:49:12.241 [Debug] Connection established to remote [00000000-0000-0000-0000-000000000000/127.0.0.1:5400].

--------------------------------------------------------------------------------
2023-08-28 00:49:12.241 [Info] Connected [00000000-0000-0000-0000-000000000000].

--------------------------------------------------------------------------------
2023-08-28 00:49:18.395 [Warn] 'Me' is null.

--------------------------------------------------------------------------------
2023-08-28 00:49:18.628 [Debug] received epp: 25635

--------------------------------------------------------------------------------
2023-08-28 00:58:00.304 [Debug] received epp: 547494

--------------------------------------------------------------------------------
2023-08-28 01:01:56.139 [Debug] received epp: 783320

--------------------------------------------------------------------------------
2023-08-28 01:03:01.507 [Debug] received epp: 848712

--------------------------------------------------------------------------------
2023-08-28 01:04:10.398 [Debug] received epp: 917600

--------------------------------------------------------------------------------
2023-08-28 01:08:11.200 [Debug] received epp: 1158403

--------------------------------------------------------------------------------
2023-08-28 01:08:56.924 [Debug] received epp: 1204118

--------------------------------------------------------------------------------
2023-08-28 01:09:26.834 [Debug] received epp: 1234010

--------------------------------------------------------------------------------
2023-08-28 01:10:01.924 [Debug] received epp: 1269100

--------------------------------------------------------------------------------
2023-08-28 01:10:50.517 [Debug] received epp: 1317709

--------------------------------------------------------------------------------
2023-08-28 01:11:34.561 [Debug] received epp: 1361743

--------------------------------------------------------------------------------
2023-08-28 01:12:12.341 [Debug] received epp: 1399537

--------------------------------------------------------------------------------
2023-08-28 01:12:48.166 [Debug] received epp: 1435367

--------------------------------------------------------------------------------
2023-08-28 01:13:11.457 [Debug] received epp: 1458653

--------------------------------------------------------------------------------
2023-08-28 01:13:45.070 [Debug] received epp: 1492255

--------------------------------------------------------------------------------
2023-08-28 01:14:25.640 [Debug] received epp: 1532837

--------------------------------------------------------------------------------
2023-08-28 01:14:50.683 [Debug] received epp: 1557868

--------------------------------------------------------------------------------
2023-08-28 01:15:34.135 [Debug] received epp: 1601338

--------------------------------------------------------------------------------
2023-08-28 01:18:44.089 [Debug] received epp: 1791276

--------------------------------------------------------------------------------
2023-08-28 01:19:22.665 [Debug] received epp: 1829851

--------------------------------------------------------------------------------
2023-08-28 01:20:08.259 [Debug] received epp: 1875445

--------------------------------------------------------------------------------
2023-08-28 01:21:14.113 [Debug] received epp: 1941293

--------------------------------------------------------------------------------
2023-08-28 01:21:34.914 [Debug] received epp: 1962115

--------------------------------------------------------------------------------
2023-08-28 01:21:50.488 [Debug] received epp: 1977665

--------------------------------------------------------------------------------
2023-08-28 01:22:14.862 [Debug] received epp: 2002053

--------------------------------------------------------------------------------
2023-08-28 01:29:34.841 [Debug] received epp: 2442022

--------------------------------------------------------------------------------
2023-08-28 01:31:33.278 [Debug] received epp: 2560458

--------------------------------------------------------------------------------
2023-08-28 01:35:14.991 [Debug] received epp: 2782179

--------------------------------------------------------------------------------
2023-08-28 01:51:32.297 [Debug] received epp: 3759491

--------------------------------------------------------------------------------
2023-08-28 01:56:45.357 [Debug] received epp: 4072539

--------------------------------------------------------------------------------
2023-08-28 02:00:04.420 [Debug] received epp: 4271618

--------------------------------------------------------------------------------
2023-08-28 02:06:07.022 [Debug] received epp: 4634212

--------------------------------------------------------------------------------
2023-08-28 02:06:49.783 [Debug] received epp: 4676977

--------------------------------------------------------------------------------
2023-08-28 02:18:06.140 [Debug] received epp: 5353324

--------------------------------------------------------------------------------
2023-08-28 02:18:37.858 [Debug] received epp: 5385053

--------------------------------------------------------------------------------
2023-08-28 02:25:00.565 [Debug] received epp: 5767744

--------------------------------------------------------------------------------
2023-08-28 02:27:17.109 [Debug] received epp: 5904289

--------------------------------------------------------------------------------
2023-08-28 02:28:36.980 [Debug] received epp: 5984185

--------------------------------------------------------------------------------
2023-08-28 02:30:54.291 [Debug] received epp: 6121493

--------------------------------------------------------------------------------
2023-08-28 02:31:30.955 [Debug] received epp: 6158148

--------------------------------------------------------------------------------
2023-08-28 02:38:42.720 [Debug] received epp: 6589898

--------------------------------------------------------------------------------
2023-08-28 02:39:39.857 [Debug] received epp: 6647052

--------------------------------------------------------------------------------
2023-08-28 02:50:38.148 [Debug] received epp: 7305339

--------------------------------------------------------------------------------
2023-08-28 02:51:32.659 [Debug] received epp: 7359849

--------------------------------------------------------------------------------
2023-08-28 02:52:16.414 [Debug] received epp: 7403601

--------------------------------------------------------------------------------
