2023-08-30 01:55:22.094 [Info] Connecting to 127.0.0.1:5400...

--------------------------------------------------------------------------------
2023-08-30 01:55:22.561 [Info] Connection approved [00000000-0000-0000-0000-000000000000].

--------------------------------------------------------------------------------
2023-08-30 01:55:22.628 [Debug] approval Time=2656383 Offset=63828954666167 Real=63828957322551

--------------------------------------------------------------------------------
2023-08-30 01:55:22.628 [Debug] local Time=2656383 Offset=63828954666244 Real=63828957322628

--------------------------------------------------------------------------------
2023-08-30 01:55:22.628 [Debug] real delta=76

--------------------------------------------------------------------------------
2023-08-30 01:55:22.628 [Debug] this.Statistics.Ping=0 NCPing=2

--------------------------------------------------------------------------------
2023-08-30 01:55:22.630 [Debug] Connection established to remote [00000000-0000-0000-0000-000000000000/127.0.0.1:5400].

--------------------------------------------------------------------------------
2023-08-30 01:55:22.630 [Info] Connected [00000000-0000-0000-0000-000000000000].

--------------------------------------------------------------------------------
2023-08-30 01:58:24.908 [Debug] StatusChanged: [NetIncomingMessage #0 10 bytes] [Disconnecting]

--------------------------------------------------------------------------------
2023-08-30 01:58:24.911 [Debug] StatusChanged: [NetIncomingMessage #0 10 bytes] [Disconnected]

--------------------------------------------------------------------------------
2023-08-30 01:58:24.911 [Debug] Connection terminated to remote [00000000-0000-0000-0000-000000000000/127.0.0.1:5400].

--------------------------------------------------------------------------------
2023-08-30 01:58:24.911 [Info] Disconnected [00000000-0000-0000-0000-000000000000].

--------------------------------------------------------------------------------
