2023-08-30 05:39:54.227 [Info] Connecting to 127.0.0.1:5400...

--------------------------------------------------------------------------------
2023-08-30 05:39:54.676 [Info] Connection approved [00000000-0000-0000-0000-000000000000].

--------------------------------------------------------------------------------
2023-08-30 05:39:54.743 [Debug] approval Time=16128492 Offset=63828954666167 Real=63828970794660

--------------------------------------------------------------------------------
2023-08-30 05:39:54.743 [Debug] local Time=16128492 Offset=63828954666250 Real=63828970794743

--------------------------------------------------------------------------------
2023-08-30 05:39:54.743 [Debug] real delta=83

--------------------------------------------------------------------------------
2023-08-30 05:39:54.744 [Debug] this.Statistics.Ping=0 NCPing=2

--------------------------------------------------------------------------------
2023-08-30 05:39:54.745 [Debug] Connection established to remote [00000000-0000-0000-0000-000000000000/127.0.0.1:5400].

--------------------------------------------------------------------------------
2023-08-30 05:39:54.745 [Info] Connected [00000000-0000-0000-0000-000000000000].

--------------------------------------------------------------------------------
2023-08-30 05:40:57.507 [Debug] StatusChanged: [NetIncomingMessage #0 10 bytes] [Disconnecting]

--------------------------------------------------------------------------------
2023-08-30 05:40:57.510 [Debug] StatusChanged: [NetIncomingMessage #0 10 bytes] [Disconnected]

--------------------------------------------------------------------------------
2023-08-30 05:40:57.510 [Debug] Connection terminated to remote [00000000-0000-0000-0000-000000000000/127.0.0.1:5400].

--------------------------------------------------------------------------------
2023-08-30 05:40:57.510 [Info] Disconnected [00000000-0000-0000-0000-000000000000].

--------------------------------------------------------------------------------
