2023-08-27 06:05:53.999 [Warn] Directory was specified as a plugin directory but does not exist: 'resources\plugins'

--------------------------------------------------------------------------------
2023-08-27 06:05:54.029 [Info] Discovered 0 plugins:


--------------------------------------------------------------------------------
2023-08-27 06:05:55.090 [Info] Connecting to 127.0.0.1:5400...

--------------------------------------------------------------------------------
2023-08-27 06:05:58.461 [Info] System window closing (due to user interaction most likely).

--------------------------------------------------------------------------------
2023-08-27 06:05:58.464 [Debug] StatusChanged: [NetIncomingMessage #0 10 bytes] [Disconnecting]

--------------------------------------------------------------------------------
2023-08-27 06:05:58.467 [Debug] StatusChanged: [NetIncomingMessage #0 14 bytes] [Disconnected]

--------------------------------------------------------------------------------
2023-08-27 06:05:58.471 [Debug] Unknown client disconnected (00-00-00-00-00-00-00-00).

--------------------------------------------------------------------------------
2023-08-27 06:05:58.472 [Info] Disconnected [00000000-0000-0000-0000-000000000000].

--------------------------------------------------------------------------------
2023-08-27 06:05:58.503 [Info] Acquiring context lock... (0ms)

--------------------------------------------------------------------------------
2023-08-27 06:05:58.503 [Info] Acquired. (0ms)

--------------------------------------------------------------------------------
2023-08-27 06:05:58.504 [Info] Beginning context dispose. (0ms)

--------------------------------------------------------------------------------
2023-08-27 06:05:58.504 [Info] GC.SuppressFinalize (0ms)

--------------------------------------------------------------------------------
2023-08-27 06:05:58.504 [Info] InternalDispose() completed. (0ms)

--------------------------------------------------------------------------------
2023-08-27 06:05:58.504 [Info] Clearing instance... (1ms)

--------------------------------------------------------------------------------
2023-08-27 06:05:58.505 [Info] Releasing context lock... (1ms)

--------------------------------------------------------------------------------
2023-08-27 06:05:58.505 [Info] Released. (1ms)

--------------------------------------------------------------------------------
