2023-08-30 05:51:26.232 [Warn] Directory was specified as a plugin directory but does not exist: 'resources\plugins'

--------------------------------------------------------------------------------
2023-08-30 05:51:26.240 [Info] Discovered 0 plugins:


--------------------------------------------------------------------------------
2023-08-30 05:51:27.384 [Info] Connecting to 127.0.0.1:5400...

--------------------------------------------------------------------------------
2023-08-30 05:51:27.966 [Info] Connection approved [00000000-0000-0000-0000-000000000000].

--------------------------------------------------------------------------------
2023-08-30 05:51:28.036 [Debug] approval Time=16821790 Offset=63828954666167 Real=63828971487958

--------------------------------------------------------------------------------
2023-08-30 05:51:28.036 [Debug] local Time=16821790 Offset=63828954666245 Real=63828971488036

--------------------------------------------------------------------------------
2023-08-30 05:51:28.036 [Debug] real delta=77

--------------------------------------------------------------------------------
2023-08-30 05:51:28.036 [Debug] this.Statistics.Ping=0 NCPing=2

--------------------------------------------------------------------------------
2023-08-30 05:51:28.038 [Debug] Connection established to remote [00000000-0000-0000-0000-000000000000/127.0.0.1:5400].

--------------------------------------------------------------------------------
2023-08-30 05:51:28.038 [Info] Connected [00000000-0000-0000-0000-000000000000].

--------------------------------------------------------------------------------
2023-08-30 05:51:31.536 [Warn] 'Me' is null.

--------------------------------------------------------------------------------
2023-08-30 05:51:31.948 [Debug] received epp: 16825321

--------------------------------------------------------------------------------
2023-08-30 05:51:58.026 [Debug] received epp: 16851852

--------------------------------------------------------------------------------
2023-08-30 05:53:38.630 [Debug] received epp: 16952446

--------------------------------------------------------------------------------
2023-08-30 05:53:49.262 [Debug] received epp: 16963070

--------------------------------------------------------------------------------
2023-08-30 05:55:03.814 [Debug] received epp: 17037618

--------------------------------------------------------------------------------
2023-08-30 05:55:41.696 [Debug] received epp: 17075509

--------------------------------------------------------------------------------
2023-08-30 05:56:29.836 [Debug] received epp: 17123648

--------------------------------------------------------------------------------
2023-08-30 05:56:37.722 [Debug] received epp: 17131524

--------------------------------------------------------------------------------
2023-08-30 05:57:16.825 [Debug] received epp: 17170634

--------------------------------------------------------------------------------
2023-08-30 05:58:06.280 [Debug] received epp: 17220102

--------------------------------------------------------------------------------
2023-08-30 05:58:17.663 [Debug] received epp: 17231477

--------------------------------------------------------------------------------
2023-08-30 05:59:18.431 [Debug] received epp: 17292243

--------------------------------------------------------------------------------
2023-08-30 05:59:28.927 [Debug] received epp: 17302742

--------------------------------------------------------------------------------
2023-08-30 05:59:55.565 [Debug] received epp: 17329384

--------------------------------------------------------------------------------
2023-08-30 06:01:35.341 [Debug] received epp: 17429148

--------------------------------------------------------------------------------
2023-08-30 06:07:38.026 [Debug] received epp: 17791836

--------------------------------------------------------------------------------
2023-08-30 06:08:44.510 [Debug] received epp: 17858305

--------------------------------------------------------------------------------
2023-08-30 06:09:32.617 [Debug] received epp: 17906414

--------------------------------------------------------------------------------
2023-08-30 06:10:08.035 [Debug] received epp: 17941853

--------------------------------------------------------------------------------
2023-08-30 06:10:33.956 [Debug] received epp: 17967774

--------------------------------------------------------------------------------
2023-08-30 06:11:03.016 [Debug] received epp: 17996820

--------------------------------------------------------------------------------
2023-08-30 06:11:10.214 [Debug] received epp: 18004008

--------------------------------------------------------------------------------
2023-08-30 06:11:28.873 [Debug] received epp: 18022680

--------------------------------------------------------------------------------
2023-08-30 06:11:46.745 [Debug] received epp: 18040555

--------------------------------------------------------------------------------
2023-08-30 06:12:22.187 [Debug] received epp: 18075993

--------------------------------------------------------------------------------
2023-08-30 06:12:25.815 [Debug] received epp: 18079617

--------------------------------------------------------------------------------
2023-08-30 06:12:50.618 [Debug] received epp: 18104430

--------------------------------------------------------------------------------
2023-08-30 06:13:19.157 [Debug] received epp: 18132978

--------------------------------------------------------------------------------
2023-08-30 06:13:53.936 [Debug] received epp: 18167759

--------------------------------------------------------------------------------
2023-08-30 06:14:05.324 [Debug] received epp: 18179149

--------------------------------------------------------------------------------
2023-08-30 06:14:38.518 [Debug] received epp: 18212336

--------------------------------------------------------------------------------
2023-08-30 06:16:24.840 [Debug] received epp: 18318650

--------------------------------------------------------------------------------
2023-08-30 06:17:18.290 [Debug] received epp: 18372102

--------------------------------------------------------------------------------
2023-08-30 06:18:52.703 [Debug] received epp: 18466524

--------------------------------------------------------------------------------
2023-08-30 06:24:10.033 [Debug] received epp: 18783852

--------------------------------------------------------------------------------
2023-08-30 06:24:37.879 [Debug] received epp: 18811696

--------------------------------------------------------------------------------
2023-08-30 06:24:45.816 [Debug] received epp: 18819634

--------------------------------------------------------------------------------
2023-08-30 06:27:23.025 [Debug] received epp: 18976836

--------------------------------------------------------------------------------
2023-08-30 06:29:11.460 [Debug] received epp: 19085274

--------------------------------------------------------------------------------
2023-08-30 06:29:52.328 [Debug] received epp: 19126146

--------------------------------------------------------------------------------
2023-08-30 06:29:55.532 [Debug] received epp: 19129336

--------------------------------------------------------------------------------
2023-08-30 06:30:51.428 [Debug] received epp: 19185227

--------------------------------------------------------------------------------
2023-08-30 06:31:15.458 [Debug] received epp: 19209275

--------------------------------------------------------------------------------
2023-08-30 06:31:31.617 [Debug] received epp: 19225389

--------------------------------------------------------------------------------
2023-08-30 06:31:36.626 [Debug] received epp: 19230430

--------------------------------------------------------------------------------
2023-08-30 06:34:29.674 [Debug] received epp: 19403461

--------------------------------------------------------------------------------
2023-08-30 06:37:24.873 [Debug] StatusChanged: [NetIncomingMessage #288 22 bytes] [Disconnected]

--------------------------------------------------------------------------------
2023-08-30 06:37:24.874 [Debug] Connection terminated to remote [00000000-0000-0000-0000-000000000000/127.0.0.1:5400].

--------------------------------------------------------------------------------
2023-08-30 06:37:24.874 [Info] Disconnected [00000000-0000-0000-0000-000000000000].

--------------------------------------------------------------------------------
2023-08-30 06:37:24.875 [Info] Connecting to 127.0.0.1:5400...

--------------------------------------------------------------------------------
2023-08-30 06:37:40.016 [Debug] StatusChanged: [NetIncomingMessage #0 63 bytes] [Disconnected]

--------------------------------------------------------------------------------
2023-08-30 06:37:40.016 [Debug] Unknown client disconnected (00-00-00-00-00-00-00-00).

--------------------------------------------------------------------------------
2023-08-30 06:37:40.016 [Info] Disconnected [00000000-0000-0000-0000-000000000000].

--------------------------------------------------------------------------------
2023-08-30 06:37:40.016 [Info] Connecting to 127.0.0.1:5400...

--------------------------------------------------------------------------------
2023-08-30 06:37:52.361 [Info] Connection approved [00000000-0000-0000-0000-000000000000].

--------------------------------------------------------------------------------
2023-08-30 06:37:52.362 [Debug] approval Time=1430 Offset=63828974270886 Real=63828974272317

--------------------------------------------------------------------------------
2023-08-30 06:37:52.362 [Debug] local Time=1430 Offset=63828974270929 Real=63828974272360

--------------------------------------------------------------------------------
2023-08-30 06:37:52.362 [Debug] real delta=42

--------------------------------------------------------------------------------
2023-08-30 06:37:52.362 [Debug] this.Statistics.Ping=0 NCPing=-1000

--------------------------------------------------------------------------------
2023-08-30 06:37:52.362 [Debug] Connection established to remote [00000000-0000-0000-0000-000000000000/127.0.0.1:5400].

--------------------------------------------------------------------------------
2023-08-30 06:37:52.362 [Info] Connected [00000000-0000-0000-0000-000000000000].

--------------------------------------------------------------------------------
2023-08-30 06:38:17.379 [Debug] StatusChanged: [NetIncomingMessage #0 22 bytes] [Disconnected]

--------------------------------------------------------------------------------
2023-08-30 06:38:17.379 [Debug] Connection terminated to remote [00000000-0000-0000-0000-000000000000/127.0.0.1:5400].

--------------------------------------------------------------------------------
2023-08-30 06:38:17.379 [Info] Disconnected [00000000-0000-0000-0000-000000000000].

--------------------------------------------------------------------------------
2023-08-30 06:38:17.380 [Info] Connecting to 127.0.0.1:5400...

--------------------------------------------------------------------------------
2023-08-30 06:38:32.492 [Debug] StatusChanged: [NetIncomingMessage #0 63 bytes] [Disconnected]

--------------------------------------------------------------------------------
2023-08-30 06:38:32.492 [Debug] Unknown client disconnected (00-00-00-00-00-00-00-00).

--------------------------------------------------------------------------------
2023-08-30 06:38:32.492 [Info] Disconnected [00000000-0000-0000-0000-000000000000].

--------------------------------------------------------------------------------
2023-08-30 06:38:32.492 [Info] Connecting to 127.0.0.1:5400...

--------------------------------------------------------------------------------
2023-08-30 06:38:38.316 [Info] User clicked exit button.

--------------------------------------------------------------------------------
2023-08-30 06:38:38.330 [Info] System window closing (due to user interaction most likely).

--------------------------------------------------------------------------------
2023-08-30 06:38:38.330 [Debug] StatusChanged: [NetIncomingMessage #0 10 bytes] [Disconnecting]

--------------------------------------------------------------------------------
2023-08-30 06:38:38.333 [Debug] StatusChanged: [NetIncomingMessage #0 14 bytes] [Disconnected]

--------------------------------------------------------------------------------
2023-08-30 06:38:38.333 [Debug] Unknown client disconnected (00-00-00-00-00-00-00-00).

--------------------------------------------------------------------------------
2023-08-30 06:38:38.333 [Info] Disconnected [00000000-0000-0000-0000-000000000000].

--------------------------------------------------------------------------------
2023-08-30 06:38:38.372 [Info] Acquiring context lock... (0ms)

--------------------------------------------------------------------------------
2023-08-30 06:38:38.372 [Info] Acquired. (0ms)

--------------------------------------------------------------------------------
2023-08-30 06:38:38.373 [Info] Beginning context dispose. (0ms)

--------------------------------------------------------------------------------
2023-08-30 06:38:38.373 [Info] GC.SuppressFinalize (0ms)

--------------------------------------------------------------------------------
2023-08-30 06:38:38.373 [Info] InternalDispose() completed. (0ms)

--------------------------------------------------------------------------------
2023-08-30 06:38:38.373 [Info] Clearing instance... (1ms)

--------------------------------------------------------------------------------
2023-08-30 06:38:38.373 [Info] Releasing context lock... (1ms)

--------------------------------------------------------------------------------
2023-08-30 06:38:38.373 [Info] Released. (1ms)

--------------------------------------------------------------------------------
