2023-08-27 23:22:01.944 [Warn] Directory was specified as a plugin directory but does not exist: 'resources\plugins'

--------------------------------------------------------------------------------
2023-08-27 23:22:01.975 [Info] Discovered 0 plugins:


--------------------------------------------------------------------------------
2023-08-27 23:22:02.919 [Info] Connecting to 127.0.0.1:5400...

--------------------------------------------------------------------------------
2023-08-27 23:22:03.321 [Info] Connection approved [00000000-0000-0000-0000-000000000000].

--------------------------------------------------------------------------------
2023-08-27 23:22:03.368 [Debug] approval Time=3795556 Offset=63828771527744 Real=63828775323301

--------------------------------------------------------------------------------
2023-08-27 23:22:03.368 [Debug] local Time=3795556 Offset=63828771527811 Real=63828775323368

--------------------------------------------------------------------------------
2023-08-27 23:22:03.368 [Debug] real delta=67

--------------------------------------------------------------------------------
2023-08-27 23:22:03.368 [Debug] this.Statistics.Ping=0 NCPing=2

--------------------------------------------------------------------------------
2023-08-27 23:22:03.369 [Debug] Connection established to remote [00000000-0000-0000-0000-000000000000/127.0.0.1:5400].

--------------------------------------------------------------------------------
2023-08-27 23:22:03.370 [Info] Connected [00000000-0000-0000-0000-000000000000].

--------------------------------------------------------------------------------
2023-08-27 23:22:06.821 [Warn] 'Me' is null.

--------------------------------------------------------------------------------
2023-08-27 23:22:07.836 [Debug] received epp: 3799024

--------------------------------------------------------------------------------
2023-08-27 23:22:21.438 [Debug] received epp: 3813681

--------------------------------------------------------------------------------
2023-08-27 23:23:13.027 [Debug] received epp: 3865259

--------------------------------------------------------------------------------
2023-08-27 23:23:36.728 [Debug] received epp: 3888962

--------------------------------------------------------------------------------
