2023-08-30 06:38:37.107 [Info] Connecting to 127.0.0.1:5400...

--------------------------------------------------------------------------------
2023-08-30 06:38:37.815 [Info] Connection approved [00000000-0000-0000-0000-000000000000].

--------------------------------------------------------------------------------
2023-08-30 06:38:37.858 [Debug] approval Time=1106 Offset=63828974316663 Real=63828974317770

--------------------------------------------------------------------------------
2023-08-30 06:38:37.858 [Debug] local Time=1106 Offset=63828974316751 Real=63828974317858

--------------------------------------------------------------------------------
2023-08-30 06:38:37.858 [Debug] real delta=87

--------------------------------------------------------------------------------
2023-08-30 06:38:37.858 [Debug] this.Statistics.Ping=0 NCPing=2

--------------------------------------------------------------------------------
2023-08-30 06:38:37.860 [Debug] Connection established to remote [00000000-0000-0000-0000-000000000000/127.0.0.1:5400].

--------------------------------------------------------------------------------
2023-08-30 06:38:37.860 [Info] Connected [00000000-0000-0000-0000-000000000000].

--------------------------------------------------------------------------------
2023-08-30 06:40:46.587 [Debug] StatusChanged: [NetIncomingMessage #0 10 bytes] [Disconnecting]

--------------------------------------------------------------------------------
2023-08-30 06:40:46.588 [Debug] StatusChanged: [NetIncomingMessage #0 10 bytes] [Disconnected]

--------------------------------------------------------------------------------
2023-08-30 06:40:46.588 [Debug] Connection terminated to remote [00000000-0000-0000-0000-000000000000/127.0.0.1:5400].

--------------------------------------------------------------------------------
2023-08-30 06:40:46.589 [Info] Disconnected [00000000-0000-0000-0000-000000000000].

--------------------------------------------------------------------------------
