2023-08-30 01:17:50.429 [Info] Connecting to 127.0.0.1:5400...

--------------------------------------------------------------------------------
2023-08-30 01:17:50.887 [Info] Connection approved [00000000-0000-0000-0000-000000000000].

--------------------------------------------------------------------------------
2023-08-30 01:17:50.956 [Debug] approval Time=404712 Offset=63828954666167 Real=63828955070880

--------------------------------------------------------------------------------
2023-08-30 01:17:50.957 [Debug] local Time=404712 Offset=63828954666244 Real=63828955070957

--------------------------------------------------------------------------------
2023-08-30 01:17:50.957 [Debug] real delta=77

--------------------------------------------------------------------------------
2023-08-30 01:17:50.957 [Debug] this.Statistics.Ping=0 NCPing=2

--------------------------------------------------------------------------------
2023-08-30 01:17:50.959 [Debug] Connection established to remote [00000000-0000-0000-0000-000000000000/127.0.0.1:5400].

--------------------------------------------------------------------------------
2023-08-30 01:17:50.959 [Info] Connected [00000000-0000-0000-0000-000000000000].

--------------------------------------------------------------------------------
2023-08-30 01:34:47.904 [Debug] StatusChanged: [NetIncomingMessage #0 10 bytes] [Disconnecting]

--------------------------------------------------------------------------------
2023-08-30 01:34:47.909 [Debug] StatusChanged: [NetIncomingMessage #0 10 bytes] [Disconnected]

--------------------------------------------------------------------------------
2023-08-30 01:34:47.909 [Debug] Connection terminated to remote [00000000-0000-0000-0000-000000000000/127.0.0.1:5400].

--------------------------------------------------------------------------------
2023-08-30 01:34:47.910 [Info] Disconnected [00000000-0000-0000-0000-000000000000].

--------------------------------------------------------------------------------
